18-Apr-2023 18:31:17.058 INFO [main] org.apache.catalina.startup.VersionLoggerListener.log Nombre de la versión del servidor: Apache Tomcat/9.0.60
18-Apr-2023 18:31:17.062 INFO [main] org.apache.catalina.startup.VersionLoggerListener.log Server built:                      Mar 9 2022 14:52:25 UTC
18-Apr-2023 18:31:17.062 INFO [main] org.apache.catalina.startup.VersionLoggerListener.log Número de versión de servidor:     9.0.60.0
18-Apr-2023 18:31:17.062 INFO [main] org.apache.catalina.startup.VersionLoggerListener.log OS Name:                           Windows 11
18-Apr-2023 18:31:17.062 INFO [main] org.apache.catalina.startup.VersionLoggerListener.log Versión de Systema Operativo:      10.0
18-Apr-2023 18:31:17.062 INFO [main] org.apache.catalina.startup.VersionLoggerListener.log Arquitectura:                      amd64
18-Apr-2023 18:31:17.062 INFO [main] org.apache.catalina.startup.VersionLoggerListener.log Java Home:                         C:\Program Files\Java\jdk-17.0.2
18-Apr-2023 18:31:17.062 INFO [main] org.apache.catalina.startup.VersionLoggerListener.log JVM Version:                       17.0.2+8-LTS-86
18-Apr-2023 18:31:17.063 INFO [main] org.apache.catalina.startup.VersionLoggerListener.log Vededor JVM:                       Oracle Corporation
18-Apr-2023 18:31:17.063 INFO [main] org.apache.catalina.startup.VersionLoggerListener.log CATALINA_BASE:                     J:\Universidad\Proyecto\ASaber\apache-tomcat-9.0.60
18-Apr-2023 18:31:17.063 INFO [main] org.apache.catalina.startup.VersionLoggerListener.log CATALINA_HOME:                     J:\Universidad\Proyecto\ASaber\apache-tomcat-9.0.60
18-Apr-2023 18:31:17.074 INFO [main] org.apache.catalina.startup.VersionLoggerListener.log Command line argument:             --add-opens=java.base/java.lang=ALL-UNNAMED
18-Apr-2023 18:31:17.074 INFO [main] org.apache.catalina.startup.VersionLoggerListener.log Command line argument:             --add-opens=java.base/java.io=ALL-UNNAMED
18-Apr-2023 18:31:17.074 INFO [main] org.apache.catalina.startup.VersionLoggerListener.log Command line argument:             --add-opens=java.base/java.util=ALL-UNNAMED
18-Apr-2023 18:31:17.074 INFO [main] org.apache.catalina.startup.VersionLoggerListener.log Command line argument:             --add-opens=java.base/java.util.concurrent=ALL-UNNAMED
18-Apr-2023 18:31:17.074 INFO [main] org.apache.catalina.startup.VersionLoggerListener.log Command line argument:             --add-opens=java.rmi/sun.rmi.transport=ALL-UNNAMED
18-Apr-2023 18:31:17.074 INFO [main] org.apache.catalina.startup.VersionLoggerListener.log Command line argument:             -Djava.util.logging.config.file=J:\Universidad\Proyecto\ASaber\apache-tomcat-9.0.60\conf\logging.properties
18-Apr-2023 18:31:17.075 INFO [main] org.apache.catalina.startup.VersionLoggerListener.log Command line argument:             -Djava.util.logging.manager=org.apache.juli.ClassLoaderLogManager
18-Apr-2023 18:31:17.075 INFO [main] org.apache.catalina.startup.VersionLoggerListener.log Command line argument:             -Dhttp.nonProxyHosts=localhost|127.0.0.1|DESKTOP-4M9M9EI
18-Apr-2023 18:31:17.075 INFO [main] org.apache.catalina.startup.VersionLoggerListener.log Command line argument:             -Djdk.tls.ephemeralDHKeySize=2048
18-Apr-2023 18:31:17.075 INFO [main] org.apache.catalina.startup.VersionLoggerListener.log Command line argument:             -Djava.protocol.handler.pkgs=org.apache.catalina.webresources
18-Apr-2023 18:31:17.075 INFO [main] org.apache.catalina.startup.VersionLoggerListener.log Command line argument:             -Dignore.endorsed.dirs=
18-Apr-2023 18:31:17.075 INFO [main] org.apache.catalina.startup.VersionLoggerListener.log Command line argument:             -Dcatalina.base=J:\Universidad\Proyecto\ASaber\apache-tomcat-9.0.60
18-Apr-2023 18:31:17.075 INFO [main] org.apache.catalina.startup.VersionLoggerListener.log Command line argument:             -Dcatalina.home=J:\Universidad\Proyecto\ASaber\apache-tomcat-9.0.60
18-Apr-2023 18:31:17.075 INFO [main] org.apache.catalina.startup.VersionLoggerListener.log Command line argument:             -Djava.io.tmpdir=J:\Universidad\Proyecto\ASaber\apache-tomcat-9.0.60\temp
18-Apr-2023 18:31:17.149 INFO [main] org.apache.catalina.core.AprLifecycleListener.lifecycleEvent Cargada la biblioteca nativa APR de Apache Tomcat [1.2.31] con la versión APR [1.7.0].
18-Apr-2023 18:31:17.149 INFO [main] org.apache.catalina.core.AprLifecycleListener.lifecycleEvent Capacidades APR: IPv6 [true], enviar fichero [true], aceptar filtros [false], aleatorio [true], UDS [true].
18-Apr-2023 18:31:17.149 INFO [main] org.apache.catalina.core.AprLifecycleListener.lifecycleEvent APR/OpenSSL configuration: useAprConnector [false], useOpenSSL [true]
18-Apr-2023 18:31:17.158 INFO [main] org.apache.catalina.core.AprLifecycleListener.initializeSSL OpenSSL inicializado correctamente [OpenSSL 1.1.1l  24 Aug 2021]
18-Apr-2023 18:31:17.508 INFO [main] org.apache.coyote.AbstractProtocol.init Inicializando el manejador de protocolo ["http-nio-8080"]

18-Apr-2023 18:31:17.539 INFO [main] org.apache.catalina.startup.Catalina.load Server initialization in [678] milliseconds
18-Apr-2023 18:31:17.602 INFO [main] org.apache.catalina.core.StandardService.startInternal Arrancando servicio [Catalina]
18-Apr-2023 18:31:17.602 INFO [main] org.apache.catalina.core.StandardEngine.startInternal Starting Servlet engine: [Apache Tomcat/9.0.60]
18-Apr-2023 18:31:17.613 INFO [main] org.apache.catalina.startup.HostConfig.deployDescriptor Desplieque del descriptor de configuración [J:\Universidad\Proyecto\ASaber\apache-tomcat-9.0.60\conf\Catalina\localhost\ASaber.xml]
18-Apr-2023 18:31:17.636 WARNING [main] org.apache.catalina.startup.HostConfig.deployDescriptor The path attribute with value [/ASaber] in deployment descriptor [J:\Universidad\Proyecto\ASaber\apache-tomcat-9.0.60\conf\Catalina\localhost\ASaber.xml] has been ignored
18-Apr-2023 18:31:18.837 INFO [main] org.apache.jasper.servlet.TldScanner.scanJars Al menos un JAR, que se ha explorado buscando TLDs, aún no contenía TLDs. Activar historial de depuración para este historiador para una completa lista de los JARs que fueron explorados y de los que nos se halló TLDs. Saltarse JARs no necesarios durante la exploración puede dar lugar a una mejora de tiempo significativa en el arranque y compilación de JSP .
18-Apr-2023 18:31:18.936 INFO [main] org.apache.catalina.startup.HostConfig.deployDescriptor Deployment of deployment descriptor [J:\Universidad\Proyecto\ASaber\apache-tomcat-9.0.60\conf\Catalina\localhost\ASaber.xml] has finished in [1.321] ms
18-Apr-2023 18:31:18.937 INFO [main] org.apache.catalina.startup.HostConfig.deployDescriptor Desplieque del descriptor de configuración [J:\Universidad\Proyecto\ASaber\apache-tomcat-9.0.60\conf\Catalina\localhost\ProyectoIntegrador.xml]
18-Apr-2023 18:31:18.938 WARNING [main] org.apache.catalina.startup.HostConfig.deployDescriptor The path attribute with value [/ProyectoIntegrador] in deployment descriptor [J:\Universidad\Proyecto\ASaber\apache-tomcat-9.0.60\conf\Catalina\localhost\ProyectoIntegrador.xml] has been ignored
18-Apr-2023 18:31:19.814 INFO [main] org.apache.jasper.servlet.TldScanner.scanJars Al menos un JAR, que se ha explorado buscando TLDs, aún no contenía TLDs. Activar historial de depuración para este historiador para una completa lista de los JARs que fueron explorados y de los que nos se halló TLDs. Saltarse JARs no necesarios durante la exploración puede dar lugar a una mejora de tiempo significativa en el arranque y compilación de JSP .
18-Apr-2023 18:31:19.819 INFO [main] org.apache.catalina.startup.HostConfig.deployDescriptor Deployment of deployment descriptor [J:\Universidad\Proyecto\ASaber\apache-tomcat-9.0.60\conf\Catalina\localhost\ProyectoIntegrador.xml] has finished in [882] ms
18-Apr-2023 18:31:19.819 INFO [main] org.apache.catalina.startup.HostConfig.deployDescriptor Desplieque del descriptor de configuración [J:\Universidad\Proyecto\ASaber\apache-tomcat-9.0.60\conf\Catalina\localhost\ProyectoMIPE.xml]
18-Apr-2023 18:31:19.820 WARNING [main] org.apache.catalina.startup.HostConfig.deployDescriptor The path attribute with value [/ProyectoMIPE] in deployment descriptor [J:\Universidad\Proyecto\ASaber\apache-tomcat-9.0.60\conf\Catalina\localhost\ProyectoMIPE.xml] has been ignored
18-Apr-2023 18:31:19.988 WARNING [main] org.apache.tomcat.util.digester.SetPropertiesRule.begin Match [Context] failed to set property [antiJARLocking] to [true]
18-Apr-2023 18:31:20.183 INFO [main] org.apache.catalina.startup.HostConfig.deployDescriptor Deployment of deployment descriptor [J:\Universidad\Proyecto\ASaber\apache-tomcat-9.0.60\conf\Catalina\localhost\ProyectoMIPE.xml] has finished in [364] ms
18-Apr-2023 18:31:20.184 INFO [main] org.apache.catalina.startup.HostConfig.deployDescriptor Desplieque del descriptor de configuración [J:\Universidad\Proyecto\ASaber\apache-tomcat-9.0.60\conf\Catalina\localhost\proyectoPlataforma.xml]
18-Apr-2023 18:31:20.185 WARNING [main] org.apache.catalina.startup.HostConfig.deployDescriptor The path attribute with value [/proyectoPlataforma] in deployment descriptor [J:\Universidad\Proyecto\ASaber\apache-tomcat-9.0.60\conf\Catalina\localhost\proyectoPlataforma.xml] has been ignored
18-Apr-2023 18:31:20.187 WARNING [main] org.apache.tomcat.util.digester.SetPropertiesRule.begin Match [Context] failed to set property [antiJARLocking] to [true]
18-Apr-2023 18:31:20.189 SEVERE [main] org.apache.catalina.startup.HostConfig.deployDescriptor Error durante el despliegue del descriptor de configuración [J:\Universidad\Proyecto\ASaber\apache-tomcat-9.0.60\conf\Catalina\localhost\proyectoPlataforma.xml]
	java.lang.IllegalStateException: Error starting child
		at org.apache.catalina.core.ContainerBase.addChildInternal(ContainerBase.java:729)
		at org.apache.catalina.core.ContainerBase.addChild(ContainerBase.java:698)
		at org.apache.catalina.core.StandardHost.addChild(StandardHost.java:696)
		at org.apache.catalina.startup.HostConfig.deployDescriptor(HostConfig.java:690)
		at org.apache.catalina.startup.HostConfig$DeployDescriptor.run(HostConfig.java:1889)
		at java.base/java.util.concurrent.Executors$RunnableAdapter.call(Executors.java:539)
		at java.base/java.util.concurrent.FutureTask.run(FutureTask.java:264)
		at org.apache.tomcat.util.threads.InlineExecutorService.execute(InlineExecutorService.java:75)
		at java.base/java.util.concurrent.AbstractExecutorService.submit(AbstractExecutorService.java:123)
		at org.apache.catalina.startup.HostConfig.deployDescriptors(HostConfig.java:583)
		at org.apache.catalina.startup.HostConfig.deployApps(HostConfig.java:473)
		at org.apache.catalina.startup.HostConfig.start(HostConfig.java:1618)
		at org.apache.catalina.startup.HostConfig.lifecycleEvent(HostConfig.java:319)
		at org.apache.catalina.util.LifecycleBase.fireLifecycleEvent(LifecycleBase.java:123)
		at org.apache.catalina.util.LifecycleBase.setStateInternal(LifecycleBase.java:423)
		at org.apache.catalina.util.LifecycleBase.setState(LifecycleBase.java:366)
		at org.apache.catalina.core.ContainerBase.startInternal(ContainerBase.java:946)
		at org.apache.catalina.core.StandardHost.startInternal(StandardHost.java:835)
		at org.apache.catalina.util.LifecycleBase.start(LifecycleBase.java:183)
		at org.apache.catalina.core.ContainerBase$StartChild.call(ContainerBase.java:1396)
		at org.apache.catalina.core.ContainerBase$StartChild.call(ContainerBase.java:1386)
		at java.base/java.util.concurrent.FutureTask.run(FutureTask.java:264)
		at org.apache.tomcat.util.threads.InlineExecutorService.execute(InlineExecutorService.java:75)
		at java.base/java.util.concurrent.AbstractExecutorService.submit(AbstractExecutorService.java:145)
		at org.apache.catalina.core.ContainerBase.startInternal(ContainerBase.java:919)
		at org.apache.catalina.core.StandardEngine.startInternal(StandardEngine.java:263)
		at org.apache.catalina.util.LifecycleBase.start(LifecycleBase.java:183)
		at org.apache.catalina.core.StandardService.startInternal(StandardService.java:432)
		at org.apache.catalina.util.LifecycleBase.start(LifecycleBase.java:183)
		at org.apache.catalina.core.StandardServer.startInternal(StandardServer.java:927)
		at org.apache.catalina.util.LifecycleBase.start(LifecycleBase.java:183)
		at org.apache.catalina.startup.Catalina.start(Catalina.java:772)
		at java.base/jdk.internal.reflect.NativeMethodAccessorImpl.invoke0(Native Method)
		at java.base/jdk.internal.reflect.NativeMethodAccessorImpl.invoke(NativeMethodAccessorImpl.java:77)
		at java.base/jdk.internal.reflect.DelegatingMethodAccessorImpl.invoke(DelegatingMethodAccessorImpl.java:43)
		at java.base/java.lang.reflect.Method.invoke(Method.java:568)
		at org.apache.catalina.startup.Bootstrap.start(Bootstrap.java:345)
		at org.apache.catalina.startup.Bootstrap.main(Bootstrap.java:476)
	Caused by: org.apache.catalina.LifecycleException: Failed to start component [org.apache.catalina.webresources.StandardRoot@43ed0ff3]
		at org.apache.catalina.util.LifecycleBase.handleSubClassException(LifecycleBase.java:440)
		at org.apache.catalina.util.LifecycleBase.start(LifecycleBase.java:198)
		at org.apache.catalina.core.StandardContext.resourcesStart(StandardContext.java:4885)
		at org.apache.catalina.core.StandardContext.startInternal(StandardContext.java:5023)
		at org.apache.catalina.util.LifecycleBase.start(LifecycleBase.java:183)
		at org.apache.catalina.core.ContainerBase.addChildInternal(ContainerBase.java:726)
		... 37 more
	Caused by: java.lang.IllegalArgumentException: The main resource set specified [C:\Users\NITRO\Downloads\proyectoPlataforma-master\proyectoPlataforma-master\build\web] is not valid
		at org.apache.catalina.webresources.StandardRoot.createMainResourceSet(StandardRoot.java:762)
		at org.apache.catalina.webresources.StandardRoot.startInternal(StandardRoot.java:719)
		at org.apache.catalina.util.LifecycleBase.start(LifecycleBase.java:183)
		... 41 more
18-Apr-2023 18:31:20.220 INFO [main] org.apache.catalina.startup.HostConfig.deployDescriptor Deployment of deployment descriptor [J:\Universidad\Proyecto\ASaber\apache-tomcat-9.0.60\conf\Catalina\localhost\proyectoPlataforma.xml] has finished in [36] ms
18-Apr-2023 18:31:20.220 INFO [main] org.apache.catalina.startup.HostConfig.deployDescriptor Desplieque del descriptor de configuración [J:\Universidad\Proyecto\ASaber\apache-tomcat-9.0.60\conf\Catalina\localhost\ProyectoSigie.xml]
18-Apr-2023 18:31:20.222 WARNING [main] org.apache.catalina.startup.HostConfig.deployDescriptor The path attribute with value [/ProyectoSigie] in deployment descriptor [J:\Universidad\Proyecto\ASaber\apache-tomcat-9.0.60\conf\Catalina\localhost\ProyectoSigie.xml] has been ignored
18-Apr-2023 18:31:20.293 WARNING [main] org.apache.tomcat.util.digester.SetPropertiesRule.begin Match [Context] failed to set property [antiJARLocking] to [true]
18-Apr-2023 18:31:20.808 INFO [main] org.apache.jasper.servlet.TldScanner.scanJars Al menos un JAR, que se ha explorado buscando TLDs, aún no contenía TLDs. Activar historial de depuración para este historiador para una completa lista de los JARs que fueron explorados y de los que nos se halló TLDs. Saltarse JARs no necesarios durante la exploración puede dar lugar a una mejora de tiempo significativa en el arranque y compilación de JSP .
18-Apr-2023 18:31:20.813 INFO [main] org.apache.catalina.startup.HostConfig.deployDescriptor Deployment of deployment descriptor [J:\Universidad\Proyecto\ASaber\apache-tomcat-9.0.60\conf\Catalina\localhost\ProyectoSigie.xml] has finished in [593] ms
18-Apr-2023 18:31:20.813 INFO [main] org.apache.catalina.startup.HostConfig.deployDescriptor Desplieque del descriptor de configuración [J:\Universidad\Proyecto\ASaber\apache-tomcat-9.0.60\conf\Catalina\localhost\Sigie2.0.xml]
18-Apr-2023 18:31:20.814 WARNING [main] org.apache.catalina.startup.HostConfig.deployDescriptor The path attribute with value [/Sigie2.0] in deployment descriptor [J:\Universidad\Proyecto\ASaber\apache-tomcat-9.0.60\conf\Catalina\localhost\Sigie2.0.xml] has been ignored
18-Apr-2023 18:31:20.819 SEVERE [main] org.apache.catalina.startup.HostConfig.deployDescriptor Error durante el despliegue del descriptor de configuración [J:\Universidad\Proyecto\ASaber\apache-tomcat-9.0.60\conf\Catalina\localhost\Sigie2.0.xml]
	java.lang.IllegalStateException: Error starting child
		at org.apache.catalina.core.ContainerBase.addChildInternal(ContainerBase.java:729)
		at org.apache.catalina.core.ContainerBase.addChild(ContainerBase.java:698)
		at org.apache.catalina.core.StandardHost.addChild(StandardHost.java:696)
		at org.apache.catalina.startup.HostConfig.deployDescriptor(HostConfig.java:690)
		at org.apache.catalina.startup.HostConfig$DeployDescriptor.run(HostConfig.java:1889)
		at java.base/java.util.concurrent.Executors$RunnableAdapter.call(Executors.java:539)
		at java.base/java.util.concurrent.FutureTask.run(FutureTask.java:264)
		at org.apache.tomcat.util.threads.InlineExecutorService.execute(InlineExecutorService.java:75)
		at java.base/java.util.concurrent.AbstractExecutorService.submit(AbstractExecutorService.java:123)
		at org.apache.catalina.startup.HostConfig.deployDescriptors(HostConfig.java:583)
		at org.apache.catalina.startup.HostConfig.deployApps(HostConfig.java:473)
		at org.apache.catalina.startup.HostConfig.start(HostConfig.java:1618)
		at org.apache.catalina.startup.HostConfig.lifecycleEvent(HostConfig.java:319)
		at org.apache.catalina.util.LifecycleBase.fireLifecycleEvent(LifecycleBase.java:123)
		at org.apache.catalina.util.LifecycleBase.setStateInternal(LifecycleBase.java:423)
		at org.apache.catalina.util.LifecycleBase.setState(LifecycleBase.java:366)
		at org.apache.catalina.core.ContainerBase.startInternal(ContainerBase.java:946)
		at org.apache.catalina.core.StandardHost.startInternal(StandardHost.java:835)
		at org.apache.catalina.util.LifecycleBase.start(LifecycleBase.java:183)
		at org.apache.catalina.core.ContainerBase$StartChild.call(ContainerBase.java:1396)
		at org.apache.catalina.core.ContainerBase$StartChild.call(ContainerBase.java:1386)
		at java.base/java.util.concurrent.FutureTask.run(FutureTask.java:264)
		at org.apache.tomcat.util.threads.InlineExecutorService.execute(InlineExecutorService.java:75)
		at java.base/java.util.concurrent.AbstractExecutorService.submit(AbstractExecutorService.java:145)
		at org.apache.catalina.core.ContainerBase.startInternal(ContainerBase.java:919)
		at org.apache.catalina.core.StandardEngine.startInternal(StandardEngine.java:263)
		at org.apache.catalina.util.LifecycleBase.start(LifecycleBase.java:183)
		at org.apache.catalina.core.StandardService.startInternal(StandardService.java:432)
		at org.apache.catalina.util.LifecycleBase.start(LifecycleBase.java:183)
		at org.apache.catalina.core.StandardServer.startInternal(StandardServer.java:927)
		at org.apache.catalina.util.LifecycleBase.start(LifecycleBase.java:183)
		at org.apache.catalina.startup.Catalina.start(Catalina.java:772)
		at java.base/jdk.internal.reflect.NativeMethodAccessorImpl.invoke0(Native Method)
		at java.base/jdk.internal.reflect.NativeMethodAccessorImpl.invoke(NativeMethodAccessorImpl.java:77)
		at java.base/jdk.internal.reflect.DelegatingMethodAccessorImpl.invoke(DelegatingMethodAccessorImpl.java:43)
		at java.base/java.lang.reflect.Method.invoke(Method.java:568)
		at org.apache.catalina.startup.Bootstrap.start(Bootstrap.java:345)
		at org.apache.catalina.startup.Bootstrap.main(Bootstrap.java:476)
	Caused by: org.apache.catalina.LifecycleException: Failed to start component [org.apache.catalina.webresources.StandardRoot@4beddc56]
		at org.apache.catalina.util.LifecycleBase.handleSubClassException(LifecycleBase.java:440)
		at org.apache.catalina.util.LifecycleBase.start(LifecycleBase.java:198)
		at org.apache.catalina.core.StandardContext.resourcesStart(StandardContext.java:4885)
		at org.apache.catalina.core.StandardContext.startInternal(StandardContext.java:5023)
		at org.apache.catalina.util.LifecycleBase.start(LifecycleBase.java:183)
		at org.apache.catalina.core.ContainerBase.addChildInternal(ContainerBase.java:726)
		... 37 more
	Caused by: java.lang.IllegalArgumentException: The main resource set specified [C:\Users\NITRO\Downloads\04-03-2016\Sigie_2.0\Sigie_2.0\build\web] is not valid
		at org.apache.catalina.webresources.StandardRoot.createMainResourceSet(StandardRoot.java:762)
		at org.apache.catalina.webresources.StandardRoot.startInternal(StandardRoot.java:719)
		at org.apache.catalina.util.LifecycleBase.start(LifecycleBase.java:183)
		... 41 more
18-Apr-2023 18:31:20.874 INFO [main] org.apache.catalina.startup.HostConfig.deployDescriptor Deployment of deployment descriptor [J:\Universidad\Proyecto\ASaber\apache-tomcat-9.0.60\conf\Catalina\localhost\Sigie2.0.xml] has finished in [60] ms
18-Apr-2023 18:31:20.874 INFO [main] org.apache.catalina.startup.HostConfig.deployDescriptor Desplieque del descriptor de configuración [J:\Universidad\Proyecto\ASaber\apache-tomcat-9.0.60\conf\Catalina\localhost\WebApplication1.xml]
18-Apr-2023 18:31:20.875 WARNING [main] org.apache.catalina.startup.HostConfig.deployDescriptor The path attribute with value [/WebApplication1] in deployment descriptor [J:\Universidad\Proyecto\ASaber\apache-tomcat-9.0.60\conf\Catalina\localhost\WebApplication1.xml] has been ignored
18-Apr-2023 18:31:20.880 SEVERE [main] org.apache.catalina.startup.HostConfig.deployDescriptor Error durante el despliegue del descriptor de configuración [J:\Universidad\Proyecto\ASaber\apache-tomcat-9.0.60\conf\Catalina\localhost\WebApplication1.xml]
	java.lang.IllegalStateException: Error starting child
		at org.apache.catalina.core.ContainerBase.addChildInternal(ContainerBase.java:729)
		at org.apache.catalina.core.ContainerBase.addChild(ContainerBase.java:698)
		at org.apache.catalina.core.StandardHost.addChild(StandardHost.java:696)
		at org.apache.catalina.startup.HostConfig.deployDescriptor(HostConfig.java:690)
		at org.apache.catalina.startup.HostConfig$DeployDescriptor.run(HostConfig.java:1889)
		at java.base/java.util.concurrent.Executors$RunnableAdapter.call(Executors.java:539)
		at java.base/java.util.concurrent.FutureTask.run(FutureTask.java:264)
		at org.apache.tomcat.util.threads.InlineExecutorService.execute(InlineExecutorService.java:75)
		at java.base/java.util.concurrent.AbstractExecutorService.submit(AbstractExecutorService.java:123)
		at org.apache.catalina.startup.HostConfig.deployDescriptors(HostConfig.java:583)
		at org.apache.catalina.startup.HostConfig.deployApps(HostConfig.java:473)
		at org.apache.catalina.startup.HostConfig.start(HostConfig.java:1618)
		at org.apache.catalina.startup.HostConfig.lifecycleEvent(HostConfig.java:319)
		at org.apache.catalina.util.LifecycleBase.fireLifecycleEvent(LifecycleBase.java:123)
		at org.apache.catalina.util.LifecycleBase.setStateInternal(LifecycleBase.java:423)
		at org.apache.catalina.util.LifecycleBase.setState(LifecycleBase.java:366)
		at org.apache.catalina.core.ContainerBase.startInternal(ContainerBase.java:946)
		at org.apache.catalina.core.StandardHost.startInternal(StandardHost.java:835)
		at org.apache.catalina.util.LifecycleBase.start(LifecycleBase.java:183)
		at org.apache.catalina.core.ContainerBase$StartChild.call(ContainerBase.java:1396)
		at org.apache.catalina.core.ContainerBase$StartChild.call(ContainerBase.java:1386)
		at java.base/java.util.concurrent.FutureTask.run(FutureTask.java:264)
		at org.apache.tomcat.util.threads.InlineExecutorService.execute(InlineExecutorService.java:75)
		at java.base/java.util.concurrent.AbstractExecutorService.submit(AbstractExecutorService.java:145)
		at org.apache.catalina.core.ContainerBase.startInternal(ContainerBase.java:919)
		at org.apache.catalina.core.StandardEngine.startInternal(StandardEngine.java:263)
		at org.apache.catalina.util.LifecycleBase.start(LifecycleBase.java:183)
		at org.apache.catalina.core.StandardService.startInternal(StandardService.java:432)
		at org.apache.catalina.util.LifecycleBase.start(LifecycleBase.java:183)
		at org.apache.catalina.core.StandardServer.startInternal(StandardServer.java:927)
		at org.apache.catalina.util.LifecycleBase.start(LifecycleBase.java:183)
		at org.apache.catalina.startup.Catalina.start(Catalina.java:772)
		at java.base/jdk.internal.reflect.NativeMethodAccessorImpl.invoke0(Native Method)
		at java.base/jdk.internal.reflect.NativeMethodAccessorImpl.invoke(NativeMethodAccessorImpl.java:77)
		at java.base/jdk.internal.reflect.DelegatingMethodAccessorImpl.invoke(DelegatingMethodAccessorImpl.java:43)
		at java.base/java.lang.reflect.Method.invoke(Method.java:568)
		at org.apache.catalina.startup.Bootstrap.start(Bootstrap.java:345)
		at org.apache.catalina.startup.Bootstrap.main(Bootstrap.java:476)
	Caused by: org.apache.catalina.LifecycleException: Failed to start component [org.apache.catalina.webresources.StandardRoot@7882c44a]
		at org.apache.catalina.util.LifecycleBase.handleSubClassException(LifecycleBase.java:440)
		at org.apache.catalina.util.LifecycleBase.start(LifecycleBase.java:198)
		at org.apache.catalina.core.StandardContext.resourcesStart(StandardContext.java:4885)
		at org.apache.catalina.core.StandardContext.startInternal(StandardContext.java:5023)
		at org.apache.catalina.util.LifecycleBase.start(LifecycleBase.java:183)
		at org.apache.catalina.core.ContainerBase.addChildInternal(ContainerBase.java:726)
		... 37 more
	Caused by: java.lang.IllegalArgumentException: The main resource set specified [J:\Universidad\Semestre 6\PROYECTO INTEGRADOR\ProyectoIntegrador\PI6\WebApplication1\build\web] is not valid
		at org.apache.catalina.webresources.StandardRoot.createMainResourceSet(StandardRoot.java:762)
		at org.apache.catalina.webresources.StandardRoot.startInternal(StandardRoot.java:719)
		at org.apache.catalina.util.LifecycleBase.start(LifecycleBase.java:183)
		... 41 more
18-Apr-2023 18:31:20.942 INFO [main] org.apache.catalina.startup.HostConfig.deployDescriptor Deployment of deployment descriptor [J:\Universidad\Proyecto\ASaber\apache-tomcat-9.0.60\conf\Catalina\localhost\WebApplication1.xml] has finished in [67] ms
18-Apr-2023 18:31:20.943 INFO [main] org.apache.catalina.startup.HostConfig.deployDirectory Desplegando el directorio [J:\Universidad\Proyecto\ASaber\apache-tomcat-9.0.60\webapps\docs] de la aplicación web
18-Apr-2023 18:31:20.981 INFO [main] org.apache.catalina.startup.HostConfig.deployDirectory Deployment of web application directory [J:\Universidad\Proyecto\ASaber\apache-tomcat-9.0.60\webapps\docs] has finished in [37] ms
18-Apr-2023 18:31:20.981 INFO [main] org.apache.catalina.startup.HostConfig.deployDirectory Desplegando el directorio [J:\Universidad\Proyecto\ASaber\apache-tomcat-9.0.60\webapps\examples] de la aplicación web
18-Apr-2023 18:31:21.286 INFO [main] org.apache.catalina.startup.HostConfig.deployDirectory Deployment of web application directory [J:\Universidad\Proyecto\ASaber\apache-tomcat-9.0.60\webapps\examples] has finished in [305] ms
18-Apr-2023 18:31:21.287 INFO [main] org.apache.catalina.startup.HostConfig.deployDirectory Desplegando el directorio [J:\Universidad\Proyecto\ASaber\apache-tomcat-9.0.60\webapps\host-manager] de la aplicación web
18-Apr-2023 18:31:21.325 INFO [main] org.apache.catalina.startup.HostConfig.deployDirectory Deployment of web application directory [J:\Universidad\Proyecto\ASaber\apache-tomcat-9.0.60\webapps\host-manager] has finished in [37] ms
18-Apr-2023 18:31:21.325 INFO [main] org.apache.catalina.startup.HostConfig.deployDirectory Desplegando el directorio [J:\Universidad\Proyecto\ASaber\apache-tomcat-9.0.60\webapps\manager] de la aplicación web
18-Apr-2023 18:31:21.370 INFO [main] org.apache.catalina.startup.HostConfig.deployDirectory Deployment of web application directory [J:\Universidad\Proyecto\ASaber\apache-tomcat-9.0.60\webapps\manager] has finished in [44] ms
18-Apr-2023 18:31:21.370 INFO [main] org.apache.catalina.startup.HostConfig.deployDirectory Desplegando el directorio [J:\Universidad\Proyecto\ASaber\apache-tomcat-9.0.60\webapps\ROOT] de la aplicación web
18-Apr-2023 18:31:21.400 INFO [main] org.apache.catalina.startup.HostConfig.deployDirectory Deployment of web application directory [J:\Universidad\Proyecto\ASaber\apache-tomcat-9.0.60\webapps\ROOT] has finished in [30] ms
18-Apr-2023 18:31:21.405 INFO [main] org.apache.coyote.AbstractProtocol.start Starting ProtocolHandler ["http-nio-8080"]
18-Apr-2023 18:31:21.460 INFO [main] org.apache.catalina.startup.Catalina.start Server startup in [3920] milliseconds
18-Apr-2023 18:32:18.098 WARNING [http-nio-8080-exec-9] org.apache.catalina.loader.WebappClassLoaderBase.clearReferencesJdbc La aplicación web [ASaber] registró el conductor JDBC [com.mysql.jdbc.Driver] pero falló al anular el registro mientras la aplicación web estaba parada. Para prevenir un fallo de memoria, se ha anulado el registro del conductor JDBC por la fuerza.
18-Apr-2023 18:32:18.098 WARNING [http-nio-8080-exec-9] org.apache.catalina.loader.WebappClassLoaderBase.clearReferencesThreads The web application [ASaber] appears to have started a thread named [MySQL Statement Cancellation Timer] but has failed to stop it. This is very likely to create a memory leak. Stack trace of thread:
 java.base@17.0.2/java.lang.Object.wait(Native Method)
 java.base@17.0.2/java.lang.Object.wait(Object.java:338)
 java.base@17.0.2/java.util.TimerThread.mainLoop(Timer.java:537)
 java.base@17.0.2/java.util.TimerThread.run(Timer.java:516)
18-Apr-2023 18:32:18.618 INFO [http-nio-8080-exec-9] org.apache.catalina.startup.HostConfig.undeploy Repliegue (undeploy) de la aplicación web que tiene como trayectoria de contexto [/ASaber]
18-Apr-2023 18:32:25.104 INFO [main] org.apache.catalina.core.StandardServer.await Se ha recibido un comando de apagado a través del puerto de apagado. Parando la instancia del Servidor.
18-Apr-2023 18:32:25.105 INFO [main] org.apache.coyote.AbstractProtocol.pause Pausing ProtocolHandler ["http-nio-8080"]
18-Apr-2023 18:32:25.113 INFO [main] org.apache.catalina.core.StandardService.stopInternal Parando servicio [Catalina]
18-Apr-2023 18:32:25.125 INFO [main] org.apache.coyote.AbstractProtocol.stop Stopping ProtocolHandler ["http-nio-8080"]
18-Apr-2023 18:32:25.147 INFO [main] org.apache.coyote.AbstractProtocol.destroy Destroying ProtocolHandler ["http-nio-8080"]
18-Apr-2023 18:32:28.325 INFO [main] org.apache.catalina.startup.VersionLoggerListener.log Nombre de la versión del servidor: Apache Tomcat/9.0.60
18-Apr-2023 18:32:28.328 INFO [main] org.apache.catalina.startup.VersionLoggerListener.log Server built:                      Mar 9 2022 14:52:25 UTC
18-Apr-2023 18:32:28.328 INFO [main] org.apache.catalina.startup.VersionLoggerListener.log Número de versión de servidor:     9.0.60.0
18-Apr-2023 18:32:28.328 INFO [main] org.apache.catalina.startup.VersionLoggerListener.log OS Name:                           Windows 11
18-Apr-2023 18:32:28.328 INFO [main] org.apache.catalina.startup.VersionLoggerListener.log Versión de Systema Operativo:      10.0
18-Apr-2023 18:32:28.329 INFO [main] org.apache.catalina.startup.VersionLoggerListener.log Arquitectura:                      amd64
18-Apr-2023 18:32:28.329 INFO [main] org.apache.catalina.startup.VersionLoggerListener.log Java Home:                         C:\Program Files\Java\jdk-17.0.2
18-Apr-2023 18:32:28.329 INFO [main] org.apache.catalina.startup.VersionLoggerListener.log JVM Version:                       17.0.2+8-LTS-86
18-Apr-2023 18:32:28.329 INFO [main] org.apache.catalina.startup.VersionLoggerListener.log Vededor JVM:                       Oracle Corporation
18-Apr-2023 18:32:28.329 INFO [main] org.apache.catalina.startup.VersionLoggerListener.log CATALINA_BASE:                     J:\Universidad\Proyecto\ASaber\apache-tomcat-9.0.60
18-Apr-2023 18:32:28.329 INFO [main] org.apache.catalina.startup.VersionLoggerListener.log CATALINA_HOME:                     J:\Universidad\Proyecto\ASaber\apache-tomcat-9.0.60
18-Apr-2023 18:32:28.338 INFO [main] org.apache.catalina.startup.VersionLoggerListener.log Command line argument:             --add-opens=java.base/java.lang=ALL-UNNAMED
18-Apr-2023 18:32:28.338 INFO [main] org.apache.catalina.startup.VersionLoggerListener.log Command line argument:             --add-opens=java.base/java.io=ALL-UNNAMED
18-Apr-2023 18:32:28.338 INFO [main] org.apache.catalina.startup.VersionLoggerListener.log Command line argument:             --add-opens=java.base/java.util=ALL-UNNAMED
18-Apr-2023 18:32:28.338 INFO [main] org.apache.catalina.startup.VersionLoggerListener.log Command line argument:             --add-opens=java.base/java.util.concurrent=ALL-UNNAMED
18-Apr-2023 18:32:28.338 INFO [main] org.apache.catalina.startup.VersionLoggerListener.log Command line argument:             --add-opens=java.rmi/sun.rmi.transport=ALL-UNNAMED
18-Apr-2023 18:32:28.338 INFO [main] org.apache.catalina.startup.VersionLoggerListener.log Command line argument:             -Djava.util.logging.config.file=J:\Universidad\Proyecto\ASaber\apache-tomcat-9.0.60\conf\logging.properties
18-Apr-2023 18:32:28.338 INFO [main] org.apache.catalina.startup.VersionLoggerListener.log Command line argument:             -Djava.util.logging.manager=org.apache.juli.ClassLoaderLogManager
18-Apr-2023 18:32:28.339 INFO [main] org.apache.catalina.startup.VersionLoggerListener.log Command line argument:             -Dhttp.nonProxyHosts=localhost|127.0.0.1|DESKTOP-4M9M9EI
18-Apr-2023 18:32:28.339 INFO [main] org.apache.catalina.startup.VersionLoggerListener.log Command line argument:             -Djdk.tls.ephemeralDHKeySize=2048
18-Apr-2023 18:32:28.339 INFO [main] org.apache.catalina.startup.VersionLoggerListener.log Command line argument:             -Djava.protocol.handler.pkgs=org.apache.catalina.webresources
18-Apr-2023 18:32:28.339 INFO [main] org.apache.catalina.startup.VersionLoggerListener.log Command line argument:             -Dignore.endorsed.dirs=
18-Apr-2023 18:32:28.339 INFO [main] org.apache.catalina.startup.VersionLoggerListener.log Command line argument:             -Dcatalina.base=J:\Universidad\Proyecto\ASaber\apache-tomcat-9.0.60
18-Apr-2023 18:32:28.339 INFO [main] org.apache.catalina.startup.VersionLoggerListener.log Command line argument:             -Dcatalina.home=J:\Universidad\Proyecto\ASaber\apache-tomcat-9.0.60
18-Apr-2023 18:32:28.339 INFO [main] org.apache.catalina.startup.VersionLoggerListener.log Command line argument:             -Djava.io.tmpdir=J:\Universidad\Proyecto\ASaber\apache-tomcat-9.0.60\temp
18-Apr-2023 18:32:28.357 INFO [main] org.apache.catalina.core.AprLifecycleListener.lifecycleEvent Cargada la biblioteca nativa APR de Apache Tomcat [1.2.31] con la versión APR [1.7.0].
18-Apr-2023 18:32:28.358 INFO [main] org.apache.catalina.core.AprLifecycleListener.lifecycleEvent Capacidades APR: IPv6 [true], enviar fichero [true], aceptar filtros [false], aleatorio [true], UDS [true].
18-Apr-2023 18:32:28.358 INFO [main] org.apache.catalina.core.AprLifecycleListener.lifecycleEvent APR/OpenSSL configuration: useAprConnector [false], useOpenSSL [true]
18-Apr-2023 18:32:28.363 INFO [main] org.apache.catalina.core.AprLifecycleListener.initializeSSL OpenSSL inicializado correctamente [OpenSSL 1.1.1l  24 Aug 2021]
18-Apr-2023 18:32:28.657 INFO [main] org.apache.coyote.AbstractProtocol.init Inicializando el manejador de protocolo ["http-nio-8080"]

18-Apr-2023 18:32:28.687 INFO [main] org.apache.catalina.startup.Catalina.load Server initialization in [520] milliseconds
18-Apr-2023 18:32:28.737 INFO [main] org.apache.catalina.core.StandardService.startInternal Arrancando servicio [Catalina]
18-Apr-2023 18:32:28.737 INFO [main] org.apache.catalina.core.StandardEngine.startInternal Starting Servlet engine: [Apache Tomcat/9.0.60]
18-Apr-2023 18:32:28.745 INFO [main] org.apache.catalina.startup.HostConfig.deployDescriptor Desplieque del descriptor de configuración [J:\Universidad\Proyecto\ASaber\apache-tomcat-9.0.60\conf\Catalina\localhost\ProyectoIntegrador.xml]
18-Apr-2023 18:32:28.757 WARNING [main] org.apache.catalina.startup.HostConfig.deployDescriptor The path attribute with value [/ProyectoIntegrador] in deployment descriptor [J:\Universidad\Proyecto\ASaber\apache-tomcat-9.0.60\conf\Catalina\localhost\ProyectoIntegrador.xml] has been ignored
18-Apr-2023 18:32:29.117 INFO [main] org.apache.jasper.servlet.TldScanner.scanJars Al menos un JAR, que se ha explorado buscando TLDs, aún no contenía TLDs. Activar historial de depuración para este historiador para una completa lista de los JARs que fueron explorados y de los que nos se halló TLDs. Saltarse JARs no necesarios durante la exploración puede dar lugar a una mejora de tiempo significativa en el arranque y compilación de JSP .
18-Apr-2023 18:32:29.196 INFO [main] org.apache.catalina.startup.HostConfig.deployDescriptor Deployment of deployment descriptor [J:\Universidad\Proyecto\ASaber\apache-tomcat-9.0.60\conf\Catalina\localhost\ProyectoIntegrador.xml] has finished in [449] ms
18-Apr-2023 18:32:29.196 INFO [main] org.apache.catalina.startup.HostConfig.deployDescriptor Desplieque del descriptor de configuración [J:\Universidad\Proyecto\ASaber\apache-tomcat-9.0.60\conf\Catalina\localhost\ProyectoMIPE.xml]
18-Apr-2023 18:32:29.197 WARNING [main] org.apache.catalina.startup.HostConfig.deployDescriptor The path attribute with value [/ProyectoMIPE] in deployment descriptor [J:\Universidad\Proyecto\ASaber\apache-tomcat-9.0.60\conf\Catalina\localhost\ProyectoMIPE.xml] has been ignored
18-Apr-2023 18:32:29.200 WARNING [main] org.apache.tomcat.util.digester.SetPropertiesRule.begin Match [Context] failed to set property [antiJARLocking] to [true]
18-Apr-2023 18:32:29.250 INFO [main] org.apache.catalina.startup.HostConfig.deployDescriptor Deployment of deployment descriptor [J:\Universidad\Proyecto\ASaber\apache-tomcat-9.0.60\conf\Catalina\localhost\ProyectoMIPE.xml] has finished in [54] ms
18-Apr-2023 18:32:29.251 INFO [main] org.apache.catalina.startup.HostConfig.deployDescriptor Desplieque del descriptor de configuración [J:\Universidad\Proyecto\ASaber\apache-tomcat-9.0.60\conf\Catalina\localhost\proyectoPlataforma.xml]
18-Apr-2023 18:32:29.252 WARNING [main] org.apache.catalina.startup.HostConfig.deployDescriptor The path attribute with value [/proyectoPlataforma] in deployment descriptor [J:\Universidad\Proyecto\ASaber\apache-tomcat-9.0.60\conf\Catalina\localhost\proyectoPlataforma.xml] has been ignored
18-Apr-2023 18:32:29.255 WARNING [main] org.apache.tomcat.util.digester.SetPropertiesRule.begin Match [Context] failed to set property [antiJARLocking] to [true]
18-Apr-2023 18:32:29.257 SEVERE [main] org.apache.catalina.startup.HostConfig.deployDescriptor Error durante el despliegue del descriptor de configuración [J:\Universidad\Proyecto\ASaber\apache-tomcat-9.0.60\conf\Catalina\localhost\proyectoPlataforma.xml]
	java.lang.IllegalStateException: Error starting child
		at org.apache.catalina.core.ContainerBase.addChildInternal(ContainerBase.java:729)
		at org.apache.catalina.core.ContainerBase.addChild(ContainerBase.java:698)
		at org.apache.catalina.core.StandardHost.addChild(StandardHost.java:696)
		at org.apache.catalina.startup.HostConfig.deployDescriptor(HostConfig.java:690)
		at org.apache.catalina.startup.HostConfig$DeployDescriptor.run(HostConfig.java:1889)
		at java.base/java.util.concurrent.Executors$RunnableAdapter.call(Executors.java:539)
		at java.base/java.util.concurrent.FutureTask.run(FutureTask.java:264)
		at org.apache.tomcat.util.threads.InlineExecutorService.execute(InlineExecutorService.java:75)
		at java.base/java.util.concurrent.AbstractExecutorService.submit(AbstractExecutorService.java:123)
		at org.apache.catalina.startup.HostConfig.deployDescriptors(HostConfig.java:583)
		at org.apache.catalina.startup.HostConfig.deployApps(HostConfig.java:473)
		at org.apache.catalina.startup.HostConfig.start(HostConfig.java:1618)
		at org.apache.catalina.startup.HostConfig.lifecycleEvent(HostConfig.java:319)
		at org.apache.catalina.util.LifecycleBase.fireLifecycleEvent(LifecycleBase.java:123)
		at org.apache.catalina.util.LifecycleBase.setStateInternal(LifecycleBase.java:423)
		at org.apache.catalina.util.LifecycleBase.setState(LifecycleBase.java:366)
		at org.apache.catalina.core.ContainerBase.startInternal(ContainerBase.java:946)
		at org.apache.catalina.core.StandardHost.startInternal(StandardHost.java:835)
		at org.apache.catalina.util.LifecycleBase.start(LifecycleBase.java:183)
		at org.apache.catalina.core.ContainerBase$StartChild.call(ContainerBase.java:1396)
		at org.apache.catalina.core.ContainerBase$StartChild.call(ContainerBase.java:1386)
		at java.base/java.util.concurrent.FutureTask.run(FutureTask.java:264)
		at org.apache.tomcat.util.threads.InlineExecutorService.execute(InlineExecutorService.java:75)
		at java.base/java.util.concurrent.AbstractExecutorService.submit(AbstractExecutorService.java:145)
		at org.apache.catalina.core.ContainerBase.startInternal(ContainerBase.java:919)
		at org.apache.catalina.core.StandardEngine.startInternal(StandardEngine.java:263)
		at org.apache.catalina.util.LifecycleBase.start(LifecycleBase.java:183)
		at org.apache.catalina.core.StandardService.startInternal(StandardService.java:432)
		at org.apache.catalina.util.LifecycleBase.start(LifecycleBase.java:183)
		at org.apache.catalina.core.StandardServer.startInternal(StandardServer.java:927)
		at org.apache.catalina.util.LifecycleBase.start(LifecycleBase.java:183)
		at org.apache.catalina.startup.Catalina.start(Catalina.java:772)
		at java.base/jdk.internal.reflect.NativeMethodAccessorImpl.invoke0(Native Method)
		at java.base/jdk.internal.reflect.NativeMethodAccessorImpl.invoke(NativeMethodAccessorImpl.java:77)
		at java.base/jdk.internal.reflect.DelegatingMethodAccessorImpl.invoke(DelegatingMethodAccessorImpl.java:43)
		at java.base/java.lang.reflect.Method.invoke(Method.java:568)
		at org.apache.catalina.startup.Bootstrap.start(Bootstrap.java:345)
		at org.apache.catalina.startup.Bootstrap.main(Bootstrap.java:476)
	Caused by: org.apache.catalina.LifecycleException: Failed to start component [org.apache.catalina.webresources.StandardRoot@25748410]
		at org.apache.catalina.util.LifecycleBase.handleSubClassException(LifecycleBase.java:440)
		at org.apache.catalina.util.LifecycleBase.start(LifecycleBase.java:198)
		at org.apache.catalina.core.StandardContext.resourcesStart(StandardContext.java:4885)
		at org.apache.catalina.core.StandardContext.startInternal(StandardContext.java:5023)
		at org.apache.catalina.util.LifecycleBase.start(LifecycleBase.java:183)
		at org.apache.catalina.core.ContainerBase.addChildInternal(ContainerBase.java:726)
		... 37 more
	Caused by: java.lang.IllegalArgumentException: The main resource set specified [C:\Users\NITRO\Downloads\proyectoPlataforma-master\proyectoPlataforma-master\build\web] is not valid
		at org.apache.catalina.webresources.StandardRoot.createMainResourceSet(StandardRoot.java:762)
		at org.apache.catalina.webresources.StandardRoot.startInternal(StandardRoot.java:719)
		at org.apache.catalina.util.LifecycleBase.start(LifecycleBase.java:183)
		... 41 more
18-Apr-2023 18:32:29.280 INFO [main] org.apache.catalina.startup.HostConfig.deployDescriptor Deployment of deployment descriptor [J:\Universidad\Proyecto\ASaber\apache-tomcat-9.0.60\conf\Catalina\localhost\proyectoPlataforma.xml] has finished in [29] ms
18-Apr-2023 18:32:29.281 INFO [main] org.apache.catalina.startup.HostConfig.deployDescriptor Desplieque del descriptor de configuración [J:\Universidad\Proyecto\ASaber\apache-tomcat-9.0.60\conf\Catalina\localhost\ProyectoSigie.xml]
18-Apr-2023 18:32:29.282 WARNING [main] org.apache.catalina.startup.HostConfig.deployDescriptor The path attribute with value [/ProyectoSigie] in deployment descriptor [J:\Universidad\Proyecto\ASaber\apache-tomcat-9.0.60\conf\Catalina\localhost\ProyectoSigie.xml] has been ignored
18-Apr-2023 18:32:29.285 WARNING [main] org.apache.tomcat.util.digester.SetPropertiesRule.begin Match [Context] failed to set property [antiJARLocking] to [true]
18-Apr-2023 18:32:29.446 INFO [main] org.apache.jasper.servlet.TldScanner.scanJars Al menos un JAR, que se ha explorado buscando TLDs, aún no contenía TLDs. Activar historial de depuración para este historiador para una completa lista de los JARs que fueron explorados y de los que nos se halló TLDs. Saltarse JARs no necesarios durante la exploración puede dar lugar a una mejora de tiempo significativa en el arranque y compilación de JSP .
18-Apr-2023 18:32:29.448 INFO [main] org.apache.catalina.startup.HostConfig.deployDescriptor Deployment of deployment descriptor [J:\Universidad\Proyecto\ASaber\apache-tomcat-9.0.60\conf\Catalina\localhost\ProyectoSigie.xml] has finished in [167] ms
18-Apr-2023 18:32:29.448 INFO [main] org.apache.catalina.startup.HostConfig.deployDescriptor Desplieque del descriptor de configuración [J:\Universidad\Proyecto\ASaber\apache-tomcat-9.0.60\conf\Catalina\localhost\Sigie2.0.xml]
18-Apr-2023 18:32:29.449 WARNING [main] org.apache.catalina.startup.HostConfig.deployDescriptor The path attribute with value [/Sigie2.0] in deployment descriptor [J:\Universidad\Proyecto\ASaber\apache-tomcat-9.0.60\conf\Catalina\localhost\Sigie2.0.xml] has been ignored
18-Apr-2023 18:32:29.451 SEVERE [main] org.apache.catalina.startup.HostConfig.deployDescriptor Error durante el despliegue del descriptor de configuración [J:\Universidad\Proyecto\ASaber\apache-tomcat-9.0.60\conf\Catalina\localhost\Sigie2.0.xml]
	java.lang.IllegalStateException: Error starting child
		at org.apache.catalina.core.ContainerBase.addChildInternal(ContainerBase.java:729)
		at org.apache.catalina.core.ContainerBase.addChild(ContainerBase.java:698)
		at org.apache.catalina.core.StandardHost.addChild(StandardHost.java:696)
		at org.apache.catalina.startup.HostConfig.deployDescriptor(HostConfig.java:690)
		at org.apache.catalina.startup.HostConfig$DeployDescriptor.run(HostConfig.java:1889)
		at java.base/java.util.concurrent.Executors$RunnableAdapter.call(Executors.java:539)
		at java.base/java.util.concurrent.FutureTask.run(FutureTask.java:264)
		at org.apache.tomcat.util.threads.InlineExecutorService.execute(InlineExecutorService.java:75)
		at java.base/java.util.concurrent.AbstractExecutorService.submit(AbstractExecutorService.java:123)
		at org.apache.catalina.startup.HostConfig.deployDescriptors(HostConfig.java:583)
		at org.apache.catalina.startup.HostConfig.deployApps(HostConfig.java:473)
		at org.apache.catalina.startup.HostConfig.start(HostConfig.java:1618)
		at org.apache.catalina.startup.HostConfig.lifecycleEvent(HostConfig.java:319)
		at org.apache.catalina.util.LifecycleBase.fireLifecycleEvent(LifecycleBase.java:123)
		at org.apache.catalina.util.LifecycleBase.setStateInternal(LifecycleBase.java:423)
		at org.apache.catalina.util.LifecycleBase.setState(LifecycleBase.java:366)
		at org.apache.catalina.core.ContainerBase.startInternal(ContainerBase.java:946)
		at org.apache.catalina.core.StandardHost.startInternal(StandardHost.java:835)
		at org.apache.catalina.util.LifecycleBase.start(LifecycleBase.java:183)
		at org.apache.catalina.core.ContainerBase$StartChild.call(ContainerBase.java:1396)
		at org.apache.catalina.core.ContainerBase$StartChild.call(ContainerBase.java:1386)
		at java.base/java.util.concurrent.FutureTask.run(FutureTask.java:264)
		at org.apache.tomcat.util.threads.InlineExecutorService.execute(InlineExecutorService.java:75)
		at java.base/java.util.concurrent.AbstractExecutorService.submit(AbstractExecutorService.java:145)
		at org.apache.catalina.core.ContainerBase.startInternal(ContainerBase.java:919)
		at org.apache.catalina.core.StandardEngine.startInternal(StandardEngine.java:263)
		at org.apache.catalina.util.LifecycleBase.start(LifecycleBase.java:183)
		at org.apache.catalina.core.StandardService.startInternal(StandardService.java:432)
		at org.apache.catalina.util.LifecycleBase.start(LifecycleBase.java:183)
		at org.apache.catalina.core.StandardServer.startInternal(StandardServer.java:927)
		at org.apache.catalina.util.LifecycleBase.start(LifecycleBase.java:183)
		at org.apache.catalina.startup.Catalina.start(Catalina.java:772)
		at java.base/jdk.internal.reflect.NativeMethodAccessorImpl.invoke0(Native Method)
		at java.base/jdk.internal.reflect.NativeMethodAccessorImpl.invoke(NativeMethodAccessorImpl.java:77)
		at java.base/jdk.internal.reflect.DelegatingMethodAccessorImpl.invoke(DelegatingMethodAccessorImpl.java:43)
		at java.base/java.lang.reflect.Method.invoke(Method.java:568)
		at org.apache.catalina.startup.Bootstrap.start(Bootstrap.java:345)
		at org.apache.catalina.startup.Bootstrap.main(Bootstrap.java:476)
	Caused by: org.apache.catalina.LifecycleException: Failed to start component [org.apache.catalina.webresources.StandardRoot@29d2d081]
		at org.apache.catalina.util.LifecycleBase.handleSubClassException(LifecycleBase.java:440)
		at org.apache.catalina.util.LifecycleBase.start(LifecycleBase.java:198)
		at org.apache.catalina.core.StandardContext.resourcesStart(StandardContext.java:4885)
		at org.apache.catalina.core.StandardContext.startInternal(StandardContext.java:5023)
		at org.apache.catalina.util.LifecycleBase.start(LifecycleBase.java:183)
		at org.apache.catalina.core.ContainerBase.addChildInternal(ContainerBase.java:726)
		... 37 more
	Caused by: java.lang.IllegalArgumentException: The main resource set specified [C:\Users\NITRO\Downloads\04-03-2016\Sigie_2.0\Sigie_2.0\build\web] is not valid
		at org.apache.catalina.webresources.StandardRoot.createMainResourceSet(StandardRoot.java:762)
		at org.apache.catalina.webresources.StandardRoot.startInternal(StandardRoot.java:719)
		at org.apache.catalina.util.LifecycleBase.start(LifecycleBase.java:183)
		... 41 more
18-Apr-2023 18:32:29.461 INFO [main] org.apache.catalina.startup.HostConfig.deployDescriptor Deployment of deployment descriptor [J:\Universidad\Proyecto\ASaber\apache-tomcat-9.0.60\conf\Catalina\localhost\Sigie2.0.xml] has finished in [13] ms
18-Apr-2023 18:32:29.461 INFO [main] org.apache.catalina.startup.HostConfig.deployDescriptor Desplieque del descriptor de configuración [J:\Universidad\Proyecto\ASaber\apache-tomcat-9.0.60\conf\Catalina\localhost\WebApplication1.xml]
18-Apr-2023 18:32:29.462 WARNING [main] org.apache.catalina.startup.HostConfig.deployDescriptor The path attribute with value [/WebApplication1] in deployment descriptor [J:\Universidad\Proyecto\ASaber\apache-tomcat-9.0.60\conf\Catalina\localhost\WebApplication1.xml] has been ignored
18-Apr-2023 18:32:29.467 SEVERE [main] org.apache.catalina.startup.HostConfig.deployDescriptor Error durante el despliegue del descriptor de configuración [J:\Universidad\Proyecto\ASaber\apache-tomcat-9.0.60\conf\Catalina\localhost\WebApplication1.xml]
	java.lang.IllegalStateException: Error starting child
		at org.apache.catalina.core.ContainerBase.addChildInternal(ContainerBase.java:729)
		at org.apache.catalina.core.ContainerBase.addChild(ContainerBase.java:698)
		at org.apache.catalina.core.StandardHost.addChild(StandardHost.java:696)
		at org.apache.catalina.startup.HostConfig.deployDescriptor(HostConfig.java:690)
		at org.apache.catalina.startup.HostConfig$DeployDescriptor.run(HostConfig.java:1889)
		at java.base/java.util.concurrent.Executors$RunnableAdapter.call(Executors.java:539)
		at java.base/java.util.concurrent.FutureTask.run(FutureTask.java:264)
		at org.apache.tomcat.util.threads.InlineExecutorService.execute(InlineExecutorService.java:75)
		at java.base/java.util.concurrent.AbstractExecutorService.submit(AbstractExecutorService.java:123)
		at org.apache.catalina.startup.HostConfig.deployDescriptors(HostConfig.java:583)
		at org.apache.catalina.startup.HostConfig.deployApps(HostConfig.java:473)
		at org.apache.catalina.startup.HostConfig.start(HostConfig.java:1618)
		at org.apache.catalina.startup.HostConfig.lifecycleEvent(HostConfig.java:319)
		at org.apache.catalina.util.LifecycleBase.fireLifecycleEvent(LifecycleBase.java:123)
		at org.apache.catalina.util.LifecycleBase.setStateInternal(LifecycleBase.java:423)
		at org.apache.catalina.util.LifecycleBase.setState(LifecycleBase.java:366)
		at org.apache.catalina.core.ContainerBase.startInternal(ContainerBase.java:946)
		at org.apache.catalina.core.StandardHost.startInternal(StandardHost.java:835)
		at org.apache.catalina.util.LifecycleBase.start(LifecycleBase.java:183)
		at org.apache.catalina.core.ContainerBase$StartChild.call(ContainerBase.java:1396)
		at org.apache.catalina.core.ContainerBase$StartChild.call(ContainerBase.java:1386)
		at java.base/java.util.concurrent.FutureTask.run(FutureTask.java:264)
		at org.apache.tomcat.util.threads.InlineExecutorService.execute(InlineExecutorService.java:75)
		at java.base/java.util.concurrent.AbstractExecutorService.submit(AbstractExecutorService.java:145)
		at org.apache.catalina.core.ContainerBase.startInternal(ContainerBase.java:919)
		at org.apache.catalina.core.StandardEngine.startInternal(StandardEngine.java:263)
		at org.apache.catalina.util.LifecycleBase.start(LifecycleBase.java:183)
		at org.apache.catalina.core.StandardService.startInternal(StandardService.java:432)
		at org.apache.catalina.util.LifecycleBase.start(LifecycleBase.java:183)
		at org.apache.catalina.core.StandardServer.startInternal(StandardServer.java:927)
		at org.apache.catalina.util.LifecycleBase.start(LifecycleBase.java:183)
		at org.apache.catalina.startup.Catalina.start(Catalina.java:772)
		at java.base/jdk.internal.reflect.NativeMethodAccessorImpl.invoke0(Native Method)
		at java.base/jdk.internal.reflect.NativeMethodAccessorImpl.invoke(NativeMethodAccessorImpl.java:77)
		at java.base/jdk.internal.reflect.DelegatingMethodAccessorImpl.invoke(DelegatingMethodAccessorImpl.java:43)
		at java.base/java.lang.reflect.Method.invoke(Method.java:568)
		at org.apache.catalina.startup.Bootstrap.start(Bootstrap.java:345)
		at org.apache.catalina.startup.Bootstrap.main(Bootstrap.java:476)
	Caused by: org.apache.catalina.LifecycleException: Failed to start component [org.apache.catalina.webresources.StandardRoot@1bc53649]
		at org.apache.catalina.util.LifecycleBase.handleSubClassException(LifecycleBase.java:440)
		at org.apache.catalina.util.LifecycleBase.start(LifecycleBase.java:198)
		at org.apache.catalina.core.StandardContext.resourcesStart(StandardContext.java:4885)
		at org.apache.catalina.core.StandardContext.startInternal(StandardContext.java:5023)
		at org.apache.catalina.util.LifecycleBase.start(LifecycleBase.java:183)
		at org.apache.catalina.core.ContainerBase.addChildInternal(ContainerBase.java:726)
		... 37 more
	Caused by: java.lang.IllegalArgumentException: The main resource set specified [J:\Universidad\Semestre 6\PROYECTO INTEGRADOR\ProyectoIntegrador\PI6\WebApplication1\build\web] is not valid
		at org.apache.catalina.webresources.StandardRoot.createMainResourceSet(StandardRoot.java:762)
		at org.apache.catalina.webresources.StandardRoot.startInternal(StandardRoot.java:719)
		at org.apache.catalina.util.LifecycleBase.start(LifecycleBase.java:183)
		... 41 more
18-Apr-2023 18:32:29.524 INFO [main] org.apache.catalina.startup.HostConfig.deployDescriptor Deployment of deployment descriptor [J:\Universidad\Proyecto\ASaber\apache-tomcat-9.0.60\conf\Catalina\localhost\WebApplication1.xml] has finished in [62] ms
18-Apr-2023 18:32:29.526 INFO [main] org.apache.catalina.startup.HostConfig.deployDirectory Desplegando el directorio [J:\Universidad\Proyecto\ASaber\apache-tomcat-9.0.60\webapps\docs] de la aplicación web
18-Apr-2023 18:32:29.584 INFO [main] org.apache.catalina.startup.HostConfig.deployDirectory Deployment of web application directory [J:\Universidad\Proyecto\ASaber\apache-tomcat-9.0.60\webapps\docs] has finished in [59] ms
18-Apr-2023 18:32:29.585 INFO [main] org.apache.catalina.startup.HostConfig.deployDirectory Desplegando el directorio [J:\Universidad\Proyecto\ASaber\apache-tomcat-9.0.60\webapps\examples] de la aplicación web
18-Apr-2023 18:32:29.856 INFO [main] org.apache.catalina.startup.HostConfig.deployDirectory Deployment of web application directory [J:\Universidad\Proyecto\ASaber\apache-tomcat-9.0.60\webapps\examples] has finished in [270] ms
18-Apr-2023 18:32:29.856 INFO [main] org.apache.catalina.startup.HostConfig.deployDirectory Desplegando el directorio [J:\Universidad\Proyecto\ASaber\apache-tomcat-9.0.60\webapps\host-manager] de la aplicación web
18-Apr-2023 18:32:29.889 INFO [main] org.apache.catalina.startup.HostConfig.deployDirectory Deployment of web application directory [J:\Universidad\Proyecto\ASaber\apache-tomcat-9.0.60\webapps\host-manager] has finished in [33] ms
18-Apr-2023 18:32:29.889 INFO [main] org.apache.catalina.startup.HostConfig.deployDirectory Desplegando el directorio [J:\Universidad\Proyecto\ASaber\apache-tomcat-9.0.60\webapps\manager] de la aplicación web
18-Apr-2023 18:32:29.916 INFO [main] org.apache.catalina.startup.HostConfig.deployDirectory Deployment of web application directory [J:\Universidad\Proyecto\ASaber\apache-tomcat-9.0.60\webapps\manager] has finished in [27] ms
18-Apr-2023 18:32:29.917 INFO [main] org.apache.catalina.startup.HostConfig.deployDirectory Desplegando el directorio [J:\Universidad\Proyecto\ASaber\apache-tomcat-9.0.60\webapps\ROOT] de la aplicación web
18-Apr-2023 18:32:29.938 INFO [main] org.apache.catalina.startup.HostConfig.deployDirectory Deployment of web application directory [J:\Universidad\Proyecto\ASaber\apache-tomcat-9.0.60\webapps\ROOT] has finished in [21] ms
18-Apr-2023 18:32:29.941 INFO [main] org.apache.coyote.AbstractProtocol.start Starting ProtocolHandler ["http-nio-8080"]
18-Apr-2023 18:32:29.980 INFO [main] org.apache.catalina.startup.Catalina.start Server startup in [1293] milliseconds
18-Apr-2023 18:32:37.134 INFO [http-nio-8080-exec-3] org.apache.catalina.startup.HostConfig.deployDescriptor Desplieque del descriptor de configuración [J:\Universidad\Proyecto\ASaber\apache-tomcat-9.0.60\conf\Catalina\localhost\ASaber.xml]
18-Apr-2023 18:32:37.135 WARNING [http-nio-8080-exec-3] org.apache.catalina.startup.HostConfig.deployDescriptor The path attribute with value [/ASaber] in deployment descriptor [J:\Universidad\Proyecto\ASaber\apache-tomcat-9.0.60\conf\Catalina\localhost\ASaber.xml] has been ignored
18-Apr-2023 18:32:37.255 INFO [http-nio-8080-exec-3] org.apache.jasper.servlet.TldScanner.scanJars Al menos un JAR, que se ha explorado buscando TLDs, aún no contenía TLDs. Activar historial de depuración para este historiador para una completa lista de los JARs que fueron explorados y de los que nos se halló TLDs. Saltarse JARs no necesarios durante la exploración puede dar lugar a una mejora de tiempo significativa en el arranque y compilación de JSP .
18-Apr-2023 18:32:37.257 INFO [http-nio-8080-exec-3] org.apache.catalina.startup.HostConfig.deployDescriptor Deployment of deployment descriptor [J:\Universidad\Proyecto\ASaber\apache-tomcat-9.0.60\conf\Catalina\localhost\ASaber.xml] has finished in [123] ms
18-Apr-2023 18:32:37.261 INFO [http-nio-8080-exec-4] org.apache.catalina.util.LifecycleBase.start The start() method was called on component [StandardEngine[Catalina].StandardHost[localhost].StandardContext[/ASaber]] after start() had already been called. The second call will be ignored.
18-Apr-2023 18:32:44.208 INFO [main] org.apache.catalina.core.StandardServer.await Se ha recibido un comando de apagado a través del puerto de apagado. Parando la instancia del Servidor.
18-Apr-2023 18:32:44.214 INFO [main] org.apache.coyote.AbstractProtocol.pause Pausing ProtocolHandler ["http-nio-8080"]
18-Apr-2023 18:32:44.225 INFO [main] org.apache.catalina.core.StandardService.stopInternal Parando servicio [Catalina]
18-Apr-2023 18:32:44.271 INFO [main] org.apache.coyote.AbstractProtocol.stop Stopping ProtocolHandler ["http-nio-8080"]
18-Apr-2023 18:32:44.286 INFO [main] org.apache.coyote.AbstractProtocol.destroy Destroying ProtocolHandler ["http-nio-8080"]
18-Apr-2023 18:33:12.683 INFO [main] org.apache.catalina.startup.VersionLoggerListener.log Nombre de la versión del servidor: Apache Tomcat/9.0.60
18-Apr-2023 18:33:12.692 INFO [main] org.apache.catalina.startup.VersionLoggerListener.log Server built:                      Mar 9 2022 14:52:25 UTC
18-Apr-2023 18:33:12.692 INFO [main] org.apache.catalina.startup.VersionLoggerListener.log Número de versión de servidor:     9.0.60.0
18-Apr-2023 18:33:12.692 INFO [main] org.apache.catalina.startup.VersionLoggerListener.log OS Name:                           Windows 11
18-Apr-2023 18:33:12.692 INFO [main] org.apache.catalina.startup.VersionLoggerListener.log Versión de Systema Operativo:      10.0
18-Apr-2023 18:33:12.693 INFO [main] org.apache.catalina.startup.VersionLoggerListener.log Arquitectura:                      amd64
18-Apr-2023 18:33:12.693 INFO [main] org.apache.catalina.startup.VersionLoggerListener.log Java Home:                         C:\Program Files\Java\jdk-17.0.2
18-Apr-2023 18:33:12.693 INFO [main] org.apache.catalina.startup.VersionLoggerListener.log JVM Version:                       17.0.2+8-LTS-86
18-Apr-2023 18:33:12.693 INFO [main] org.apache.catalina.startup.VersionLoggerListener.log Vededor JVM:                       Oracle Corporation
18-Apr-2023 18:33:12.693 INFO [main] org.apache.catalina.startup.VersionLoggerListener.log CATALINA_BASE:                     J:\Universidad\Proyecto\ASaber\apache-tomcat-9.0.60
18-Apr-2023 18:33:12.693 INFO [main] org.apache.catalina.startup.VersionLoggerListener.log CATALINA_HOME:                     J:\Universidad\Proyecto\ASaber\apache-tomcat-9.0.60
18-Apr-2023 18:33:12.712 INFO [main] org.apache.catalina.startup.VersionLoggerListener.log Command line argument:             --add-opens=java.base/java.lang=ALL-UNNAMED
18-Apr-2023 18:33:12.712 INFO [main] org.apache.catalina.startup.VersionLoggerListener.log Command line argument:             --add-opens=java.base/java.io=ALL-UNNAMED
18-Apr-2023 18:33:12.712 INFO [main] org.apache.catalina.startup.VersionLoggerListener.log Command line argument:             --add-opens=java.base/java.util=ALL-UNNAMED
18-Apr-2023 18:33:12.712 INFO [main] org.apache.catalina.startup.VersionLoggerListener.log Command line argument:             --add-opens=java.base/java.util.concurrent=ALL-UNNAMED
18-Apr-2023 18:33:12.713 INFO [main] org.apache.catalina.startup.VersionLoggerListener.log Command line argument:             --add-opens=java.rmi/sun.rmi.transport=ALL-UNNAMED
18-Apr-2023 18:33:12.713 INFO [main] org.apache.catalina.startup.VersionLoggerListener.log Command line argument:             -Djava.util.logging.config.file=J:\Universidad\Proyecto\ASaber\apache-tomcat-9.0.60\conf\logging.properties
18-Apr-2023 18:33:12.713 INFO [main] org.apache.catalina.startup.VersionLoggerListener.log Command line argument:             -Djava.util.logging.manager=org.apache.juli.ClassLoaderLogManager
18-Apr-2023 18:33:12.713 INFO [main] org.apache.catalina.startup.VersionLoggerListener.log Command line argument:             -Dhttp.nonProxyHosts=localhost|127.0.0.1|DESKTOP-4M9M9EI
18-Apr-2023 18:33:12.713 INFO [main] org.apache.catalina.startup.VersionLoggerListener.log Command line argument:             -Djdk.tls.ephemeralDHKeySize=2048
18-Apr-2023 18:33:12.714 INFO [main] org.apache.catalina.startup.VersionLoggerListener.log Command line argument:             -Djava.protocol.handler.pkgs=org.apache.catalina.webresources
18-Apr-2023 18:33:12.714 INFO [main] org.apache.catalina.startup.VersionLoggerListener.log Command line argument:             -Dignore.endorsed.dirs=
18-Apr-2023 18:33:12.714 INFO [main] org.apache.catalina.startup.VersionLoggerListener.log Command line argument:             -Dcatalina.base=J:\Universidad\Proyecto\ASaber\apache-tomcat-9.0.60
18-Apr-2023 18:33:12.714 INFO [main] org.apache.catalina.startup.VersionLoggerListener.log Command line argument:             -Dcatalina.home=J:\Universidad\Proyecto\ASaber\apache-tomcat-9.0.60
18-Apr-2023 18:33:12.714 INFO [main] org.apache.catalina.startup.VersionLoggerListener.log Command line argument:             -Djava.io.tmpdir=J:\Universidad\Proyecto\ASaber\apache-tomcat-9.0.60\temp
18-Apr-2023 18:33:12.726 INFO [main] org.apache.catalina.core.AprLifecycleListener.lifecycleEvent Cargada la biblioteca nativa APR de Apache Tomcat [1.2.31] con la versión APR [1.7.0].
18-Apr-2023 18:33:12.727 INFO [main] org.apache.catalina.core.AprLifecycleListener.lifecycleEvent Capacidades APR: IPv6 [true], enviar fichero [true], aceptar filtros [false], aleatorio [true], UDS [true].
18-Apr-2023 18:33:12.727 INFO [main] org.apache.catalina.core.AprLifecycleListener.lifecycleEvent APR/OpenSSL configuration: useAprConnector [false], useOpenSSL [true]
18-Apr-2023 18:33:12.734 INFO [main] org.apache.catalina.core.AprLifecycleListener.initializeSSL OpenSSL inicializado correctamente [OpenSSL 1.1.1l  24 Aug 2021]
18-Apr-2023 18:33:13.260 INFO [main] org.apache.coyote.AbstractProtocol.init Inicializando el manejador de protocolo ["http-nio-8080"]

18-Apr-2023 18:33:13.308 INFO [main] org.apache.catalina.startup.Catalina.load Server initialization in [1240] milliseconds
18-Apr-2023 18:33:13.419 INFO [main] org.apache.catalina.core.StandardService.startInternal Arrancando servicio [Catalina]
18-Apr-2023 18:33:13.419 INFO [main] org.apache.catalina.core.StandardEngine.startInternal Starting Servlet engine: [Apache Tomcat/9.0.60]
18-Apr-2023 18:33:13.436 INFO [main] org.apache.catalina.startup.HostConfig.deployDescriptor Desplieque del descriptor de configuración [J:\Universidad\Proyecto\ASaber\apache-tomcat-9.0.60\conf\Catalina\localhost\ASaber.xml]
18-Apr-2023 18:33:13.476 WARNING [main] org.apache.catalina.startup.HostConfig.deployDescriptor The path attribute with value [/ASaber] in deployment descriptor [J:\Universidad\Proyecto\ASaber\apache-tomcat-9.0.60\conf\Catalina\localhost\ASaber.xml] has been ignored
18-Apr-2023 18:33:14.228 INFO [main] org.apache.jasper.servlet.TldScanner.scanJars Al menos un JAR, que se ha explorado buscando TLDs, aún no contenía TLDs. Activar historial de depuración para este historiador para una completa lista de los JARs que fueron explorados y de los que nos se halló TLDs. Saltarse JARs no necesarios durante la exploración puede dar lugar a una mejora de tiempo significativa en el arranque y compilación de JSP .
18-Apr-2023 18:33:14.324 INFO [main] org.apache.catalina.startup.HostConfig.deployDescriptor Deployment of deployment descriptor [J:\Universidad\Proyecto\ASaber\apache-tomcat-9.0.60\conf\Catalina\localhost\ASaber.xml] has finished in [884] ms
18-Apr-2023 18:33:14.324 INFO [main] org.apache.catalina.startup.HostConfig.deployDescriptor Desplieque del descriptor de configuración [J:\Universidad\Proyecto\ASaber\apache-tomcat-9.0.60\conf\Catalina\localhost\ProyectoIntegrador.xml]
18-Apr-2023 18:33:14.326 WARNING [main] org.apache.catalina.startup.HostConfig.deployDescriptor The path attribute with value [/ProyectoIntegrador] in deployment descriptor [J:\Universidad\Proyecto\ASaber\apache-tomcat-9.0.60\conf\Catalina\localhost\ProyectoIntegrador.xml] has been ignored
18-Apr-2023 18:33:14.529 INFO [main] org.apache.jasper.servlet.TldScanner.scanJars Al menos un JAR, que se ha explorado buscando TLDs, aún no contenía TLDs. Activar historial de depuración para este historiador para una completa lista de los JARs que fueron explorados y de los que nos se halló TLDs. Saltarse JARs no necesarios durante la exploración puede dar lugar a una mejora de tiempo significativa en el arranque y compilación de JSP .
18-Apr-2023 18:33:14.534 INFO [main] org.apache.catalina.startup.HostConfig.deployDescriptor Deployment of deployment descriptor [J:\Universidad\Proyecto\ASaber\apache-tomcat-9.0.60\conf\Catalina\localhost\ProyectoIntegrador.xml] has finished in [210] ms
18-Apr-2023 18:33:14.534 INFO [main] org.apache.catalina.startup.HostConfig.deployDescriptor Desplieque del descriptor de configuración [J:\Universidad\Proyecto\ASaber\apache-tomcat-9.0.60\conf\Catalina\localhost\ProyectoMIPE.xml]
18-Apr-2023 18:33:14.535 WARNING [main] org.apache.catalina.startup.HostConfig.deployDescriptor The path attribute with value [/ProyectoMIPE] in deployment descriptor [J:\Universidad\Proyecto\ASaber\apache-tomcat-9.0.60\conf\Catalina\localhost\ProyectoMIPE.xml] has been ignored
18-Apr-2023 18:33:14.538 WARNING [main] org.apache.tomcat.util.digester.SetPropertiesRule.begin Match [Context] failed to set property [antiJARLocking] to [true]
18-Apr-2023 18:33:14.616 INFO [main] org.apache.catalina.startup.HostConfig.deployDescriptor Deployment of deployment descriptor [J:\Universidad\Proyecto\ASaber\apache-tomcat-9.0.60\conf\Catalina\localhost\ProyectoMIPE.xml] has finished in [81] ms
18-Apr-2023 18:33:14.617 INFO [main] org.apache.catalina.startup.HostConfig.deployDescriptor Desplieque del descriptor de configuración [J:\Universidad\Proyecto\ASaber\apache-tomcat-9.0.60\conf\Catalina\localhost\proyectoPlataforma.xml]
18-Apr-2023 18:33:14.619 WARNING [main] org.apache.catalina.startup.HostConfig.deployDescriptor The path attribute with value [/proyectoPlataforma] in deployment descriptor [J:\Universidad\Proyecto\ASaber\apache-tomcat-9.0.60\conf\Catalina\localhost\proyectoPlataforma.xml] has been ignored
18-Apr-2023 18:33:14.623 WARNING [main] org.apache.tomcat.util.digester.SetPropertiesRule.begin Match [Context] failed to set property [antiJARLocking] to [true]
18-Apr-2023 18:33:14.627 SEVERE [main] org.apache.catalina.startup.HostConfig.deployDescriptor Error durante el despliegue del descriptor de configuración [J:\Universidad\Proyecto\ASaber\apache-tomcat-9.0.60\conf\Catalina\localhost\proyectoPlataforma.xml]
	java.lang.IllegalStateException: Error starting child
		at org.apache.catalina.core.ContainerBase.addChildInternal(ContainerBase.java:729)
		at org.apache.catalina.core.ContainerBase.addChild(ContainerBase.java:698)
		at org.apache.catalina.core.StandardHost.addChild(StandardHost.java:696)
		at org.apache.catalina.startup.HostConfig.deployDescriptor(HostConfig.java:690)
		at org.apache.catalina.startup.HostConfig$DeployDescriptor.run(HostConfig.java:1889)
		at java.base/java.util.concurrent.Executors$RunnableAdapter.call(Executors.java:539)
		at java.base/java.util.concurrent.FutureTask.run(FutureTask.java:264)
		at org.apache.tomcat.util.threads.InlineExecutorService.execute(InlineExecutorService.java:75)
		at java.base/java.util.concurrent.AbstractExecutorService.submit(AbstractExecutorService.java:123)
		at org.apache.catalina.startup.HostConfig.deployDescriptors(HostConfig.java:583)
		at org.apache.catalina.startup.HostConfig.deployApps(HostConfig.java:473)
		at org.apache.catalina.startup.HostConfig.start(HostConfig.java:1618)
		at org.apache.catalina.startup.HostConfig.lifecycleEvent(HostConfig.java:319)
		at org.apache.catalina.util.LifecycleBase.fireLifecycleEvent(LifecycleBase.java:123)
		at org.apache.catalina.util.LifecycleBase.setStateInternal(LifecycleBase.java:423)
		at org.apache.catalina.util.LifecycleBase.setState(LifecycleBase.java:366)
		at org.apache.catalina.core.ContainerBase.startInternal(ContainerBase.java:946)
		at org.apache.catalina.core.StandardHost.startInternal(StandardHost.java:835)
		at org.apache.catalina.util.LifecycleBase.start(LifecycleBase.java:183)
		at org.apache.catalina.core.ContainerBase$StartChild.call(ContainerBase.java:1396)
		at org.apache.catalina.core.ContainerBase$StartChild.call(ContainerBase.java:1386)
		at java.base/java.util.concurrent.FutureTask.run(FutureTask.java:264)
		at org.apache.tomcat.util.threads.InlineExecutorService.execute(InlineExecutorService.java:75)
		at java.base/java.util.concurrent.AbstractExecutorService.submit(AbstractExecutorService.java:145)
		at org.apache.catalina.core.ContainerBase.startInternal(ContainerBase.java:919)
		at org.apache.catalina.core.StandardEngine.startInternal(StandardEngine.java:263)
		at org.apache.catalina.util.LifecycleBase.start(LifecycleBase.java:183)
		at org.apache.catalina.core.StandardService.startInternal(StandardService.java:432)
		at org.apache.catalina.util.LifecycleBase.start(LifecycleBase.java:183)
		at org.apache.catalina.core.StandardServer.startInternal(StandardServer.java:927)
		at org.apache.catalina.util.LifecycleBase.start(LifecycleBase.java:183)
		at org.apache.catalina.startup.Catalina.start(Catalina.java:772)
		at java.base/jdk.internal.reflect.NativeMethodAccessorImpl.invoke0(Native Method)
		at java.base/jdk.internal.reflect.NativeMethodAccessorImpl.invoke(NativeMethodAccessorImpl.java:77)
		at java.base/jdk.internal.reflect.DelegatingMethodAccessorImpl.invoke(DelegatingMethodAccessorImpl.java:43)
		at java.base/java.lang.reflect.Method.invoke(Method.java:568)
		at org.apache.catalina.startup.Bootstrap.start(Bootstrap.java:345)
		at org.apache.catalina.startup.Bootstrap.main(Bootstrap.java:476)
	Caused by: org.apache.catalina.LifecycleException: Failed to start component [org.apache.catalina.webresources.StandardRoot@6063d80a]
		at org.apache.catalina.util.LifecycleBase.handleSubClassException(LifecycleBase.java:440)
		at org.apache.catalina.util.LifecycleBase.start(LifecycleBase.java:198)
		at org.apache.catalina.core.StandardContext.resourcesStart(StandardContext.java:4885)
		at org.apache.catalina.core.StandardContext.startInternal(StandardContext.java:5023)
		at org.apache.catalina.util.LifecycleBase.start(LifecycleBase.java:183)
		at org.apache.catalina.core.ContainerBase.addChildInternal(ContainerBase.java:726)
		... 37 more
	Caused by: java.lang.IllegalArgumentException: The main resource set specified [C:\Users\NITRO\Downloads\proyectoPlataforma-master\proyectoPlataforma-master\build\web] is not valid
		at org.apache.catalina.webresources.StandardRoot.createMainResourceSet(StandardRoot.java:762)
		at org.apache.catalina.webresources.StandardRoot.startInternal(StandardRoot.java:719)
		at org.apache.catalina.util.LifecycleBase.start(LifecycleBase.java:183)
		... 41 more
18-Apr-2023 18:33:14.679 INFO [main] org.apache.catalina.startup.HostConfig.deployDescriptor Deployment of deployment descriptor [J:\Universidad\Proyecto\ASaber\apache-tomcat-9.0.60\conf\Catalina\localhost\proyectoPlataforma.xml] has finished in [62] ms
18-Apr-2023 18:33:14.679 INFO [main] org.apache.catalina.startup.HostConfig.deployDescriptor Desplieque del descriptor de configuración [J:\Universidad\Proyecto\ASaber\apache-tomcat-9.0.60\conf\Catalina\localhost\ProyectoSigie.xml]
18-Apr-2023 18:33:14.681 WARNING [main] org.apache.catalina.startup.HostConfig.deployDescriptor The path attribute with value [/ProyectoSigie] in deployment descriptor [J:\Universidad\Proyecto\ASaber\apache-tomcat-9.0.60\conf\Catalina\localhost\ProyectoSigie.xml] has been ignored
18-Apr-2023 18:33:14.686 WARNING [main] org.apache.tomcat.util.digester.SetPropertiesRule.begin Match [Context] failed to set property [antiJARLocking] to [true]
18-Apr-2023 18:33:15.054 INFO [main] org.apache.jasper.servlet.TldScanner.scanJars Al menos un JAR, que se ha explorado buscando TLDs, aún no contenía TLDs. Activar historial de depuración para este historiador para una completa lista de los JARs que fueron explorados y de los que nos se halló TLDs. Saltarse JARs no necesarios durante la exploración puede dar lugar a una mejora de tiempo significativa en el arranque y compilación de JSP .
18-Apr-2023 18:33:15.061 INFO [main] org.apache.catalina.startup.HostConfig.deployDescriptor Deployment of deployment descriptor [J:\Universidad\Proyecto\ASaber\apache-tomcat-9.0.60\conf\Catalina\localhost\ProyectoSigie.xml] has finished in [381] ms
18-Apr-2023 18:33:15.061 INFO [main] org.apache.catalina.startup.HostConfig.deployDescriptor Desplieque del descriptor de configuración [J:\Universidad\Proyecto\ASaber\apache-tomcat-9.0.60\conf\Catalina\localhost\Sigie2.0.xml]
18-Apr-2023 18:33:15.063 WARNING [main] org.apache.catalina.startup.HostConfig.deployDescriptor The path attribute with value [/Sigie2.0] in deployment descriptor [J:\Universidad\Proyecto\ASaber\apache-tomcat-9.0.60\conf\Catalina\localhost\Sigie2.0.xml] has been ignored
18-Apr-2023 18:33:15.071 SEVERE [main] org.apache.catalina.startup.HostConfig.deployDescriptor Error durante el despliegue del descriptor de configuración [J:\Universidad\Proyecto\ASaber\apache-tomcat-9.0.60\conf\Catalina\localhost\Sigie2.0.xml]
	java.lang.IllegalStateException: Error starting child
		at org.apache.catalina.core.ContainerBase.addChildInternal(ContainerBase.java:729)
		at org.apache.catalina.core.ContainerBase.addChild(ContainerBase.java:698)
		at org.apache.catalina.core.StandardHost.addChild(StandardHost.java:696)
		at org.apache.catalina.startup.HostConfig.deployDescriptor(HostConfig.java:690)
		at org.apache.catalina.startup.HostConfig$DeployDescriptor.run(HostConfig.java:1889)
		at java.base/java.util.concurrent.Executors$RunnableAdapter.call(Executors.java:539)
		at java.base/java.util.concurrent.FutureTask.run(FutureTask.java:264)
		at org.apache.tomcat.util.threads.InlineExecutorService.execute(InlineExecutorService.java:75)
		at java.base/java.util.concurrent.AbstractExecutorService.submit(AbstractExecutorService.java:123)
		at org.apache.catalina.startup.HostConfig.deployDescriptors(HostConfig.java:583)
		at org.apache.catalina.startup.HostConfig.deployApps(HostConfig.java:473)
		at org.apache.catalina.startup.HostConfig.start(HostConfig.java:1618)
		at org.apache.catalina.startup.HostConfig.lifecycleEvent(HostConfig.java:319)
		at org.apache.catalina.util.LifecycleBase.fireLifecycleEvent(LifecycleBase.java:123)
		at org.apache.catalina.util.LifecycleBase.setStateInternal(LifecycleBase.java:423)
		at org.apache.catalina.util.LifecycleBase.setState(LifecycleBase.java:366)
		at org.apache.catalina.core.ContainerBase.startInternal(ContainerBase.java:946)
		at org.apache.catalina.core.StandardHost.startInternal(StandardHost.java:835)
		at org.apache.catalina.util.LifecycleBase.start(LifecycleBase.java:183)
		at org.apache.catalina.core.ContainerBase$StartChild.call(ContainerBase.java:1396)
		at org.apache.catalina.core.ContainerBase$StartChild.call(ContainerBase.java:1386)
		at java.base/java.util.concurrent.FutureTask.run(FutureTask.java:264)
		at org.apache.tomcat.util.threads.InlineExecutorService.execute(InlineExecutorService.java:75)
		at java.base/java.util.concurrent.AbstractExecutorService.submit(AbstractExecutorService.java:145)
		at org.apache.catalina.core.ContainerBase.startInternal(ContainerBase.java:919)
		at org.apache.catalina.core.StandardEngine.startInternal(StandardEngine.java:263)
		at org.apache.catalina.util.LifecycleBase.start(LifecycleBase.java:183)
		at org.apache.catalina.core.StandardService.startInternal(StandardService.java:432)
		at org.apache.catalina.util.LifecycleBase.start(LifecycleBase.java:183)
		at org.apache.catalina.core.StandardServer.startInternal(StandardServer.java:927)
		at org.apache.catalina.util.LifecycleBase.start(LifecycleBase.java:183)
		at org.apache.catalina.startup.Catalina.start(Catalina.java:772)
		at java.base/jdk.internal.reflect.NativeMethodAccessorImpl.invoke0(Native Method)
		at java.base/jdk.internal.reflect.NativeMethodAccessorImpl.invoke(NativeMethodAccessorImpl.java:77)
		at java.base/jdk.internal.reflect.DelegatingMethodAccessorImpl.invoke(DelegatingMethodAccessorImpl.java:43)
		at java.base/java.lang.reflect.Method.invoke(Method.java:568)
		at org.apache.catalina.startup.Bootstrap.start(Bootstrap.java:345)
		at org.apache.catalina.startup.Bootstrap.main(Bootstrap.java:476)
	Caused by: org.apache.catalina.LifecycleException: Failed to start component [org.apache.catalina.webresources.StandardRoot@452c8a40]
		at org.apache.catalina.util.LifecycleBase.handleSubClassException(LifecycleBase.java:440)
		at org.apache.catalina.util.LifecycleBase.start(LifecycleBase.java:198)
		at org.apache.catalina.core.StandardContext.resourcesStart(StandardContext.java:4885)
		at org.apache.catalina.core.StandardContext.startInternal(StandardContext.java:5023)
		at org.apache.catalina.util.LifecycleBase.start(LifecycleBase.java:183)
		at org.apache.catalina.core.ContainerBase.addChildInternal(ContainerBase.java:726)
		... 37 more
	Caused by: java.lang.IllegalArgumentException: The main resource set specified [C:\Users\NITRO\Downloads\04-03-2016\Sigie_2.0\Sigie_2.0\build\web] is not valid
		at org.apache.catalina.webresources.StandardRoot.createMainResourceSet(StandardRoot.java:762)
		at org.apache.catalina.webresources.StandardRoot.startInternal(StandardRoot.java:719)
		at org.apache.catalina.util.LifecycleBase.start(LifecycleBase.java:183)
		... 41 more
18-Apr-2023 18:33:15.104 INFO [main] org.apache.catalina.startup.HostConfig.deployDescriptor Deployment of deployment descriptor [J:\Universidad\Proyecto\ASaber\apache-tomcat-9.0.60\conf\Catalina\localhost\Sigie2.0.xml] has finished in [42] ms
18-Apr-2023 18:33:15.104 INFO [main] org.apache.catalina.startup.HostConfig.deployDescriptor Desplieque del descriptor de configuración [J:\Universidad\Proyecto\ASaber\apache-tomcat-9.0.60\conf\Catalina\localhost\WebApplication1.xml]
18-Apr-2023 18:33:15.105 WARNING [main] org.apache.catalina.startup.HostConfig.deployDescriptor The path attribute with value [/WebApplication1] in deployment descriptor [J:\Universidad\Proyecto\ASaber\apache-tomcat-9.0.60\conf\Catalina\localhost\WebApplication1.xml] has been ignored
18-Apr-2023 18:33:15.110 SEVERE [main] org.apache.catalina.startup.HostConfig.deployDescriptor Error durante el despliegue del descriptor de configuración [J:\Universidad\Proyecto\ASaber\apache-tomcat-9.0.60\conf\Catalina\localhost\WebApplication1.xml]
	java.lang.IllegalStateException: Error starting child
		at org.apache.catalina.core.ContainerBase.addChildInternal(ContainerBase.java:729)
		at org.apache.catalina.core.ContainerBase.addChild(ContainerBase.java:698)
		at org.apache.catalina.core.StandardHost.addChild(StandardHost.java:696)
		at org.apache.catalina.startup.HostConfig.deployDescriptor(HostConfig.java:690)
		at org.apache.catalina.startup.HostConfig$DeployDescriptor.run(HostConfig.java:1889)
		at java.base/java.util.concurrent.Executors$RunnableAdapter.call(Executors.java:539)
		at java.base/java.util.concurrent.FutureTask.run(FutureTask.java:264)
		at org.apache.tomcat.util.threads.InlineExecutorService.execute(InlineExecutorService.java:75)
		at java.base/java.util.concurrent.AbstractExecutorService.submit(AbstractExecutorService.java:123)
		at org.apache.catalina.startup.HostConfig.deployDescriptors(HostConfig.java:583)
		at org.apache.catalina.startup.HostConfig.deployApps(HostConfig.java:473)
		at org.apache.catalina.startup.HostConfig.start(HostConfig.java:1618)
		at org.apache.catalina.startup.HostConfig.lifecycleEvent(HostConfig.java:319)
		at org.apache.catalina.util.LifecycleBase.fireLifecycleEvent(LifecycleBase.java:123)
		at org.apache.catalina.util.LifecycleBase.setStateInternal(LifecycleBase.java:423)
		at org.apache.catalina.util.LifecycleBase.setState(LifecycleBase.java:366)
		at org.apache.catalina.core.ContainerBase.startInternal(ContainerBase.java:946)
		at org.apache.catalina.core.StandardHost.startInternal(StandardHost.java:835)
		at org.apache.catalina.util.LifecycleBase.start(LifecycleBase.java:183)
		at org.apache.catalina.core.ContainerBase$StartChild.call(ContainerBase.java:1396)
		at org.apache.catalina.core.ContainerBase$StartChild.call(ContainerBase.java:1386)
		at java.base/java.util.concurrent.FutureTask.run(FutureTask.java:264)
		at org.apache.tomcat.util.threads.InlineExecutorService.execute(InlineExecutorService.java:75)
		at java.base/java.util.concurrent.AbstractExecutorService.submit(AbstractExecutorService.java:145)
		at org.apache.catalina.core.ContainerBase.startInternal(ContainerBase.java:919)
		at org.apache.catalina.core.StandardEngine.startInternal(StandardEngine.java:263)
		at org.apache.catalina.util.LifecycleBase.start(LifecycleBase.java:183)
		at org.apache.catalina.core.StandardService.startInternal(StandardService.java:432)
		at org.apache.catalina.util.LifecycleBase.start(LifecycleBase.java:183)
		at org.apache.catalina.core.StandardServer.startInternal(StandardServer.java:927)
		at org.apache.catalina.util.LifecycleBase.start(LifecycleBase.java:183)
		at org.apache.catalina.startup.Catalina.start(Catalina.java:772)
		at java.base/jdk.internal.reflect.NativeMethodAccessorImpl.invoke0(Native Method)
		at java.base/jdk.internal.reflect.NativeMethodAccessorImpl.invoke(NativeMethodAccessorImpl.java:77)
		at java.base/jdk.internal.reflect.DelegatingMethodAccessorImpl.invoke(DelegatingMethodAccessorImpl.java:43)
		at java.base/java.lang.reflect.Method.invoke(Method.java:568)
		at org.apache.catalina.startup.Bootstrap.start(Bootstrap.java:345)
		at org.apache.catalina.startup.Bootstrap.main(Bootstrap.java:476)
	Caused by: org.apache.catalina.LifecycleException: Failed to start component [org.apache.catalina.webresources.StandardRoot@27494e46]
		at org.apache.catalina.util.LifecycleBase.handleSubClassException(LifecycleBase.java:440)
		at org.apache.catalina.util.LifecycleBase.start(LifecycleBase.java:198)
		at org.apache.catalina.core.StandardContext.resourcesStart(StandardContext.java:4885)
		at org.apache.catalina.core.StandardContext.startInternal(StandardContext.java:5023)
		at org.apache.catalina.util.LifecycleBase.start(LifecycleBase.java:183)
		at org.apache.catalina.core.ContainerBase.addChildInternal(ContainerBase.java:726)
		... 37 more
	Caused by: java.lang.IllegalArgumentException: The main resource set specified [J:\Universidad\Semestre 6\PROYECTO INTEGRADOR\ProyectoIntegrador\PI6\WebApplication1\build\web] is not valid
		at org.apache.catalina.webresources.StandardRoot.createMainResourceSet(StandardRoot.java:762)
		at org.apache.catalina.webresources.StandardRoot.startInternal(StandardRoot.java:719)
		at org.apache.catalina.util.LifecycleBase.start(LifecycleBase.java:183)
		... 41 more
18-Apr-2023 18:33:15.177 INFO [main] org.apache.catalina.startup.HostConfig.deployDescriptor Deployment of deployment descriptor [J:\Universidad\Proyecto\ASaber\apache-tomcat-9.0.60\conf\Catalina\localhost\WebApplication1.xml] has finished in [72] ms
18-Apr-2023 18:33:15.178 INFO [main] org.apache.catalina.startup.HostConfig.deployDirectory Desplegando el directorio [J:\Universidad\Proyecto\ASaber\apache-tomcat-9.0.60\webapps\docs] de la aplicación web
18-Apr-2023 18:33:15.216 INFO [main] org.apache.catalina.startup.HostConfig.deployDirectory Deployment of web application directory [J:\Universidad\Proyecto\ASaber\apache-tomcat-9.0.60\webapps\docs] has finished in [38] ms
18-Apr-2023 18:33:15.217 INFO [main] org.apache.catalina.startup.HostConfig.deployDirectory Desplegando el directorio [J:\Universidad\Proyecto\ASaber\apache-tomcat-9.0.60\webapps\examples] de la aplicación web
18-Apr-2023 18:33:16.079 INFO [main] org.apache.catalina.startup.HostConfig.deployDirectory Deployment of web application directory [J:\Universidad\Proyecto\ASaber\apache-tomcat-9.0.60\webapps\examples] has finished in [862] ms
18-Apr-2023 18:33:16.079 INFO [main] org.apache.catalina.startup.HostConfig.deployDirectory Desplegando el directorio [J:\Universidad\Proyecto\ASaber\apache-tomcat-9.0.60\webapps\host-manager] de la aplicación web
18-Apr-2023 18:33:16.134 INFO [main] org.apache.catalina.startup.HostConfig.deployDirectory Deployment of web application directory [J:\Universidad\Proyecto\ASaber\apache-tomcat-9.0.60\webapps\host-manager] has finished in [55] ms
18-Apr-2023 18:33:16.134 INFO [main] org.apache.catalina.startup.HostConfig.deployDirectory Desplegando el directorio [J:\Universidad\Proyecto\ASaber\apache-tomcat-9.0.60\webapps\manager] de la aplicación web
18-Apr-2023 18:33:16.196 INFO [main] org.apache.catalina.startup.HostConfig.deployDirectory Deployment of web application directory [J:\Universidad\Proyecto\ASaber\apache-tomcat-9.0.60\webapps\manager] has finished in [62] ms
18-Apr-2023 18:33:16.196 INFO [main] org.apache.catalina.startup.HostConfig.deployDirectory Desplegando el directorio [J:\Universidad\Proyecto\ASaber\apache-tomcat-9.0.60\webapps\ROOT] de la aplicación web
18-Apr-2023 18:33:16.233 INFO [main] org.apache.catalina.startup.HostConfig.deployDirectory Deployment of web application directory [J:\Universidad\Proyecto\ASaber\apache-tomcat-9.0.60\webapps\ROOT] has finished in [37] ms
18-Apr-2023 18:33:16.242 INFO [main] org.apache.coyote.AbstractProtocol.start Starting ProtocolHandler ["http-nio-8080"]
18-Apr-2023 18:33:16.308 INFO [main] org.apache.catalina.startup.Catalina.start Server startup in [2999] milliseconds
18-Apr-2023 18:57:19.803 INFO [http-nio-8080-exec-4] org.apache.catalina.core.StandardContext.reload Ha comenzado la recarga de Contexto [/ASaber]
18-Apr-2023 18:57:19.825 WARNING [http-nio-8080-exec-4] org.apache.catalina.loader.WebappClassLoaderBase.clearReferencesJdbc La aplicación web [ASaber] registró el conductor JDBC [com.mysql.jdbc.Driver] pero falló al anular el registro mientras la aplicación web estaba parada. Para prevenir un fallo de memoria, se ha anulado el registro del conductor JDBC por la fuerza.
18-Apr-2023 18:57:19.826 WARNING [http-nio-8080-exec-4] org.apache.catalina.loader.WebappClassLoaderBase.clearReferencesThreads The web application [ASaber] appears to have started a thread named [MySQL Statement Cancellation Timer] but has failed to stop it. This is very likely to create a memory leak. Stack trace of thread:
 java.base@17.0.2/java.lang.Object.wait(Native Method)
 java.base@17.0.2/java.lang.Object.wait(Object.java:338)
 java.base@17.0.2/java.util.TimerThread.mainLoop(Timer.java:537)
 java.base@17.0.2/java.util.TimerThread.run(Timer.java:516)
18-Apr-2023 18:57:20.006 INFO [http-nio-8080-exec-4] org.apache.jasper.servlet.TldScanner.scanJars Al menos un JAR, que se ha explorado buscando TLDs, aún no contenía TLDs. Activar historial de depuración para este historiador para una completa lista de los JARs que fueron explorados y de los que nos se halló TLDs. Saltarse JARs no necesarios durante la exploración puede dar lugar a una mejora de tiempo significativa en el arranque y compilación de JSP .
18-Apr-2023 18:57:20.032 INFO [http-nio-8080-exec-4] org.apache.catalina.core.StandardContext.reload Se ha completado la recarga de este Contexto
18-Apr-2023 18:57:20.917 INFO [http-nio-8080-exec-11] org.apache.catalina.core.StandardContext.reload Ha comenzado la recarga de Contexto [/ASaber]
18-Apr-2023 18:57:21.052 INFO [http-nio-8080-exec-11] org.apache.jasper.servlet.TldScanner.scanJars Al menos un JAR, que se ha explorado buscando TLDs, aún no contenía TLDs. Activar historial de depuración para este historiador para una completa lista de los JARs que fueron explorados y de los que nos se halló TLDs. Saltarse JARs no necesarios durante la exploración puede dar lugar a una mejora de tiempo significativa en el arranque y compilación de JSP .
18-Apr-2023 18:57:21.058 INFO [http-nio-8080-exec-11] org.apache.catalina.core.StandardContext.reload Se ha completado la recarga de este Contexto
18-Apr-2023 18:57:48.397 INFO [http-nio-8080-exec-6] org.apache.catalina.core.StandardContext.reload Ha comenzado la recarga de Contexto [/ASaber]
18-Apr-2023 18:57:48.526 INFO [http-nio-8080-exec-6] org.apache.jasper.servlet.TldScanner.scanJars Al menos un JAR, que se ha explorado buscando TLDs, aún no contenía TLDs. Activar historial de depuración para este historiador para una completa lista de los JARs que fueron explorados y de los que nos se halló TLDs. Saltarse JARs no necesarios durante la exploración puede dar lugar a una mejora de tiempo significativa en el arranque y compilación de JSP .
18-Apr-2023 18:57:48.530 INFO [http-nio-8080-exec-6] org.apache.catalina.core.StandardContext.reload Se ha completado la recarga de este Contexto
18-Apr-2023 18:57:49.323 INFO [http-nio-8080-exec-12] org.apache.catalina.core.StandardContext.reload Ha comenzado la recarga de Contexto [/ASaber]
18-Apr-2023 18:57:49.452 INFO [http-nio-8080-exec-12] org.apache.jasper.servlet.TldScanner.scanJars Al menos un JAR, que se ha explorado buscando TLDs, aún no contenía TLDs. Activar historial de depuración para este historiador para una completa lista de los JARs que fueron explorados y de los que nos se halló TLDs. Saltarse JARs no necesarios durante la exploración puede dar lugar a una mejora de tiempo significativa en el arranque y compilación de JSP .
18-Apr-2023 18:57:49.455 INFO [http-nio-8080-exec-12] org.apache.catalina.core.StandardContext.reload Se ha completado la recarga de este Contexto
18-Apr-2023 19:12:47.167 INFO [main] org.apache.catalina.core.StandardServer.await Se ha recibido un comando de apagado a través del puerto de apagado. Parando la instancia del Servidor.
18-Apr-2023 19:12:47.168 INFO [main] org.apache.coyote.AbstractProtocol.pause Pausing ProtocolHandler ["http-nio-8080"]
18-Apr-2023 19:12:47.176 INFO [main] org.apache.catalina.core.StandardService.stopInternal Parando servicio [Catalina]
18-Apr-2023 19:12:47.181 WARNING [main] org.apache.catalina.loader.WebappClassLoaderBase.clearReferencesJdbc La aplicación web [ASaber] registró el conductor JDBC [com.mysql.jdbc.Driver] pero falló al anular el registro mientras la aplicación web estaba parada. Para prevenir un fallo de memoria, se ha anulado el registro del conductor JDBC por la fuerza.
18-Apr-2023 19:12:47.181 WARNING [main] org.apache.catalina.loader.WebappClassLoaderBase.clearReferencesThreads The web application [ASaber] appears to have started a thread named [MySQL Statement Cancellation Timer] but has failed to stop it. This is very likely to create a memory leak. Stack trace of thread:
 java.base@17.0.2/java.lang.Object.wait(Native Method)
 java.base@17.0.2/java.lang.Object.wait(Object.java:338)
 java.base@17.0.2/java.util.TimerThread.mainLoop(Timer.java:537)
 java.base@17.0.2/java.util.TimerThread.run(Timer.java:516)
18-Apr-2023 19:12:47.192 INFO [main] org.apache.coyote.AbstractProtocol.stop Stopping ProtocolHandler ["http-nio-8080"]
18-Apr-2023 19:12:47.197 INFO [main] org.apache.coyote.AbstractProtocol.destroy Destroying ProtocolHandler ["http-nio-8080"]
