05-Mar-2023 10:50:55.809 INFO [main] org.apache.catalina.startup.VersionLoggerListener.log Nombre de la versión del servidor: Apache Tomcat/9.0.60
05-Mar-2023 10:50:55.813 INFO [main] org.apache.catalina.startup.VersionLoggerListener.log Server built:                      Mar 9 2022 14:52:25 UTC
05-Mar-2023 10:50:55.813 INFO [main] org.apache.catalina.startup.VersionLoggerListener.log Número de versión de servidor:     9.0.60.0
05-Mar-2023 10:50:55.814 INFO [main] org.apache.catalina.startup.VersionLoggerListener.log OS Name:                           Windows 11
05-Mar-2023 10:50:55.815 INFO [main] org.apache.catalina.startup.VersionLoggerListener.log Versión de Systema Operativo:      10.0
05-Mar-2023 10:50:55.815 INFO [main] org.apache.catalina.startup.VersionLoggerListener.log Arquitectura:                      amd64
05-Mar-2023 10:50:55.815 INFO [main] org.apache.catalina.startup.VersionLoggerListener.log Java Home:                         C:\Program Files\Java\jdk-17.0.2
05-Mar-2023 10:50:55.816 INFO [main] org.apache.catalina.startup.VersionLoggerListener.log JVM Version:                       17.0.2+8-LTS-86
05-Mar-2023 10:50:55.816 INFO [main] org.apache.catalina.startup.VersionLoggerListener.log Vededor JVM:                       Oracle Corporation
05-Mar-2023 10:50:55.816 INFO [main] org.apache.catalina.startup.VersionLoggerListener.log CATALINA_BASE:                     J:\Universidad\Proyecto\ASaber\apache-tomcat-9.0.60
05-Mar-2023 10:50:55.816 INFO [main] org.apache.catalina.startup.VersionLoggerListener.log CATALINA_HOME:                     J:\Universidad\Proyecto\ASaber\apache-tomcat-9.0.60
05-Mar-2023 10:50:55.826 INFO [main] org.apache.catalina.startup.VersionLoggerListener.log Command line argument:             --add-opens=java.base/java.lang=ALL-UNNAMED
05-Mar-2023 10:50:55.826 INFO [main] org.apache.catalina.startup.VersionLoggerListener.log Command line argument:             --add-opens=java.base/java.io=ALL-UNNAMED
05-Mar-2023 10:50:55.827 INFO [main] org.apache.catalina.startup.VersionLoggerListener.log Command line argument:             --add-opens=java.base/java.util=ALL-UNNAMED
05-Mar-2023 10:50:55.827 INFO [main] org.apache.catalina.startup.VersionLoggerListener.log Command line argument:             --add-opens=java.base/java.util.concurrent=ALL-UNNAMED
05-Mar-2023 10:50:55.827 INFO [main] org.apache.catalina.startup.VersionLoggerListener.log Command line argument:             --add-opens=java.rmi/sun.rmi.transport=ALL-UNNAMED
05-Mar-2023 10:50:55.827 INFO [main] org.apache.catalina.startup.VersionLoggerListener.log Command line argument:             -Djava.util.logging.config.file=J:\Universidad\Proyecto\ASaber\apache-tomcat-9.0.60\conf\logging.properties
05-Mar-2023 10:50:55.827 INFO [main] org.apache.catalina.startup.VersionLoggerListener.log Command line argument:             -Djava.util.logging.manager=org.apache.juli.ClassLoaderLogManager
05-Mar-2023 10:50:55.827 INFO [main] org.apache.catalina.startup.VersionLoggerListener.log Command line argument:             -Dhttp.nonProxyHosts=localhost|127.0.0.1|DESKTOP-4M9M9EI
05-Mar-2023 10:50:55.827 INFO [main] org.apache.catalina.startup.VersionLoggerListener.log Command line argument:             -Djdk.tls.ephemeralDHKeySize=2048
05-Mar-2023 10:50:55.827 INFO [main] org.apache.catalina.startup.VersionLoggerListener.log Command line argument:             -Djava.protocol.handler.pkgs=org.apache.catalina.webresources
05-Mar-2023 10:50:55.827 INFO [main] org.apache.catalina.startup.VersionLoggerListener.log Command line argument:             -Dignore.endorsed.dirs=
05-Mar-2023 10:50:55.827 INFO [main] org.apache.catalina.startup.VersionLoggerListener.log Command line argument:             -Dcatalina.base=J:\Universidad\Proyecto\ASaber\apache-tomcat-9.0.60
05-Mar-2023 10:50:55.828 INFO [main] org.apache.catalina.startup.VersionLoggerListener.log Command line argument:             -Dcatalina.home=J:\Universidad\Proyecto\ASaber\apache-tomcat-9.0.60
05-Mar-2023 10:50:55.828 INFO [main] org.apache.catalina.startup.VersionLoggerListener.log Command line argument:             -Djava.io.tmpdir=J:\Universidad\Proyecto\ASaber\apache-tomcat-9.0.60\temp
05-Mar-2023 10:50:55.915 INFO [main] org.apache.catalina.core.AprLifecycleListener.lifecycleEvent Cargada la biblioteca nativa APR de Apache Tomcat [1.2.31] con la versión APR [1.7.0].
05-Mar-2023 10:50:55.916 INFO [main] org.apache.catalina.core.AprLifecycleListener.lifecycleEvent Capacidades APR: IPv6 [true], enviar fichero [true], aceptar filtros [false], aleatorio [true], UDS [true].
05-Mar-2023 10:50:55.916 INFO [main] org.apache.catalina.core.AprLifecycleListener.lifecycleEvent APR/OpenSSL configuration: useAprConnector [false], useOpenSSL [true]
05-Mar-2023 10:50:55.926 INFO [main] org.apache.catalina.core.AprLifecycleListener.initializeSSL OpenSSL inicializado correctamente [OpenSSL 1.1.1l  24 Aug 2021]
05-Mar-2023 10:50:56.150 INFO [main] org.apache.coyote.AbstractProtocol.init Inicializando el manejador de protocolo ["http-nio-8080"]

05-Mar-2023 10:50:56.173 INFO [main] org.apache.catalina.startup.Catalina.load Server initialization in [528] milliseconds
05-Mar-2023 10:50:56.226 INFO [main] org.apache.catalina.core.StandardService.startInternal Arrancando servicio [Catalina]
05-Mar-2023 10:50:56.227 INFO [main] org.apache.catalina.core.StandardEngine.startInternal Starting Servlet engine: [Apache Tomcat/9.0.60]
05-Mar-2023 10:50:56.238 INFO [main] org.apache.catalina.startup.HostConfig.deployDescriptor Desplieque del descriptor de configuración [J:\Universidad\Proyecto\ASaber\apache-tomcat-9.0.60\conf\Catalina\localhost\ASaber.xml]
05-Mar-2023 10:50:56.252 WARNING [main] org.apache.catalina.startup.HostConfig.deployDescriptor The path attribute with value [/ASaber] in deployment descriptor [J:\Universidad\Proyecto\ASaber\apache-tomcat-9.0.60\conf\Catalina\localhost\ASaber.xml] has been ignored
05-Mar-2023 10:50:56.637 INFO [main] org.apache.jasper.servlet.TldScanner.scanJars Al menos un JAR, que se ha explorado buscando TLDs, aún no contenía TLDs. Activar historial de depuración para este historiador para una completa lista de los JARs que fueron explorados y de los que nos se halló TLDs. Saltarse JARs no necesarios durante la exploración puede dar lugar a una mejora de tiempo significativa en el arranque y compilación de JSP .
05-Mar-2023 10:50:56.715 INFO [main] org.apache.catalina.startup.HostConfig.deployDescriptor Deployment of deployment descriptor [J:\Universidad\Proyecto\ASaber\apache-tomcat-9.0.60\conf\Catalina\localhost\ASaber.xml] has finished in [475] ms
05-Mar-2023 10:50:56.716 INFO [main] org.apache.catalina.startup.HostConfig.deployDescriptor Desplieque del descriptor de configuración [J:\Universidad\Proyecto\ASaber\apache-tomcat-9.0.60\conf\Catalina\localhost\ProyectoIntegrador.xml]
05-Mar-2023 10:50:56.717 WARNING [main] org.apache.catalina.startup.HostConfig.deployDescriptor The path attribute with value [/ProyectoIntegrador] in deployment descriptor [J:\Universidad\Proyecto\ASaber\apache-tomcat-9.0.60\conf\Catalina\localhost\ProyectoIntegrador.xml] has been ignored
05-Mar-2023 10:50:57.446 INFO [main] org.apache.jasper.servlet.TldScanner.scanJars Al menos un JAR, que se ha explorado buscando TLDs, aún no contenía TLDs. Activar historial de depuración para este historiador para una completa lista de los JARs que fueron explorados y de los que nos se halló TLDs. Saltarse JARs no necesarios durante la exploración puede dar lugar a una mejora de tiempo significativa en el arranque y compilación de JSP .
05-Mar-2023 10:50:57.449 INFO [main] org.apache.catalina.startup.HostConfig.deployDescriptor Deployment of deployment descriptor [J:\Universidad\Proyecto\ASaber\apache-tomcat-9.0.60\conf\Catalina\localhost\ProyectoIntegrador.xml] has finished in [733] ms
05-Mar-2023 10:50:57.449 INFO [main] org.apache.catalina.startup.HostConfig.deployDescriptor Desplieque del descriptor de configuración [J:\Universidad\Proyecto\ASaber\apache-tomcat-9.0.60\conf\Catalina\localhost\proyectoPlataforma.xml]
05-Mar-2023 10:50:57.449 WARNING [main] org.apache.catalina.startup.HostConfig.deployDescriptor The path attribute with value [/proyectoPlataforma] in deployment descriptor [J:\Universidad\Proyecto\ASaber\apache-tomcat-9.0.60\conf\Catalina\localhost\proyectoPlataforma.xml] has been ignored
05-Mar-2023 10:50:57.453 WARNING [main] org.apache.tomcat.util.digester.SetPropertiesRule.begin Match [Context] failed to set property [antiJARLocking] to [true]
05-Mar-2023 10:50:57.454 SEVERE [main] org.apache.catalina.startup.HostConfig.deployDescriptor Error durante el despliegue del descriptor de configuración [J:\Universidad\Proyecto\ASaber\apache-tomcat-9.0.60\conf\Catalina\localhost\proyectoPlataforma.xml]
	java.lang.IllegalStateException: Error starting child
		at org.apache.catalina.core.ContainerBase.addChildInternal(ContainerBase.java:729)
		at org.apache.catalina.core.ContainerBase.addChild(ContainerBase.java:698)
		at org.apache.catalina.core.StandardHost.addChild(StandardHost.java:696)
		at org.apache.catalina.startup.HostConfig.deployDescriptor(HostConfig.java:690)
		at org.apache.catalina.startup.HostConfig$DeployDescriptor.run(HostConfig.java:1889)
		at java.base/java.util.concurrent.Executors$RunnableAdapter.call(Executors.java:539)
		at java.base/java.util.concurrent.FutureTask.run(FutureTask.java:264)
		at org.apache.tomcat.util.threads.InlineExecutorService.execute(InlineExecutorService.java:75)
		at java.base/java.util.concurrent.AbstractExecutorService.submit(AbstractExecutorService.java:123)
		at org.apache.catalina.startup.HostConfig.deployDescriptors(HostConfig.java:583)
		at org.apache.catalina.startup.HostConfig.deployApps(HostConfig.java:473)
		at org.apache.catalina.startup.HostConfig.start(HostConfig.java:1618)
		at org.apache.catalina.startup.HostConfig.lifecycleEvent(HostConfig.java:319)
		at org.apache.catalina.util.LifecycleBase.fireLifecycleEvent(LifecycleBase.java:123)
		at org.apache.catalina.util.LifecycleBase.setStateInternal(LifecycleBase.java:423)
		at org.apache.catalina.util.LifecycleBase.setState(LifecycleBase.java:366)
		at org.apache.catalina.core.ContainerBase.startInternal(ContainerBase.java:946)
		at org.apache.catalina.core.StandardHost.startInternal(StandardHost.java:835)
		at org.apache.catalina.util.LifecycleBase.start(LifecycleBase.java:183)
		at org.apache.catalina.core.ContainerBase$StartChild.call(ContainerBase.java:1396)
		at org.apache.catalina.core.ContainerBase$StartChild.call(ContainerBase.java:1386)
		at java.base/java.util.concurrent.FutureTask.run(FutureTask.java:264)
		at org.apache.tomcat.util.threads.InlineExecutorService.execute(InlineExecutorService.java:75)
		at java.base/java.util.concurrent.AbstractExecutorService.submit(AbstractExecutorService.java:145)
		at org.apache.catalina.core.ContainerBase.startInternal(ContainerBase.java:919)
		at org.apache.catalina.core.StandardEngine.startInternal(StandardEngine.java:263)
		at org.apache.catalina.util.LifecycleBase.start(LifecycleBase.java:183)
		at org.apache.catalina.core.StandardService.startInternal(StandardService.java:432)
		at org.apache.catalina.util.LifecycleBase.start(LifecycleBase.java:183)
		at org.apache.catalina.core.StandardServer.startInternal(StandardServer.java:927)
		at org.apache.catalina.util.LifecycleBase.start(LifecycleBase.java:183)
		at org.apache.catalina.startup.Catalina.start(Catalina.java:772)
		at java.base/jdk.internal.reflect.NativeMethodAccessorImpl.invoke0(Native Method)
		at java.base/jdk.internal.reflect.NativeMethodAccessorImpl.invoke(NativeMethodAccessorImpl.java:77)
		at java.base/jdk.internal.reflect.DelegatingMethodAccessorImpl.invoke(DelegatingMethodAccessorImpl.java:43)
		at java.base/java.lang.reflect.Method.invoke(Method.java:568)
		at org.apache.catalina.startup.Bootstrap.start(Bootstrap.java:345)
		at org.apache.catalina.startup.Bootstrap.main(Bootstrap.java:476)
	Caused by: org.apache.catalina.LifecycleException: Failed to start component [org.apache.catalina.webresources.StandardRoot@4a8a60bc]
		at org.apache.catalina.util.LifecycleBase.handleSubClassException(LifecycleBase.java:440)
		at org.apache.catalina.util.LifecycleBase.start(LifecycleBase.java:198)
		at org.apache.catalina.core.StandardContext.resourcesStart(StandardContext.java:4885)
		at org.apache.catalina.core.StandardContext.startInternal(StandardContext.java:5023)
		at org.apache.catalina.util.LifecycleBase.start(LifecycleBase.java:183)
		at org.apache.catalina.core.ContainerBase.addChildInternal(ContainerBase.java:726)
		... 37 more
	Caused by: java.lang.IllegalArgumentException: The main resource set specified [C:\Users\NITRO\Downloads\proyectoPlataforma-master\proyectoPlataforma-master\build\web] is not valid
		at org.apache.catalina.webresources.StandardRoot.createMainResourceSet(StandardRoot.java:762)
		at org.apache.catalina.webresources.StandardRoot.startInternal(StandardRoot.java:719)
		at org.apache.catalina.util.LifecycleBase.start(LifecycleBase.java:183)
		... 41 more
05-Mar-2023 10:50:57.503 INFO [main] org.apache.catalina.startup.HostConfig.deployDescriptor Deployment of deployment descriptor [J:\Universidad\Proyecto\ASaber\apache-tomcat-9.0.60\conf\Catalina\localhost\proyectoPlataforma.xml] has finished in [54] ms
05-Mar-2023 10:50:57.504 INFO [main] org.apache.catalina.startup.HostConfig.deployDescriptor Desplieque del descriptor de configuración [J:\Universidad\Proyecto\ASaber\apache-tomcat-9.0.60\conf\Catalina\localhost\ProyectoSigie.xml]
05-Mar-2023 10:50:57.504 WARNING [main] org.apache.catalina.startup.HostConfig.deployDescriptor The path attribute with value [/ProyectoSigie] in deployment descriptor [J:\Universidad\Proyecto\ASaber\apache-tomcat-9.0.60\conf\Catalina\localhost\ProyectoSigie.xml] has been ignored
05-Mar-2023 10:50:57.594 WARNING [main] org.apache.tomcat.util.digester.SetPropertiesRule.begin Match [Context] failed to set property [antiJARLocking] to [true]
05-Mar-2023 10:50:58.029 INFO [main] org.apache.jasper.servlet.TldScanner.scanJars Al menos un JAR, que se ha explorado buscando TLDs, aún no contenía TLDs. Activar historial de depuración para este historiador para una completa lista de los JARs que fueron explorados y de los que nos se halló TLDs. Saltarse JARs no necesarios durante la exploración puede dar lugar a una mejora de tiempo significativa en el arranque y compilación de JSP .
05-Mar-2023 10:50:58.032 INFO [main] org.apache.catalina.startup.HostConfig.deployDescriptor Deployment of deployment descriptor [J:\Universidad\Proyecto\ASaber\apache-tomcat-9.0.60\conf\Catalina\localhost\ProyectoSigie.xml] has finished in [528] ms
05-Mar-2023 10:50:58.032 INFO [main] org.apache.catalina.startup.HostConfig.deployDescriptor Desplieque del descriptor de configuración [J:\Universidad\Proyecto\ASaber\apache-tomcat-9.0.60\conf\Catalina\localhost\Sigie2.0.xml]
05-Mar-2023 10:50:58.033 WARNING [main] org.apache.catalina.startup.HostConfig.deployDescriptor The path attribute with value [/Sigie2.0] in deployment descriptor [J:\Universidad\Proyecto\ASaber\apache-tomcat-9.0.60\conf\Catalina\localhost\Sigie2.0.xml] has been ignored
05-Mar-2023 10:50:58.037 SEVERE [main] org.apache.catalina.startup.HostConfig.deployDescriptor Error durante el despliegue del descriptor de configuración [J:\Universidad\Proyecto\ASaber\apache-tomcat-9.0.60\conf\Catalina\localhost\Sigie2.0.xml]
	java.lang.IllegalStateException: Error starting child
		at org.apache.catalina.core.ContainerBase.addChildInternal(ContainerBase.java:729)
		at org.apache.catalina.core.ContainerBase.addChild(ContainerBase.java:698)
		at org.apache.catalina.core.StandardHost.addChild(StandardHost.java:696)
		at org.apache.catalina.startup.HostConfig.deployDescriptor(HostConfig.java:690)
		at org.apache.catalina.startup.HostConfig$DeployDescriptor.run(HostConfig.java:1889)
		at java.base/java.util.concurrent.Executors$RunnableAdapter.call(Executors.java:539)
		at java.base/java.util.concurrent.FutureTask.run(FutureTask.java:264)
		at org.apache.tomcat.util.threads.InlineExecutorService.execute(InlineExecutorService.java:75)
		at java.base/java.util.concurrent.AbstractExecutorService.submit(AbstractExecutorService.java:123)
		at org.apache.catalina.startup.HostConfig.deployDescriptors(HostConfig.java:583)
		at org.apache.catalina.startup.HostConfig.deployApps(HostConfig.java:473)
		at org.apache.catalina.startup.HostConfig.start(HostConfig.java:1618)
		at org.apache.catalina.startup.HostConfig.lifecycleEvent(HostConfig.java:319)
		at org.apache.catalina.util.LifecycleBase.fireLifecycleEvent(LifecycleBase.java:123)
		at org.apache.catalina.util.LifecycleBase.setStateInternal(LifecycleBase.java:423)
		at org.apache.catalina.util.LifecycleBase.setState(LifecycleBase.java:366)
		at org.apache.catalina.core.ContainerBase.startInternal(ContainerBase.java:946)
		at org.apache.catalina.core.StandardHost.startInternal(StandardHost.java:835)
		at org.apache.catalina.util.LifecycleBase.start(LifecycleBase.java:183)
		at org.apache.catalina.core.ContainerBase$StartChild.call(ContainerBase.java:1396)
		at org.apache.catalina.core.ContainerBase$StartChild.call(ContainerBase.java:1386)
		at java.base/java.util.concurrent.FutureTask.run(FutureTask.java:264)
		at org.apache.tomcat.util.threads.InlineExecutorService.execute(InlineExecutorService.java:75)
		at java.base/java.util.concurrent.AbstractExecutorService.submit(AbstractExecutorService.java:145)
		at org.apache.catalina.core.ContainerBase.startInternal(ContainerBase.java:919)
		at org.apache.catalina.core.StandardEngine.startInternal(StandardEngine.java:263)
		at org.apache.catalina.util.LifecycleBase.start(LifecycleBase.java:183)
		at org.apache.catalina.core.StandardService.startInternal(StandardService.java:432)
		at org.apache.catalina.util.LifecycleBase.start(LifecycleBase.java:183)
		at org.apache.catalina.core.StandardServer.startInternal(StandardServer.java:927)
		at org.apache.catalina.util.LifecycleBase.start(LifecycleBase.java:183)
		at org.apache.catalina.startup.Catalina.start(Catalina.java:772)
		at java.base/jdk.internal.reflect.NativeMethodAccessorImpl.invoke0(Native Method)
		at java.base/jdk.internal.reflect.NativeMethodAccessorImpl.invoke(NativeMethodAccessorImpl.java:77)
		at java.base/jdk.internal.reflect.DelegatingMethodAccessorImpl.invoke(DelegatingMethodAccessorImpl.java:43)
		at java.base/java.lang.reflect.Method.invoke(Method.java:568)
		at org.apache.catalina.startup.Bootstrap.start(Bootstrap.java:345)
		at org.apache.catalina.startup.Bootstrap.main(Bootstrap.java:476)
	Caused by: org.apache.catalina.LifecycleException: Failed to start component [org.apache.catalina.webresources.StandardRoot@2516fc68]
		at org.apache.catalina.util.LifecycleBase.handleSubClassException(LifecycleBase.java:440)
		at org.apache.catalina.util.LifecycleBase.start(LifecycleBase.java:198)
		at org.apache.catalina.core.StandardContext.resourcesStart(StandardContext.java:4885)
		at org.apache.catalina.core.StandardContext.startInternal(StandardContext.java:5023)
		at org.apache.catalina.util.LifecycleBase.start(LifecycleBase.java:183)
		at org.apache.catalina.core.ContainerBase.addChildInternal(ContainerBase.java:726)
		... 37 more
	Caused by: java.lang.IllegalArgumentException: The main resource set specified [C:\Users\NITRO\Downloads\04-03-2016\Sigie_2.0\Sigie_2.0\build\web] is not valid
		at org.apache.catalina.webresources.StandardRoot.createMainResourceSet(StandardRoot.java:762)
		at org.apache.catalina.webresources.StandardRoot.startInternal(StandardRoot.java:719)
		at org.apache.catalina.util.LifecycleBase.start(LifecycleBase.java:183)
		... 41 more
05-Mar-2023 10:50:58.085 INFO [main] org.apache.catalina.startup.HostConfig.deployDescriptor Deployment of deployment descriptor [J:\Universidad\Proyecto\ASaber\apache-tomcat-9.0.60\conf\Catalina\localhost\Sigie2.0.xml] has finished in [52] ms
05-Mar-2023 10:50:58.085 INFO [main] org.apache.catalina.startup.HostConfig.deployDescriptor Desplieque del descriptor de configuración [J:\Universidad\Proyecto\ASaber\apache-tomcat-9.0.60\conf\Catalina\localhost\WebApplication1.xml]
05-Mar-2023 10:50:58.085 WARNING [main] org.apache.catalina.startup.HostConfig.deployDescriptor The path attribute with value [/WebApplication1] in deployment descriptor [J:\Universidad\Proyecto\ASaber\apache-tomcat-9.0.60\conf\Catalina\localhost\WebApplication1.xml] has been ignored
05-Mar-2023 10:50:58.091 SEVERE [main] org.apache.catalina.startup.HostConfig.deployDescriptor Error durante el despliegue del descriptor de configuración [J:\Universidad\Proyecto\ASaber\apache-tomcat-9.0.60\conf\Catalina\localhost\WebApplication1.xml]
	java.lang.IllegalStateException: Error starting child
		at org.apache.catalina.core.ContainerBase.addChildInternal(ContainerBase.java:729)
		at org.apache.catalina.core.ContainerBase.addChild(ContainerBase.java:698)
		at org.apache.catalina.core.StandardHost.addChild(StandardHost.java:696)
		at org.apache.catalina.startup.HostConfig.deployDescriptor(HostConfig.java:690)
		at org.apache.catalina.startup.HostConfig$DeployDescriptor.run(HostConfig.java:1889)
		at java.base/java.util.concurrent.Executors$RunnableAdapter.call(Executors.java:539)
		at java.base/java.util.concurrent.FutureTask.run(FutureTask.java:264)
		at org.apache.tomcat.util.threads.InlineExecutorService.execute(InlineExecutorService.java:75)
		at java.base/java.util.concurrent.AbstractExecutorService.submit(AbstractExecutorService.java:123)
		at org.apache.catalina.startup.HostConfig.deployDescriptors(HostConfig.java:583)
		at org.apache.catalina.startup.HostConfig.deployApps(HostConfig.java:473)
		at org.apache.catalina.startup.HostConfig.start(HostConfig.java:1618)
		at org.apache.catalina.startup.HostConfig.lifecycleEvent(HostConfig.java:319)
		at org.apache.catalina.util.LifecycleBase.fireLifecycleEvent(LifecycleBase.java:123)
		at org.apache.catalina.util.LifecycleBase.setStateInternal(LifecycleBase.java:423)
		at org.apache.catalina.util.LifecycleBase.setState(LifecycleBase.java:366)
		at org.apache.catalina.core.ContainerBase.startInternal(ContainerBase.java:946)
		at org.apache.catalina.core.StandardHost.startInternal(StandardHost.java:835)
		at org.apache.catalina.util.LifecycleBase.start(LifecycleBase.java:183)
		at org.apache.catalina.core.ContainerBase$StartChild.call(ContainerBase.java:1396)
		at org.apache.catalina.core.ContainerBase$StartChild.call(ContainerBase.java:1386)
		at java.base/java.util.concurrent.FutureTask.run(FutureTask.java:264)
		at org.apache.tomcat.util.threads.InlineExecutorService.execute(InlineExecutorService.java:75)
		at java.base/java.util.concurrent.AbstractExecutorService.submit(AbstractExecutorService.java:145)
		at org.apache.catalina.core.ContainerBase.startInternal(ContainerBase.java:919)
		at org.apache.catalina.core.StandardEngine.startInternal(StandardEngine.java:263)
		at org.apache.catalina.util.LifecycleBase.start(LifecycleBase.java:183)
		at org.apache.catalina.core.StandardService.startInternal(StandardService.java:432)
		at org.apache.catalina.util.LifecycleBase.start(LifecycleBase.java:183)
		at org.apache.catalina.core.StandardServer.startInternal(StandardServer.java:927)
		at org.apache.catalina.util.LifecycleBase.start(LifecycleBase.java:183)
		at org.apache.catalina.startup.Catalina.start(Catalina.java:772)
		at java.base/jdk.internal.reflect.NativeMethodAccessorImpl.invoke0(Native Method)
		at java.base/jdk.internal.reflect.NativeMethodAccessorImpl.invoke(NativeMethodAccessorImpl.java:77)
		at java.base/jdk.internal.reflect.DelegatingMethodAccessorImpl.invoke(DelegatingMethodAccessorImpl.java:43)
		at java.base/java.lang.reflect.Method.invoke(Method.java:568)
		at org.apache.catalina.startup.Bootstrap.start(Bootstrap.java:345)
		at org.apache.catalina.startup.Bootstrap.main(Bootstrap.java:476)
	Caused by: org.apache.catalina.LifecycleException: Failed to start component [org.apache.catalina.webresources.StandardRoot@347bdeef]
		at org.apache.catalina.util.LifecycleBase.handleSubClassException(LifecycleBase.java:440)
		at org.apache.catalina.util.LifecycleBase.start(LifecycleBase.java:198)
		at org.apache.catalina.core.StandardContext.resourcesStart(StandardContext.java:4885)
		at org.apache.catalina.core.StandardContext.startInternal(StandardContext.java:5023)
		at org.apache.catalina.util.LifecycleBase.start(LifecycleBase.java:183)
		at org.apache.catalina.core.ContainerBase.addChildInternal(ContainerBase.java:726)
		... 37 more
	Caused by: java.lang.IllegalArgumentException: The main resource set specified [J:\Universidad\Semestre 6\PROYECTO INTEGRADOR\ProyectoIntegrador\PI6\WebApplication1\build\web] is not valid
		at org.apache.catalina.webresources.StandardRoot.createMainResourceSet(StandardRoot.java:762)
		at org.apache.catalina.webresources.StandardRoot.startInternal(StandardRoot.java:719)
		at org.apache.catalina.util.LifecycleBase.start(LifecycleBase.java:183)
		... 41 more
05-Mar-2023 10:50:58.160 INFO [main] org.apache.catalina.startup.HostConfig.deployDescriptor Deployment of deployment descriptor [J:\Universidad\Proyecto\ASaber\apache-tomcat-9.0.60\conf\Catalina\localhost\WebApplication1.xml] has finished in [74] ms
05-Mar-2023 10:50:58.160 INFO [main] org.apache.catalina.startup.HostConfig.deployDirectory Desplegando el directorio [J:\Universidad\Proyecto\ASaber\apache-tomcat-9.0.60\webapps\docs] de la aplicación web
05-Mar-2023 10:50:58.188 INFO [main] org.apache.catalina.startup.HostConfig.deployDirectory Deployment of web application directory [J:\Universidad\Proyecto\ASaber\apache-tomcat-9.0.60\webapps\docs] has finished in [28] ms
05-Mar-2023 10:50:58.189 INFO [main] org.apache.catalina.startup.HostConfig.deployDirectory Desplegando el directorio [J:\Universidad\Proyecto\ASaber\apache-tomcat-9.0.60\webapps\examples] de la aplicación web
05-Mar-2023 10:50:58.460 INFO [main] org.apache.catalina.startup.HostConfig.deployDirectory Deployment of web application directory [J:\Universidad\Proyecto\ASaber\apache-tomcat-9.0.60\webapps\examples] has finished in [271] ms
05-Mar-2023 10:50:58.460 INFO [main] org.apache.catalina.startup.HostConfig.deployDirectory Desplegando el directorio [J:\Universidad\Proyecto\ASaber\apache-tomcat-9.0.60\webapps\host-manager] de la aplicación web
05-Mar-2023 10:50:58.494 INFO [main] org.apache.catalina.startup.HostConfig.deployDirectory Deployment of web application directory [J:\Universidad\Proyecto\ASaber\apache-tomcat-9.0.60\webapps\host-manager] has finished in [33] ms
05-Mar-2023 10:50:58.494 INFO [main] org.apache.catalina.startup.HostConfig.deployDirectory Desplegando el directorio [J:\Universidad\Proyecto\ASaber\apache-tomcat-9.0.60\webapps\manager] de la aplicación web
05-Mar-2023 10:50:58.531 INFO [main] org.apache.catalina.startup.HostConfig.deployDirectory Deployment of web application directory [J:\Universidad\Proyecto\ASaber\apache-tomcat-9.0.60\webapps\manager] has finished in [37] ms
05-Mar-2023 10:50:58.531 INFO [main] org.apache.catalina.startup.HostConfig.deployDirectory Desplegando el directorio [J:\Universidad\Proyecto\ASaber\apache-tomcat-9.0.60\webapps\ROOT] de la aplicación web
05-Mar-2023 10:50:58.555 INFO [main] org.apache.catalina.startup.HostConfig.deployDirectory Deployment of web application directory [J:\Universidad\Proyecto\ASaber\apache-tomcat-9.0.60\webapps\ROOT] has finished in [23] ms
05-Mar-2023 10:50:58.559 INFO [main] org.apache.coyote.AbstractProtocol.start Starting ProtocolHandler ["http-nio-8080"]
05-Mar-2023 10:50:58.622 INFO [main] org.apache.catalina.startup.Catalina.start Server startup in [2448] milliseconds
05-Mar-2023 11:08:01.434 WARNING [http-nio-8080-exec-7] org.apache.catalina.loader.WebappClassLoaderBase.clearReferencesJdbc La aplicación web [ASaber] registró el conductor JDBC [com.mysql.jdbc.Driver] pero falló al anular el registro mientras la aplicación web estaba parada. Para prevenir un fallo de memoria, se ha anulado el registro del conductor JDBC por la fuerza.
05-Mar-2023 11:08:01.435 WARNING [http-nio-8080-exec-7] org.apache.catalina.loader.WebappClassLoaderBase.clearReferencesThreads The web application [ASaber] appears to have started a thread named [MySQL Statement Cancellation Timer] but has failed to stop it. This is very likely to create a memory leak. Stack trace of thread:
 java.base@17.0.2/java.lang.Object.wait(Native Method)
 java.base@17.0.2/java.lang.Object.wait(Object.java:338)
 java.base@17.0.2/java.util.TimerThread.mainLoop(Timer.java:537)
 java.base@17.0.2/java.util.TimerThread.run(Timer.java:516)
05-Mar-2023 11:08:01.955 INFO [http-nio-8080-exec-7] org.apache.catalina.startup.HostConfig.undeploy Repliegue (undeploy) de la aplicación web que tiene como trayectoria de contexto [/ASaber]
05-Mar-2023 11:08:05.997 INFO [http-nio-8080-exec-3] org.apache.catalina.startup.HostConfig.deployDescriptor Desplieque del descriptor de configuración [J:\Universidad\Proyecto\ASaber\apache-tomcat-9.0.60\conf\Catalina\localhost\ASaber.xml]
05-Mar-2023 11:08:05.999 WARNING [http-nio-8080-exec-3] org.apache.catalina.startup.HostConfig.deployDescriptor The path attribute with value [/ASaber] in deployment descriptor [J:\Universidad\Proyecto\ASaber\apache-tomcat-9.0.60\conf\Catalina\localhost\ASaber.xml] has been ignored
05-Mar-2023 11:08:06.111 INFO [http-nio-8080-exec-3] org.apache.jasper.servlet.TldScanner.scanJars Al menos un JAR, que se ha explorado buscando TLDs, aún no contenía TLDs. Activar historial de depuración para este historiador para una completa lista de los JARs que fueron explorados y de los que nos se halló TLDs. Saltarse JARs no necesarios durante la exploración puede dar lugar a una mejora de tiempo significativa en el arranque y compilación de JSP .
05-Mar-2023 11:08:06.113 INFO [http-nio-8080-exec-3] org.apache.catalina.startup.HostConfig.deployDescriptor Deployment of deployment descriptor [J:\Universidad\Proyecto\ASaber\apache-tomcat-9.0.60\conf\Catalina\localhost\ASaber.xml] has finished in [115] ms
05-Mar-2023 11:08:06.115 INFO [http-nio-8080-exec-10] org.apache.catalina.util.LifecycleBase.start The start() method was called on component [StandardEngine[Catalina].StandardHost[localhost].StandardContext[/ASaber]] after start() had already been called. The second call will be ignored.
05-Mar-2023 11:18:47.123 WARNING [http-nio-8080-exec-12] org.apache.catalina.loader.WebappClassLoaderBase.clearReferencesJdbc La aplicación web [ASaber] registró el conductor JDBC [com.mysql.jdbc.Driver] pero falló al anular el registro mientras la aplicación web estaba parada. Para prevenir un fallo de memoria, se ha anulado el registro del conductor JDBC por la fuerza.
05-Mar-2023 11:18:47.124 WARNING [http-nio-8080-exec-12] org.apache.catalina.loader.WebappClassLoaderBase.clearReferencesThreads The web application [ASaber] appears to have started a thread named [MySQL Statement Cancellation Timer] but has failed to stop it. This is very likely to create a memory leak. Stack trace of thread:
 java.base@17.0.2/java.lang.Object.wait(Native Method)
 java.base@17.0.2/java.lang.Object.wait(Object.java:338)
 java.base@17.0.2/java.util.TimerThread.mainLoop(Timer.java:537)
 java.base@17.0.2/java.util.TimerThread.run(Timer.java:516)
05-Mar-2023 11:18:47.635 INFO [http-nio-8080-exec-12] org.apache.catalina.startup.HostConfig.undeploy Repliegue (undeploy) de la aplicación web que tiene como trayectoria de contexto [/ASaber]
05-Mar-2023 11:18:58.556 INFO [http-nio-8080-exec-11] org.apache.catalina.startup.HostConfig.deployDescriptor Desplieque del descriptor de configuración [J:\Universidad\Proyecto\ASaber\apache-tomcat-9.0.60\conf\Catalina\localhost\ASaber.xml]
05-Mar-2023 11:18:58.557 WARNING [http-nio-8080-exec-11] org.apache.catalina.startup.HostConfig.deployDescriptor The path attribute with value [/ASaber] in deployment descriptor [J:\Universidad\Proyecto\ASaber\apache-tomcat-9.0.60\conf\Catalina\localhost\ASaber.xml] has been ignored
05-Mar-2023 11:18:58.649 INFO [http-nio-8080-exec-11] org.apache.jasper.servlet.TldScanner.scanJars Al menos un JAR, que se ha explorado buscando TLDs, aún no contenía TLDs. Activar historial de depuración para este historiador para una completa lista de los JARs que fueron explorados y de los que nos se halló TLDs. Saltarse JARs no necesarios durante la exploración puede dar lugar a una mejora de tiempo significativa en el arranque y compilación de JSP .
05-Mar-2023 11:18:58.651 INFO [http-nio-8080-exec-11] org.apache.catalina.startup.HostConfig.deployDescriptor Deployment of deployment descriptor [J:\Universidad\Proyecto\ASaber\apache-tomcat-9.0.60\conf\Catalina\localhost\ASaber.xml] has finished in [95] ms
05-Mar-2023 11:18:58.653 INFO [http-nio-8080-exec-20] org.apache.catalina.util.LifecycleBase.start The start() method was called on component [StandardEngine[Catalina].StandardHost[localhost].StandardContext[/ASaber]] after start() had already been called. The second call will be ignored.
05-Mar-2023 11:35:15.561 INFO [http-nio-8080-exec-25] org.apache.catalina.core.StandardContext.reload Ha comenzado la recarga de Contexto [/ASaber]
05-Mar-2023 11:35:15.568 WARNING [http-nio-8080-exec-25] org.apache.catalina.loader.WebappClassLoaderBase.clearReferencesJdbc La aplicación web [ASaber] registró el conductor JDBC [com.mysql.jdbc.Driver] pero falló al anular el registro mientras la aplicación web estaba parada. Para prevenir un fallo de memoria, se ha anulado el registro del conductor JDBC por la fuerza.
05-Mar-2023 11:35:15.568 WARNING [http-nio-8080-exec-25] org.apache.catalina.loader.WebappClassLoaderBase.clearReferencesThreads The web application [ASaber] appears to have started a thread named [MySQL Statement Cancellation Timer] but has failed to stop it. This is very likely to create a memory leak. Stack trace of thread:
 java.base@17.0.2/java.lang.Object.wait(Native Method)
 java.base@17.0.2/java.lang.Object.wait(Object.java:338)
 java.base@17.0.2/java.util.TimerThread.mainLoop(Timer.java:537)
 java.base@17.0.2/java.util.TimerThread.run(Timer.java:516)
05-Mar-2023 11:35:15.791 INFO [http-nio-8080-exec-25] org.apache.jasper.servlet.TldScanner.scanJars Al menos un JAR, que se ha explorado buscando TLDs, aún no contenía TLDs. Activar historial de depuración para este historiador para una completa lista de los JARs que fueron explorados y de los que nos se halló TLDs. Saltarse JARs no necesarios durante la exploración puede dar lugar a una mejora de tiempo significativa en el arranque y compilación de JSP .
05-Mar-2023 11:35:15.825 INFO [http-nio-8080-exec-25] org.apache.catalina.core.StandardContext.reload Se ha completado la recarga de este Contexto
05-Mar-2023 11:37:10.062 INFO [http-nio-8080-exec-33] org.apache.catalina.core.StandardContext.reload Ha comenzado la recarga de Contexto [/ASaber]
05-Mar-2023 11:37:10.188 INFO [http-nio-8080-exec-33] org.apache.jasper.servlet.TldScanner.scanJars Al menos un JAR, que se ha explorado buscando TLDs, aún no contenía TLDs. Activar historial de depuración para este historiador para una completa lista de los JARs que fueron explorados y de los que nos se halló TLDs. Saltarse JARs no necesarios durante la exploración puede dar lugar a una mejora de tiempo significativa en el arranque y compilación de JSP .
05-Mar-2023 11:37:10.194 INFO [http-nio-8080-exec-33] org.apache.catalina.core.StandardContext.reload Se ha completado la recarga de este Contexto
05-Mar-2023 11:41:19.333 INFO [http-nio-8080-exec-38] org.apache.catalina.core.StandardContext.reload Ha comenzado la recarga de Contexto [/ASaber]
05-Mar-2023 11:41:19.440 INFO [http-nio-8080-exec-38] org.apache.jasper.servlet.TldScanner.scanJars Al menos un JAR, que se ha explorado buscando TLDs, aún no contenía TLDs. Activar historial de depuración para este historiador para una completa lista de los JARs que fueron explorados y de los que nos se halló TLDs. Saltarse JARs no necesarios durante la exploración puede dar lugar a una mejora de tiempo significativa en el arranque y compilación de JSP .
05-Mar-2023 11:41:19.444 INFO [http-nio-8080-exec-38] org.apache.catalina.core.StandardContext.reload Se ha completado la recarga de este Contexto
05-Mar-2023 11:44:24.931 INFO [http-nio-8080-exec-42] org.apache.catalina.core.StandardContext.reload Ha comenzado la recarga de Contexto [/ASaber]
05-Mar-2023 11:44:24.933 WARNING [http-nio-8080-exec-42] org.apache.catalina.loader.WebappClassLoaderBase.clearReferencesJdbc La aplicación web [ASaber] registró el conductor JDBC [com.mysql.jdbc.Driver] pero falló al anular el registro mientras la aplicación web estaba parada. Para prevenir un fallo de memoria, se ha anulado el registro del conductor JDBC por la fuerza.
05-Mar-2023 11:44:24.933 WARNING [http-nio-8080-exec-42] org.apache.catalina.loader.WebappClassLoaderBase.clearReferencesThreads The web application [ASaber] appears to have started a thread named [MySQL Statement Cancellation Timer] but has failed to stop it. This is very likely to create a memory leak. Stack trace of thread:
 java.base@17.0.2/java.lang.Object.wait(Native Method)
 java.base@17.0.2/java.lang.Object.wait(Object.java:338)
 java.base@17.0.2/java.util.TimerThread.mainLoop(Timer.java:537)
 java.base@17.0.2/java.util.TimerThread.run(Timer.java:516)
05-Mar-2023 11:44:25.046 INFO [http-nio-8080-exec-42] org.apache.jasper.servlet.TldScanner.scanJars Al menos un JAR, que se ha explorado buscando TLDs, aún no contenía TLDs. Activar historial de depuración para este historiador para una completa lista de los JARs que fueron explorados y de los que nos se halló TLDs. Saltarse JARs no necesarios durante la exploración puede dar lugar a una mejora de tiempo significativa en el arranque y compilación de JSP .
05-Mar-2023 11:44:25.053 INFO [http-nio-8080-exec-42] org.apache.catalina.core.StandardContext.reload Se ha completado la recarga de este Contexto
05-Mar-2023 11:44:25.240 INFO [http-nio-8080-exec-41] org.apache.catalina.core.StandardContext.reload Ha comenzado la recarga de Contexto [/ASaber]
05-Mar-2023 11:44:25.242 INFO [http-nio-8080-exec-41] org.apache.catalina.core.StandardWrapper.unload Esperando por [1] instancia(s) para recuperar su espacio reservado
05-Mar-2023 11:44:25.352 WARNING [http-nio-8080-exec-41] org.apache.catalina.loader.WebappClassLoaderBase.clearReferencesJdbc La aplicación web [ASaber] registró el conductor JDBC [com.mysql.jdbc.Driver] pero falló al anular el registro mientras la aplicación web estaba parada. Para prevenir un fallo de memoria, se ha anulado el registro del conductor JDBC por la fuerza.
05-Mar-2023 11:44:25.352 WARNING [http-nio-8080-exec-41] org.apache.catalina.loader.WebappClassLoaderBase.clearReferencesThreads The web application [ASaber] appears to have started a thread named [MySQL Statement Cancellation Timer] but has failed to stop it. This is very likely to create a memory leak. Stack trace of thread:
 java.base@17.0.2/java.lang.Object.wait(Native Method)
 java.base@17.0.2/java.lang.Object.wait(Object.java:338)
 java.base@17.0.2/java.util.TimerThread.mainLoop(Timer.java:537)
 java.base@17.0.2/java.util.TimerThread.run(Timer.java:516)
05-Mar-2023 11:44:25.504 INFO [http-nio-8080-exec-41] org.apache.jasper.servlet.TldScanner.scanJars Al menos un JAR, que se ha explorado buscando TLDs, aún no contenía TLDs. Activar historial de depuración para este historiador para una completa lista de los JARs que fueron explorados y de los que nos se halló TLDs. Saltarse JARs no necesarios durante la exploración puede dar lugar a una mejora de tiempo significativa en el arranque y compilación de JSP .
05-Mar-2023 11:44:25.513 INFO [http-nio-8080-exec-41] org.apache.catalina.core.StandardContext.reload Se ha completado la recarga de este Contexto
05-Mar-2023 11:47:26.535 INFO [http-nio-8080-exec-50] org.apache.catalina.core.StandardContext.reload Ha comenzado la recarga de Contexto [/ASaber]
05-Mar-2023 11:47:26.538 WARNING [http-nio-8080-exec-50] org.apache.catalina.loader.WebappClassLoaderBase.clearReferencesJdbc La aplicación web [ASaber] registró el conductor JDBC [com.mysql.jdbc.Driver] pero falló al anular el registro mientras la aplicación web estaba parada. Para prevenir un fallo de memoria, se ha anulado el registro del conductor JDBC por la fuerza.
05-Mar-2023 11:47:26.539 WARNING [http-nio-8080-exec-50] org.apache.catalina.loader.WebappClassLoaderBase.clearReferencesThreads The web application [ASaber] appears to have started a thread named [MySQL Statement Cancellation Timer] but has failed to stop it. This is very likely to create a memory leak. Stack trace of thread:
 java.base@17.0.2/java.lang.Object.wait(Native Method)
 java.base@17.0.2/java.lang.Object.wait(Object.java:338)
 java.base@17.0.2/java.util.TimerThread.mainLoop(Timer.java:537)
 java.base@17.0.2/java.util.TimerThread.run(Timer.java:516)
05-Mar-2023 11:47:26.638 INFO [http-nio-8080-exec-50] org.apache.jasper.servlet.TldScanner.scanJars Al menos un JAR, que se ha explorado buscando TLDs, aún no contenía TLDs. Activar historial de depuración para este historiador para una completa lista de los JARs que fueron explorados y de los que nos se halló TLDs. Saltarse JARs no necesarios durante la exploración puede dar lugar a una mejora de tiempo significativa en el arranque y compilación de JSP .
05-Mar-2023 11:47:26.645 INFO [http-nio-8080-exec-50] org.apache.catalina.core.StandardContext.reload Se ha completado la recarga de este Contexto
05-Mar-2023 11:47:49.317 SEVERE [http-nio-8080-exec-53] Controller.InicioSesionController.inicioSesion null
	java.sql.SQLException: Parameter index out of range (1 > number of parameters, which is 0).
		at com.mysql.jdbc.SQLError.createSQLException(SQLError.java:1056)
		at com.mysql.jdbc.SQLError.createSQLException(SQLError.java:957)
		at com.mysql.jdbc.SQLError.createSQLException(SQLError.java:927)
		at com.mysql.jdbc.PreparedStatement.checkBounds(PreparedStatement.java:3279)
		at com.mysql.jdbc.PreparedStatement.setInternal(PreparedStatement.java:3263)
		at com.mysql.jdbc.PreparedStatement.setString(PreparedStatement.java:4087)
		at DAO.InicioSesionDAO.validarInicioSesion(InicioSesionDAO.java:49)
		at Controller.InicioSesionController.inicioSesion(InicioSesionController.java:92)
		at Controller.InicioSesionController.doPost(InicioSesionController.java:72)
		at javax.servlet.http.HttpServlet.service(HttpServlet.java:681)
		at javax.servlet.http.HttpServlet.service(HttpServlet.java:764)
		at org.apache.catalina.core.ApplicationFilterChain.internalDoFilter(ApplicationFilterChain.java:227)
		at org.apache.catalina.core.ApplicationFilterChain.doFilter(ApplicationFilterChain.java:162)
		at org.apache.tomcat.websocket.server.WsFilter.doFilter(WsFilter.java:53)
		at org.apache.catalina.core.ApplicationFilterChain.internalDoFilter(ApplicationFilterChain.java:189)
		at org.apache.catalina.core.ApplicationFilterChain.doFilter(ApplicationFilterChain.java:162)
		at org.apache.catalina.core.StandardWrapperValve.invoke(StandardWrapperValve.java:197)
		at org.apache.catalina.core.StandardContextValve.invoke(StandardContextValve.java:97)
		at org.apache.catalina.authenticator.AuthenticatorBase.invoke(AuthenticatorBase.java:541)
		at org.apache.catalina.core.StandardHostValve.invoke(StandardHostValve.java:135)
		at org.apache.catalina.valves.ErrorReportValve.invoke(ErrorReportValve.java:92)
		at org.apache.catalina.valves.AbstractAccessLogValve.invoke(AbstractAccessLogValve.java:687)
		at org.apache.catalina.core.StandardEngineValve.invoke(StandardEngineValve.java:78)
		at org.apache.catalina.connector.CoyoteAdapter.service(CoyoteAdapter.java:360)
		at org.apache.coyote.http11.Http11Processor.service(Http11Processor.java:399)
		at org.apache.coyote.AbstractProcessorLight.process(AbstractProcessorLight.java:65)
		at org.apache.coyote.AbstractProtocol$ConnectionHandler.process(AbstractProtocol.java:889)
		at org.apache.tomcat.util.net.NioEndpoint$SocketProcessor.doRun(NioEndpoint.java:1743)
		at org.apache.tomcat.util.net.SocketProcessorBase.run(SocketProcessorBase.java:49)
		at org.apache.tomcat.util.threads.ThreadPoolExecutor.runWorker(ThreadPoolExecutor.java:1191)
		at org.apache.tomcat.util.threads.ThreadPoolExecutor$Worker.run(ThreadPoolExecutor.java:659)
		at org.apache.tomcat.util.threads.TaskThread$WrappingRunnable.run(TaskThread.java:61)
		at java.base/java.lang.Thread.run(Thread.java:833)
05-Mar-2023 11:47:50.233 SEVERE [http-nio-8080-exec-55] Controller.InicioSesionController.inicioSesion null
	java.sql.SQLException: Parameter index out of range (1 > number of parameters, which is 0).
		at com.mysql.jdbc.SQLError.createSQLException(SQLError.java:1056)
		at com.mysql.jdbc.SQLError.createSQLException(SQLError.java:957)
		at com.mysql.jdbc.SQLError.createSQLException(SQLError.java:927)
		at com.mysql.jdbc.PreparedStatement.checkBounds(PreparedStatement.java:3279)
		at com.mysql.jdbc.PreparedStatement.setInternal(PreparedStatement.java:3263)
		at com.mysql.jdbc.PreparedStatement.setString(PreparedStatement.java:4087)
		at DAO.InicioSesionDAO.validarInicioSesion(InicioSesionDAO.java:49)
		at Controller.InicioSesionController.inicioSesion(InicioSesionController.java:92)
		at Controller.InicioSesionController.doPost(InicioSesionController.java:72)
		at javax.servlet.http.HttpServlet.service(HttpServlet.java:681)
		at javax.servlet.http.HttpServlet.service(HttpServlet.java:764)
		at org.apache.catalina.core.ApplicationFilterChain.internalDoFilter(ApplicationFilterChain.java:227)
		at org.apache.catalina.core.ApplicationFilterChain.doFilter(ApplicationFilterChain.java:162)
		at org.apache.tomcat.websocket.server.WsFilter.doFilter(WsFilter.java:53)
		at org.apache.catalina.core.ApplicationFilterChain.internalDoFilter(ApplicationFilterChain.java:189)
		at org.apache.catalina.core.ApplicationFilterChain.doFilter(ApplicationFilterChain.java:162)
		at org.apache.catalina.core.StandardWrapperValve.invoke(StandardWrapperValve.java:197)
		at org.apache.catalina.core.StandardContextValve.invoke(StandardContextValve.java:97)
		at org.apache.catalina.authenticator.AuthenticatorBase.invoke(AuthenticatorBase.java:541)
		at org.apache.catalina.core.StandardHostValve.invoke(StandardHostValve.java:135)
		at org.apache.catalina.valves.ErrorReportValve.invoke(ErrorReportValve.java:92)
		at org.apache.catalina.valves.AbstractAccessLogValve.invoke(AbstractAccessLogValve.java:687)
		at org.apache.catalina.core.StandardEngineValve.invoke(StandardEngineValve.java:78)
		at org.apache.catalina.connector.CoyoteAdapter.service(CoyoteAdapter.java:360)
		at org.apache.coyote.http11.Http11Processor.service(Http11Processor.java:399)
		at org.apache.coyote.AbstractProcessorLight.process(AbstractProcessorLight.java:65)
		at org.apache.coyote.AbstractProtocol$ConnectionHandler.process(AbstractProtocol.java:889)
		at org.apache.tomcat.util.net.NioEndpoint$SocketProcessor.doRun(NioEndpoint.java:1743)
		at org.apache.tomcat.util.net.SocketProcessorBase.run(SocketProcessorBase.java:49)
		at org.apache.tomcat.util.threads.ThreadPoolExecutor.runWorker(ThreadPoolExecutor.java:1191)
		at org.apache.tomcat.util.threads.ThreadPoolExecutor$Worker.run(ThreadPoolExecutor.java:659)
		at org.apache.tomcat.util.threads.TaskThread$WrappingRunnable.run(TaskThread.java:61)
		at java.base/java.lang.Thread.run(Thread.java:833)
05-Mar-2023 11:47:50.693 SEVERE [http-nio-8080-exec-57] Controller.InicioSesionController.inicioSesion null
	java.sql.SQLException: Parameter index out of range (1 > number of parameters, which is 0).
		at com.mysql.jdbc.SQLError.createSQLException(SQLError.java:1056)
		at com.mysql.jdbc.SQLError.createSQLException(SQLError.java:957)
		at com.mysql.jdbc.SQLError.createSQLException(SQLError.java:927)
		at com.mysql.jdbc.PreparedStatement.checkBounds(PreparedStatement.java:3279)
		at com.mysql.jdbc.PreparedStatement.setInternal(PreparedStatement.java:3263)
		at com.mysql.jdbc.PreparedStatement.setString(PreparedStatement.java:4087)
		at DAO.InicioSesionDAO.validarInicioSesion(InicioSesionDAO.java:49)
		at Controller.InicioSesionController.inicioSesion(InicioSesionController.java:92)
		at Controller.InicioSesionController.doPost(InicioSesionController.java:72)
		at javax.servlet.http.HttpServlet.service(HttpServlet.java:681)
		at javax.servlet.http.HttpServlet.service(HttpServlet.java:764)
		at org.apache.catalina.core.ApplicationFilterChain.internalDoFilter(ApplicationFilterChain.java:227)
		at org.apache.catalina.core.ApplicationFilterChain.doFilter(ApplicationFilterChain.java:162)
		at org.apache.tomcat.websocket.server.WsFilter.doFilter(WsFilter.java:53)
		at org.apache.catalina.core.ApplicationFilterChain.internalDoFilter(ApplicationFilterChain.java:189)
		at org.apache.catalina.core.ApplicationFilterChain.doFilter(ApplicationFilterChain.java:162)
		at org.apache.catalina.core.StandardWrapperValve.invoke(StandardWrapperValve.java:197)
		at org.apache.catalina.core.StandardContextValve.invoke(StandardContextValve.java:97)
		at org.apache.catalina.authenticator.AuthenticatorBase.invoke(AuthenticatorBase.java:541)
		at org.apache.catalina.core.StandardHostValve.invoke(StandardHostValve.java:135)
		at org.apache.catalina.valves.ErrorReportValve.invoke(ErrorReportValve.java:92)
		at org.apache.catalina.valves.AbstractAccessLogValve.invoke(AbstractAccessLogValve.java:687)
		at org.apache.catalina.core.StandardEngineValve.invoke(StandardEngineValve.java:78)
		at org.apache.catalina.connector.CoyoteAdapter.service(CoyoteAdapter.java:360)
		at org.apache.coyote.http11.Http11Processor.service(Http11Processor.java:399)
		at org.apache.coyote.AbstractProcessorLight.process(AbstractProcessorLight.java:65)
		at org.apache.coyote.AbstractProtocol$ConnectionHandler.process(AbstractProtocol.java:889)
		at org.apache.tomcat.util.net.NioEndpoint$SocketProcessor.doRun(NioEndpoint.java:1743)
		at org.apache.tomcat.util.net.SocketProcessorBase.run(SocketProcessorBase.java:49)
		at org.apache.tomcat.util.threads.ThreadPoolExecutor.runWorker(ThreadPoolExecutor.java:1191)
		at org.apache.tomcat.util.threads.ThreadPoolExecutor$Worker.run(ThreadPoolExecutor.java:659)
		at org.apache.tomcat.util.threads.TaskThread$WrappingRunnable.run(TaskThread.java:61)
		at java.base/java.lang.Thread.run(Thread.java:833)
05-Mar-2023 11:47:50.962 SEVERE [http-nio-8080-exec-45] Controller.InicioSesionController.inicioSesion null
	java.sql.SQLException: Parameter index out of range (1 > number of parameters, which is 0).
		at com.mysql.jdbc.SQLError.createSQLException(SQLError.java:1056)
		at com.mysql.jdbc.SQLError.createSQLException(SQLError.java:957)
		at com.mysql.jdbc.SQLError.createSQLException(SQLError.java:927)
		at com.mysql.jdbc.PreparedStatement.checkBounds(PreparedStatement.java:3279)
		at com.mysql.jdbc.PreparedStatement.setInternal(PreparedStatement.java:3263)
		at com.mysql.jdbc.PreparedStatement.setString(PreparedStatement.java:4087)
		at DAO.InicioSesionDAO.validarInicioSesion(InicioSesionDAO.java:49)
		at Controller.InicioSesionController.inicioSesion(InicioSesionController.java:92)
		at Controller.InicioSesionController.doPost(InicioSesionController.java:72)
		at javax.servlet.http.HttpServlet.service(HttpServlet.java:681)
		at javax.servlet.http.HttpServlet.service(HttpServlet.java:764)
		at org.apache.catalina.core.ApplicationFilterChain.internalDoFilter(ApplicationFilterChain.java:227)
		at org.apache.catalina.core.ApplicationFilterChain.doFilter(ApplicationFilterChain.java:162)
		at org.apache.tomcat.websocket.server.WsFilter.doFilter(WsFilter.java:53)
		at org.apache.catalina.core.ApplicationFilterChain.internalDoFilter(ApplicationFilterChain.java:189)
		at org.apache.catalina.core.ApplicationFilterChain.doFilter(ApplicationFilterChain.java:162)
		at org.apache.catalina.core.StandardWrapperValve.invoke(StandardWrapperValve.java:197)
		at org.apache.catalina.core.StandardContextValve.invoke(StandardContextValve.java:97)
		at org.apache.catalina.authenticator.AuthenticatorBase.invoke(AuthenticatorBase.java:541)
		at org.apache.catalina.core.StandardHostValve.invoke(StandardHostValve.java:135)
		at org.apache.catalina.valves.ErrorReportValve.invoke(ErrorReportValve.java:92)
		at org.apache.catalina.valves.AbstractAccessLogValve.invoke(AbstractAccessLogValve.java:687)
		at org.apache.catalina.core.StandardEngineValve.invoke(StandardEngineValve.java:78)
		at org.apache.catalina.connector.CoyoteAdapter.service(CoyoteAdapter.java:360)
		at org.apache.coyote.http11.Http11Processor.service(Http11Processor.java:399)
		at org.apache.coyote.AbstractProcessorLight.process(AbstractProcessorLight.java:65)
		at org.apache.coyote.AbstractProtocol$ConnectionHandler.process(AbstractProtocol.java:889)
		at org.apache.tomcat.util.net.NioEndpoint$SocketProcessor.doRun(NioEndpoint.java:1743)
		at org.apache.tomcat.util.net.SocketProcessorBase.run(SocketProcessorBase.java:49)
		at org.apache.tomcat.util.threads.ThreadPoolExecutor.runWorker(ThreadPoolExecutor.java:1191)
		at org.apache.tomcat.util.threads.ThreadPoolExecutor$Worker.run(ThreadPoolExecutor.java:659)
		at org.apache.tomcat.util.threads.TaskThread$WrappingRunnable.run(TaskThread.java:61)
		at java.base/java.lang.Thread.run(Thread.java:833)
05-Mar-2023 11:47:51.182 SEVERE [http-nio-8080-exec-47] Controller.InicioSesionController.inicioSesion null
	java.sql.SQLException: Parameter index out of range (1 > number of parameters, which is 0).
		at com.mysql.jdbc.SQLError.createSQLException(SQLError.java:1056)
		at com.mysql.jdbc.SQLError.createSQLException(SQLError.java:957)
		at com.mysql.jdbc.SQLError.createSQLException(SQLError.java:927)
		at com.mysql.jdbc.PreparedStatement.checkBounds(PreparedStatement.java:3279)
		at com.mysql.jdbc.PreparedStatement.setInternal(PreparedStatement.java:3263)
		at com.mysql.jdbc.PreparedStatement.setString(PreparedStatement.java:4087)
		at DAO.InicioSesionDAO.validarInicioSesion(InicioSesionDAO.java:49)
		at Controller.InicioSesionController.inicioSesion(InicioSesionController.java:92)
		at Controller.InicioSesionController.doPost(InicioSesionController.java:72)
		at javax.servlet.http.HttpServlet.service(HttpServlet.java:681)
		at javax.servlet.http.HttpServlet.service(HttpServlet.java:764)
		at org.apache.catalina.core.ApplicationFilterChain.internalDoFilter(ApplicationFilterChain.java:227)
		at org.apache.catalina.core.ApplicationFilterChain.doFilter(ApplicationFilterChain.java:162)
		at org.apache.tomcat.websocket.server.WsFilter.doFilter(WsFilter.java:53)
		at org.apache.catalina.core.ApplicationFilterChain.internalDoFilter(ApplicationFilterChain.java:189)
		at org.apache.catalina.core.ApplicationFilterChain.doFilter(ApplicationFilterChain.java:162)
		at org.apache.catalina.core.StandardWrapperValve.invoke(StandardWrapperValve.java:197)
		at org.apache.catalina.core.StandardContextValve.invoke(StandardContextValve.java:97)
		at org.apache.catalina.authenticator.AuthenticatorBase.invoke(AuthenticatorBase.java:541)
		at org.apache.catalina.core.StandardHostValve.invoke(StandardHostValve.java:135)
		at org.apache.catalina.valves.ErrorReportValve.invoke(ErrorReportValve.java:92)
		at org.apache.catalina.valves.AbstractAccessLogValve.invoke(AbstractAccessLogValve.java:687)
		at org.apache.catalina.core.StandardEngineValve.invoke(StandardEngineValve.java:78)
		at org.apache.catalina.connector.CoyoteAdapter.service(CoyoteAdapter.java:360)
		at org.apache.coyote.http11.Http11Processor.service(Http11Processor.java:399)
		at org.apache.coyote.AbstractProcessorLight.process(AbstractProcessorLight.java:65)
		at org.apache.coyote.AbstractProtocol$ConnectionHandler.process(AbstractProtocol.java:889)
		at org.apache.tomcat.util.net.NioEndpoint$SocketProcessor.doRun(NioEndpoint.java:1743)
		at org.apache.tomcat.util.net.SocketProcessorBase.run(SocketProcessorBase.java:49)
		at org.apache.tomcat.util.threads.ThreadPoolExecutor.runWorker(ThreadPoolExecutor.java:1191)
		at org.apache.tomcat.util.threads.ThreadPoolExecutor$Worker.run(ThreadPoolExecutor.java:659)
		at org.apache.tomcat.util.threads.TaskThread$WrappingRunnable.run(TaskThread.java:61)
		at java.base/java.lang.Thread.run(Thread.java:833)
05-Mar-2023 11:47:51.370 SEVERE [http-nio-8080-exec-50] Controller.InicioSesionController.inicioSesion null
	java.sql.SQLException: Parameter index out of range (1 > number of parameters, which is 0).
		at com.mysql.jdbc.SQLError.createSQLException(SQLError.java:1056)
		at com.mysql.jdbc.SQLError.createSQLException(SQLError.java:957)
		at com.mysql.jdbc.SQLError.createSQLException(SQLError.java:927)
		at com.mysql.jdbc.PreparedStatement.checkBounds(PreparedStatement.java:3279)
		at com.mysql.jdbc.PreparedStatement.setInternal(PreparedStatement.java:3263)
		at com.mysql.jdbc.PreparedStatement.setString(PreparedStatement.java:4087)
		at DAO.InicioSesionDAO.validarInicioSesion(InicioSesionDAO.java:49)
		at Controller.InicioSesionController.inicioSesion(InicioSesionController.java:92)
		at Controller.InicioSesionController.doPost(InicioSesionController.java:72)
		at javax.servlet.http.HttpServlet.service(HttpServlet.java:681)
		at javax.servlet.http.HttpServlet.service(HttpServlet.java:764)
		at org.apache.catalina.core.ApplicationFilterChain.internalDoFilter(ApplicationFilterChain.java:227)
		at org.apache.catalina.core.ApplicationFilterChain.doFilter(ApplicationFilterChain.java:162)
		at org.apache.tomcat.websocket.server.WsFilter.doFilter(WsFilter.java:53)
		at org.apache.catalina.core.ApplicationFilterChain.internalDoFilter(ApplicationFilterChain.java:189)
		at org.apache.catalina.core.ApplicationFilterChain.doFilter(ApplicationFilterChain.java:162)
		at org.apache.catalina.core.StandardWrapperValve.invoke(StandardWrapperValve.java:197)
		at org.apache.catalina.core.StandardContextValve.invoke(StandardContextValve.java:97)
		at org.apache.catalina.authenticator.AuthenticatorBase.invoke(AuthenticatorBase.java:541)
		at org.apache.catalina.core.StandardHostValve.invoke(StandardHostValve.java:135)
		at org.apache.catalina.valves.ErrorReportValve.invoke(ErrorReportValve.java:92)
		at org.apache.catalina.valves.AbstractAccessLogValve.invoke(AbstractAccessLogValve.java:687)
		at org.apache.catalina.core.StandardEngineValve.invoke(StandardEngineValve.java:78)
		at org.apache.catalina.connector.CoyoteAdapter.service(CoyoteAdapter.java:360)
		at org.apache.coyote.http11.Http11Processor.service(Http11Processor.java:399)
		at org.apache.coyote.AbstractProcessorLight.process(AbstractProcessorLight.java:65)
		at org.apache.coyote.AbstractProtocol$ConnectionHandler.process(AbstractProtocol.java:889)
		at org.apache.tomcat.util.net.NioEndpoint$SocketProcessor.doRun(NioEndpoint.java:1743)
		at org.apache.tomcat.util.net.SocketProcessorBase.run(SocketProcessorBase.java:49)
		at org.apache.tomcat.util.threads.ThreadPoolExecutor.runWorker(ThreadPoolExecutor.java:1191)
		at org.apache.tomcat.util.threads.ThreadPoolExecutor$Worker.run(ThreadPoolExecutor.java:659)
		at org.apache.tomcat.util.threads.TaskThread$WrappingRunnable.run(TaskThread.java:61)
		at java.base/java.lang.Thread.run(Thread.java:833)
05-Mar-2023 11:47:51.529 SEVERE [http-nio-8080-exec-56] Controller.InicioSesionController.inicioSesion null
	java.sql.SQLException: Parameter index out of range (1 > number of parameters, which is 0).
		at com.mysql.jdbc.SQLError.createSQLException(SQLError.java:1056)
		at com.mysql.jdbc.SQLError.createSQLException(SQLError.java:957)
		at com.mysql.jdbc.SQLError.createSQLException(SQLError.java:927)
		at com.mysql.jdbc.PreparedStatement.checkBounds(PreparedStatement.java:3279)
		at com.mysql.jdbc.PreparedStatement.setInternal(PreparedStatement.java:3263)
		at com.mysql.jdbc.PreparedStatement.setString(PreparedStatement.java:4087)
		at DAO.InicioSesionDAO.validarInicioSesion(InicioSesionDAO.java:49)
		at Controller.InicioSesionController.inicioSesion(InicioSesionController.java:92)
		at Controller.InicioSesionController.doPost(InicioSesionController.java:72)
		at javax.servlet.http.HttpServlet.service(HttpServlet.java:681)
		at javax.servlet.http.HttpServlet.service(HttpServlet.java:764)
		at org.apache.catalina.core.ApplicationFilterChain.internalDoFilter(ApplicationFilterChain.java:227)
		at org.apache.catalina.core.ApplicationFilterChain.doFilter(ApplicationFilterChain.java:162)
		at org.apache.tomcat.websocket.server.WsFilter.doFilter(WsFilter.java:53)
		at org.apache.catalina.core.ApplicationFilterChain.internalDoFilter(ApplicationFilterChain.java:189)
		at org.apache.catalina.core.ApplicationFilterChain.doFilter(ApplicationFilterChain.java:162)
		at org.apache.catalina.core.StandardWrapperValve.invoke(StandardWrapperValve.java:197)
		at org.apache.catalina.core.StandardContextValve.invoke(StandardContextValve.java:97)
		at org.apache.catalina.authenticator.AuthenticatorBase.invoke(AuthenticatorBase.java:541)
		at org.apache.catalina.core.StandardHostValve.invoke(StandardHostValve.java:135)
		at org.apache.catalina.valves.ErrorReportValve.invoke(ErrorReportValve.java:92)
		at org.apache.catalina.valves.AbstractAccessLogValve.invoke(AbstractAccessLogValve.java:687)
		at org.apache.catalina.core.StandardEngineValve.invoke(StandardEngineValve.java:78)
		at org.apache.catalina.connector.CoyoteAdapter.service(CoyoteAdapter.java:360)
		at org.apache.coyote.http11.Http11Processor.service(Http11Processor.java:399)
		at org.apache.coyote.AbstractProcessorLight.process(AbstractProcessorLight.java:65)
		at org.apache.coyote.AbstractProtocol$ConnectionHandler.process(AbstractProtocol.java:889)
		at org.apache.tomcat.util.net.NioEndpoint$SocketProcessor.doRun(NioEndpoint.java:1743)
		at org.apache.tomcat.util.net.SocketProcessorBase.run(SocketProcessorBase.java:49)
		at org.apache.tomcat.util.threads.ThreadPoolExecutor.runWorker(ThreadPoolExecutor.java:1191)
		at org.apache.tomcat.util.threads.ThreadPoolExecutor$Worker.run(ThreadPoolExecutor.java:659)
		at org.apache.tomcat.util.threads.TaskThread$WrappingRunnable.run(TaskThread.java:61)
		at java.base/java.lang.Thread.run(Thread.java:833)
05-Mar-2023 11:47:51.706 SEVERE [http-nio-8080-exec-54] Controller.InicioSesionController.inicioSesion null
	java.sql.SQLException: Parameter index out of range (1 > number of parameters, which is 0).
		at com.mysql.jdbc.SQLError.createSQLException(SQLError.java:1056)
		at com.mysql.jdbc.SQLError.createSQLException(SQLError.java:957)
		at com.mysql.jdbc.SQLError.createSQLException(SQLError.java:927)
		at com.mysql.jdbc.PreparedStatement.checkBounds(PreparedStatement.java:3279)
		at com.mysql.jdbc.PreparedStatement.setInternal(PreparedStatement.java:3263)
		at com.mysql.jdbc.PreparedStatement.setString(PreparedStatement.java:4087)
		at DAO.InicioSesionDAO.validarInicioSesion(InicioSesionDAO.java:49)
		at Controller.InicioSesionController.inicioSesion(InicioSesionController.java:92)
		at Controller.InicioSesionController.doPost(InicioSesionController.java:72)
		at javax.servlet.http.HttpServlet.service(HttpServlet.java:681)
		at javax.servlet.http.HttpServlet.service(HttpServlet.java:764)
		at org.apache.catalina.core.ApplicationFilterChain.internalDoFilter(ApplicationFilterChain.java:227)
		at org.apache.catalina.core.ApplicationFilterChain.doFilter(ApplicationFilterChain.java:162)
		at org.apache.tomcat.websocket.server.WsFilter.doFilter(WsFilter.java:53)
		at org.apache.catalina.core.ApplicationFilterChain.internalDoFilter(ApplicationFilterChain.java:189)
		at org.apache.catalina.core.ApplicationFilterChain.doFilter(ApplicationFilterChain.java:162)
		at org.apache.catalina.core.StandardWrapperValve.invoke(StandardWrapperValve.java:197)
		at org.apache.catalina.core.StandardContextValve.invoke(StandardContextValve.java:97)
		at org.apache.catalina.authenticator.AuthenticatorBase.invoke(AuthenticatorBase.java:541)
		at org.apache.catalina.core.StandardHostValve.invoke(StandardHostValve.java:135)
		at org.apache.catalina.valves.ErrorReportValve.invoke(ErrorReportValve.java:92)
		at org.apache.catalina.valves.AbstractAccessLogValve.invoke(AbstractAccessLogValve.java:687)
		at org.apache.catalina.core.StandardEngineValve.invoke(StandardEngineValve.java:78)
		at org.apache.catalina.connector.CoyoteAdapter.service(CoyoteAdapter.java:360)
		at org.apache.coyote.http11.Http11Processor.service(Http11Processor.java:399)
		at org.apache.coyote.AbstractProcessorLight.process(AbstractProcessorLight.java:65)
		at org.apache.coyote.AbstractProtocol$ConnectionHandler.process(AbstractProtocol.java:889)
		at org.apache.tomcat.util.net.NioEndpoint$SocketProcessor.doRun(NioEndpoint.java:1743)
		at org.apache.tomcat.util.net.SocketProcessorBase.run(SocketProcessorBase.java:49)
		at org.apache.tomcat.util.threads.ThreadPoolExecutor.runWorker(ThreadPoolExecutor.java:1191)
		at org.apache.tomcat.util.threads.ThreadPoolExecutor$Worker.run(ThreadPoolExecutor.java:659)
		at org.apache.tomcat.util.threads.TaskThread$WrappingRunnable.run(TaskThread.java:61)
		at java.base/java.lang.Thread.run(Thread.java:833)
05-Mar-2023 11:47:51.880 SEVERE [http-nio-8080-exec-53] Controller.InicioSesionController.inicioSesion null
	java.sql.SQLException: Parameter index out of range (1 > number of parameters, which is 0).
		at com.mysql.jdbc.SQLError.createSQLException(SQLError.java:1056)
		at com.mysql.jdbc.SQLError.createSQLException(SQLError.java:957)
		at com.mysql.jdbc.SQLError.createSQLException(SQLError.java:927)
		at com.mysql.jdbc.PreparedStatement.checkBounds(PreparedStatement.java:3279)
		at com.mysql.jdbc.PreparedStatement.setInternal(PreparedStatement.java:3263)
		at com.mysql.jdbc.PreparedStatement.setString(PreparedStatement.java:4087)
		at DAO.InicioSesionDAO.validarInicioSesion(InicioSesionDAO.java:49)
		at Controller.InicioSesionController.inicioSesion(InicioSesionController.java:92)
		at Controller.InicioSesionController.doPost(InicioSesionController.java:72)
		at javax.servlet.http.HttpServlet.service(HttpServlet.java:681)
		at javax.servlet.http.HttpServlet.service(HttpServlet.java:764)
		at org.apache.catalina.core.ApplicationFilterChain.internalDoFilter(ApplicationFilterChain.java:227)
		at org.apache.catalina.core.ApplicationFilterChain.doFilter(ApplicationFilterChain.java:162)
		at org.apache.tomcat.websocket.server.WsFilter.doFilter(WsFilter.java:53)
		at org.apache.catalina.core.ApplicationFilterChain.internalDoFilter(ApplicationFilterChain.java:189)
		at org.apache.catalina.core.ApplicationFilterChain.doFilter(ApplicationFilterChain.java:162)
		at org.apache.catalina.core.StandardWrapperValve.invoke(StandardWrapperValve.java:197)
		at org.apache.catalina.core.StandardContextValve.invoke(StandardContextValve.java:97)
		at org.apache.catalina.authenticator.AuthenticatorBase.invoke(AuthenticatorBase.java:541)
		at org.apache.catalina.core.StandardHostValve.invoke(StandardHostValve.java:135)
		at org.apache.catalina.valves.ErrorReportValve.invoke(ErrorReportValve.java:92)
		at org.apache.catalina.valves.AbstractAccessLogValve.invoke(AbstractAccessLogValve.java:687)
		at org.apache.catalina.core.StandardEngineValve.invoke(StandardEngineValve.java:78)
		at org.apache.catalina.connector.CoyoteAdapter.service(CoyoteAdapter.java:360)
		at org.apache.coyote.http11.Http11Processor.service(Http11Processor.java:399)
		at org.apache.coyote.AbstractProcessorLight.process(AbstractProcessorLight.java:65)
		at org.apache.coyote.AbstractProtocol$ConnectionHandler.process(AbstractProtocol.java:889)
		at org.apache.tomcat.util.net.NioEndpoint$SocketProcessor.doRun(NioEndpoint.java:1743)
		at org.apache.tomcat.util.net.SocketProcessorBase.run(SocketProcessorBase.java:49)
		at org.apache.tomcat.util.threads.ThreadPoolExecutor.runWorker(ThreadPoolExecutor.java:1191)
		at org.apache.tomcat.util.threads.ThreadPoolExecutor$Worker.run(ThreadPoolExecutor.java:659)
		at org.apache.tomcat.util.threads.TaskThread$WrappingRunnable.run(TaskThread.java:61)
		at java.base/java.lang.Thread.run(Thread.java:833)
05-Mar-2023 11:47:52.053 SEVERE [http-nio-8080-exec-58] Controller.InicioSesionController.inicioSesion null
	java.sql.SQLException: Parameter index out of range (1 > number of parameters, which is 0).
		at com.mysql.jdbc.SQLError.createSQLException(SQLError.java:1056)
		at com.mysql.jdbc.SQLError.createSQLException(SQLError.java:957)
		at com.mysql.jdbc.SQLError.createSQLException(SQLError.java:927)
		at com.mysql.jdbc.PreparedStatement.checkBounds(PreparedStatement.java:3279)
		at com.mysql.jdbc.PreparedStatement.setInternal(PreparedStatement.java:3263)
		at com.mysql.jdbc.PreparedStatement.setString(PreparedStatement.java:4087)
		at DAO.InicioSesionDAO.validarInicioSesion(InicioSesionDAO.java:49)
		at Controller.InicioSesionController.inicioSesion(InicioSesionController.java:92)
		at Controller.InicioSesionController.doPost(InicioSesionController.java:72)
		at javax.servlet.http.HttpServlet.service(HttpServlet.java:681)
		at javax.servlet.http.HttpServlet.service(HttpServlet.java:764)
		at org.apache.catalina.core.ApplicationFilterChain.internalDoFilter(ApplicationFilterChain.java:227)
		at org.apache.catalina.core.ApplicationFilterChain.doFilter(ApplicationFilterChain.java:162)
		at org.apache.tomcat.websocket.server.WsFilter.doFilter(WsFilter.java:53)
		at org.apache.catalina.core.ApplicationFilterChain.internalDoFilter(ApplicationFilterChain.java:189)
		at org.apache.catalina.core.ApplicationFilterChain.doFilter(ApplicationFilterChain.java:162)
		at org.apache.catalina.core.StandardWrapperValve.invoke(StandardWrapperValve.java:197)
		at org.apache.catalina.core.StandardContextValve.invoke(StandardContextValve.java:97)
		at org.apache.catalina.authenticator.AuthenticatorBase.invoke(AuthenticatorBase.java:541)
		at org.apache.catalina.core.StandardHostValve.invoke(StandardHostValve.java:135)
		at org.apache.catalina.valves.ErrorReportValve.invoke(ErrorReportValve.java:92)
		at org.apache.catalina.valves.AbstractAccessLogValve.invoke(AbstractAccessLogValve.java:687)
		at org.apache.catalina.core.StandardEngineValve.invoke(StandardEngineValve.java:78)
		at org.apache.catalina.connector.CoyoteAdapter.service(CoyoteAdapter.java:360)
		at org.apache.coyote.http11.Http11Processor.service(Http11Processor.java:399)
		at org.apache.coyote.AbstractProcessorLight.process(AbstractProcessorLight.java:65)
		at org.apache.coyote.AbstractProtocol$ConnectionHandler.process(AbstractProtocol.java:889)
		at org.apache.tomcat.util.net.NioEndpoint$SocketProcessor.doRun(NioEndpoint.java:1743)
		at org.apache.tomcat.util.net.SocketProcessorBase.run(SocketProcessorBase.java:49)
		at org.apache.tomcat.util.threads.ThreadPoolExecutor.runWorker(ThreadPoolExecutor.java:1191)
		at org.apache.tomcat.util.threads.ThreadPoolExecutor$Worker.run(ThreadPoolExecutor.java:659)
		at org.apache.tomcat.util.threads.TaskThread$WrappingRunnable.run(TaskThread.java:61)
		at java.base/java.lang.Thread.run(Thread.java:833)
05-Mar-2023 11:47:52.224 SEVERE [http-nio-8080-exec-44] Controller.InicioSesionController.inicioSesion null
	java.sql.SQLException: Parameter index out of range (1 > number of parameters, which is 0).
		at com.mysql.jdbc.SQLError.createSQLException(SQLError.java:1056)
		at com.mysql.jdbc.SQLError.createSQLException(SQLError.java:957)
		at com.mysql.jdbc.SQLError.createSQLException(SQLError.java:927)
		at com.mysql.jdbc.PreparedStatement.checkBounds(PreparedStatement.java:3279)
		at com.mysql.jdbc.PreparedStatement.setInternal(PreparedStatement.java:3263)
		at com.mysql.jdbc.PreparedStatement.setString(PreparedStatement.java:4087)
		at DAO.InicioSesionDAO.validarInicioSesion(InicioSesionDAO.java:49)
		at Controller.InicioSesionController.inicioSesion(InicioSesionController.java:92)
		at Controller.InicioSesionController.doPost(InicioSesionController.java:72)
		at javax.servlet.http.HttpServlet.service(HttpServlet.java:681)
		at javax.servlet.http.HttpServlet.service(HttpServlet.java:764)
		at org.apache.catalina.core.ApplicationFilterChain.internalDoFilter(ApplicationFilterChain.java:227)
		at org.apache.catalina.core.ApplicationFilterChain.doFilter(ApplicationFilterChain.java:162)
		at org.apache.tomcat.websocket.server.WsFilter.doFilter(WsFilter.java:53)
		at org.apache.catalina.core.ApplicationFilterChain.internalDoFilter(ApplicationFilterChain.java:189)
		at org.apache.catalina.core.ApplicationFilterChain.doFilter(ApplicationFilterChain.java:162)
		at org.apache.catalina.core.StandardWrapperValve.invoke(StandardWrapperValve.java:197)
		at org.apache.catalina.core.StandardContextValve.invoke(StandardContextValve.java:97)
		at org.apache.catalina.authenticator.AuthenticatorBase.invoke(AuthenticatorBase.java:541)
		at org.apache.catalina.core.StandardHostValve.invoke(StandardHostValve.java:135)
		at org.apache.catalina.valves.ErrorReportValve.invoke(ErrorReportValve.java:92)
		at org.apache.catalina.valves.AbstractAccessLogValve.invoke(AbstractAccessLogValve.java:687)
		at org.apache.catalina.core.StandardEngineValve.invoke(StandardEngineValve.java:78)
		at org.apache.catalina.connector.CoyoteAdapter.service(CoyoteAdapter.java:360)
		at org.apache.coyote.http11.Http11Processor.service(Http11Processor.java:399)
		at org.apache.coyote.AbstractProcessorLight.process(AbstractProcessorLight.java:65)
		at org.apache.coyote.AbstractProtocol$ConnectionHandler.process(AbstractProtocol.java:889)
		at org.apache.tomcat.util.net.NioEndpoint$SocketProcessor.doRun(NioEndpoint.java:1743)
		at org.apache.tomcat.util.net.SocketProcessorBase.run(SocketProcessorBase.java:49)
		at org.apache.tomcat.util.threads.ThreadPoolExecutor.runWorker(ThreadPoolExecutor.java:1191)
		at org.apache.tomcat.util.threads.ThreadPoolExecutor$Worker.run(ThreadPoolExecutor.java:659)
		at org.apache.tomcat.util.threads.TaskThread$WrappingRunnable.run(TaskThread.java:61)
		at java.base/java.lang.Thread.run(Thread.java:833)
05-Mar-2023 11:47:52.712 SEVERE [http-nio-8080-exec-55] Controller.InicioSesionController.inicioSesion null
	java.sql.SQLException: Parameter index out of range (1 > number of parameters, which is 0).
		at com.mysql.jdbc.SQLError.createSQLException(SQLError.java:1056)
		at com.mysql.jdbc.SQLError.createSQLException(SQLError.java:957)
		at com.mysql.jdbc.SQLError.createSQLException(SQLError.java:927)
		at com.mysql.jdbc.PreparedStatement.checkBounds(PreparedStatement.java:3279)
		at com.mysql.jdbc.PreparedStatement.setInternal(PreparedStatement.java:3263)
		at com.mysql.jdbc.PreparedStatement.setString(PreparedStatement.java:4087)
		at DAO.InicioSesionDAO.validarInicioSesion(InicioSesionDAO.java:49)
		at Controller.InicioSesionController.inicioSesion(InicioSesionController.java:92)
		at Controller.InicioSesionController.doPost(InicioSesionController.java:72)
		at javax.servlet.http.HttpServlet.service(HttpServlet.java:681)
		at javax.servlet.http.HttpServlet.service(HttpServlet.java:764)
		at org.apache.catalina.core.ApplicationFilterChain.internalDoFilter(ApplicationFilterChain.java:227)
		at org.apache.catalina.core.ApplicationFilterChain.doFilter(ApplicationFilterChain.java:162)
		at org.apache.tomcat.websocket.server.WsFilter.doFilter(WsFilter.java:53)
		at org.apache.catalina.core.ApplicationFilterChain.internalDoFilter(ApplicationFilterChain.java:189)
		at org.apache.catalina.core.ApplicationFilterChain.doFilter(ApplicationFilterChain.java:162)
		at org.apache.catalina.core.StandardWrapperValve.invoke(StandardWrapperValve.java:197)
		at org.apache.catalina.core.StandardContextValve.invoke(StandardContextValve.java:97)
		at org.apache.catalina.authenticator.AuthenticatorBase.invoke(AuthenticatorBase.java:541)
		at org.apache.catalina.core.StandardHostValve.invoke(StandardHostValve.java:135)
		at org.apache.catalina.valves.ErrorReportValve.invoke(ErrorReportValve.java:92)
		at org.apache.catalina.valves.AbstractAccessLogValve.invoke(AbstractAccessLogValve.java:687)
		at org.apache.catalina.core.StandardEngineValve.invoke(StandardEngineValve.java:78)
		at org.apache.catalina.connector.CoyoteAdapter.service(CoyoteAdapter.java:360)
		at org.apache.coyote.http11.Http11Processor.service(Http11Processor.java:399)
		at org.apache.coyote.AbstractProcessorLight.process(AbstractProcessorLight.java:65)
		at org.apache.coyote.AbstractProtocol$ConnectionHandler.process(AbstractProtocol.java:889)
		at org.apache.tomcat.util.net.NioEndpoint$SocketProcessor.doRun(NioEndpoint.java:1743)
		at org.apache.tomcat.util.net.SocketProcessorBase.run(SocketProcessorBase.java:49)
		at org.apache.tomcat.util.threads.ThreadPoolExecutor.runWorker(ThreadPoolExecutor.java:1191)
		at org.apache.tomcat.util.threads.ThreadPoolExecutor$Worker.run(ThreadPoolExecutor.java:659)
		at org.apache.tomcat.util.threads.TaskThread$WrappingRunnable.run(TaskThread.java:61)
		at java.base/java.lang.Thread.run(Thread.java:833)
05-Mar-2023 11:48:07.597 INFO [http-nio-8080-exec-58] org.apache.catalina.core.StandardContext.reload Ha comenzado la recarga de Contexto [/ASaber]
05-Mar-2023 11:48:07.599 WARNING [http-nio-8080-exec-58] org.apache.catalina.loader.WebappClassLoaderBase.clearReferencesJdbc La aplicación web [ASaber] registró el conductor JDBC [com.mysql.jdbc.Driver] pero falló al anular el registro mientras la aplicación web estaba parada. Para prevenir un fallo de memoria, se ha anulado el registro del conductor JDBC por la fuerza.
05-Mar-2023 11:48:07.599 WARNING [http-nio-8080-exec-58] org.apache.catalina.loader.WebappClassLoaderBase.clearReferencesThreads The web application [ASaber] appears to have started a thread named [MySQL Statement Cancellation Timer] but has failed to stop it. This is very likely to create a memory leak. Stack trace of thread:
 java.base@17.0.2/java.lang.Object.wait(Native Method)
 java.base@17.0.2/java.lang.Object.wait(Object.java:338)
 java.base@17.0.2/java.util.TimerThread.mainLoop(Timer.java:537)
 java.base@17.0.2/java.util.TimerThread.run(Timer.java:516)
05-Mar-2023 11:48:07.689 INFO [http-nio-8080-exec-58] org.apache.jasper.servlet.TldScanner.scanJars Al menos un JAR, que se ha explorado buscando TLDs, aún no contenía TLDs. Activar historial de depuración para este historiador para una completa lista de los JARs que fueron explorados y de los que nos se halló TLDs. Saltarse JARs no necesarios durante la exploración puede dar lugar a una mejora de tiempo significativa en el arranque y compilación de JSP .
05-Mar-2023 11:48:07.694 INFO [http-nio-8080-exec-58] org.apache.catalina.core.StandardContext.reload Se ha completado la recarga de este Contexto
05-Mar-2023 11:48:20.069 SEVERE [http-nio-8080-exec-50] Controller.InicioSesionController.inicioSesion null
	java.sql.SQLException: Parameter index out of range (1 > number of parameters, which is 0).
		at com.mysql.jdbc.SQLError.createSQLException(SQLError.java:1056)
		at com.mysql.jdbc.SQLError.createSQLException(SQLError.java:957)
		at com.mysql.jdbc.SQLError.createSQLException(SQLError.java:927)
		at com.mysql.jdbc.PreparedStatement.checkBounds(PreparedStatement.java:3279)
		at com.mysql.jdbc.PreparedStatement.setInternal(PreparedStatement.java:3263)
		at com.mysql.jdbc.PreparedStatement.setString(PreparedStatement.java:4087)
		at DAO.InicioSesionDAO.validarInicioSesion(InicioSesionDAO.java:49)
		at Controller.InicioSesionController.inicioSesion(InicioSesionController.java:92)
		at Controller.InicioSesionController.doPost(InicioSesionController.java:72)
		at javax.servlet.http.HttpServlet.service(HttpServlet.java:681)
		at javax.servlet.http.HttpServlet.service(HttpServlet.java:764)
		at org.apache.catalina.core.ApplicationFilterChain.internalDoFilter(ApplicationFilterChain.java:227)
		at org.apache.catalina.core.ApplicationFilterChain.doFilter(ApplicationFilterChain.java:162)
		at org.apache.tomcat.websocket.server.WsFilter.doFilter(WsFilter.java:53)
		at org.apache.catalina.core.ApplicationFilterChain.internalDoFilter(ApplicationFilterChain.java:189)
		at org.apache.catalina.core.ApplicationFilterChain.doFilter(ApplicationFilterChain.java:162)
		at org.apache.catalina.core.StandardWrapperValve.invoke(StandardWrapperValve.java:197)
		at org.apache.catalina.core.StandardContextValve.invoke(StandardContextValve.java:97)
		at org.apache.catalina.authenticator.AuthenticatorBase.invoke(AuthenticatorBase.java:541)
		at org.apache.catalina.core.StandardHostValve.invoke(StandardHostValve.java:135)
		at org.apache.catalina.valves.ErrorReportValve.invoke(ErrorReportValve.java:92)
		at org.apache.catalina.valves.AbstractAccessLogValve.invoke(AbstractAccessLogValve.java:687)
		at org.apache.catalina.core.StandardEngineValve.invoke(StandardEngineValve.java:78)
		at org.apache.catalina.connector.CoyoteAdapter.service(CoyoteAdapter.java:360)
		at org.apache.coyote.http11.Http11Processor.service(Http11Processor.java:399)
		at org.apache.coyote.AbstractProcessorLight.process(AbstractProcessorLight.java:65)
		at org.apache.coyote.AbstractProtocol$ConnectionHandler.process(AbstractProtocol.java:889)
		at org.apache.tomcat.util.net.NioEndpoint$SocketProcessor.doRun(NioEndpoint.java:1743)
		at org.apache.tomcat.util.net.SocketProcessorBase.run(SocketProcessorBase.java:49)
		at org.apache.tomcat.util.threads.ThreadPoolExecutor.runWorker(ThreadPoolExecutor.java:1191)
		at org.apache.tomcat.util.threads.ThreadPoolExecutor$Worker.run(ThreadPoolExecutor.java:659)
		at org.apache.tomcat.util.threads.TaskThread$WrappingRunnable.run(TaskThread.java:61)
		at java.base/java.lang.Thread.run(Thread.java:833)
05-Mar-2023 11:48:54.942 INFO [http-nio-8080-exec-63] org.apache.catalina.core.StandardContext.reload Ha comenzado la recarga de Contexto [/ASaber]
05-Mar-2023 11:48:54.944 WARNING [http-nio-8080-exec-63] org.apache.catalina.loader.WebappClassLoaderBase.clearReferencesJdbc La aplicación web [ASaber] registró el conductor JDBC [com.mysql.jdbc.Driver] pero falló al anular el registro mientras la aplicación web estaba parada. Para prevenir un fallo de memoria, se ha anulado el registro del conductor JDBC por la fuerza.
05-Mar-2023 11:48:54.945 WARNING [http-nio-8080-exec-63] org.apache.catalina.loader.WebappClassLoaderBase.clearReferencesThreads The web application [ASaber] appears to have started a thread named [MySQL Statement Cancellation Timer] but has failed to stop it. This is very likely to create a memory leak. Stack trace of thread:
 java.base@17.0.2/java.lang.Object.wait(Native Method)
 java.base@17.0.2/java.lang.Object.wait(Object.java:338)
 java.base@17.0.2/java.util.TimerThread.mainLoop(Timer.java:537)
 java.base@17.0.2/java.util.TimerThread.run(Timer.java:516)
05-Mar-2023 11:48:54.959 INFO [Finalizer] org.apache.catalina.loader.WebappClassLoaderBase.checkStateForResourceLoading Acceso ilegal: esta instancia de aplicación web ya ha sido parada.  Could not load [com.mysql.jdbc.profiler.ProfileEventSink].  La eventual traza de pila que sigue ha sido motivada por un error lanzado con motivos de depuración así como para intentar terminar el hilo que motivó el acceso ilegal y no tiene impacto funcional.
	java.lang.IllegalStateException: Acceso ilegal: esta instancia de aplicación web ya ha sido parada.  Could not load [com.mysql.jdbc.profiler.ProfileEventSink].  La eventual traza de pila que sigue ha sido motivada por un error lanzado con motivos de depuración así como para intentar terminar el hilo que motivó el acceso ilegal y no tiene impacto funcional.
		at org.apache.catalina.loader.WebappClassLoaderBase.checkStateForResourceLoading(WebappClassLoaderBase.java:1427)
		at org.apache.catalina.loader.WebappClassLoaderBase.checkStateForClassLoading(WebappClassLoaderBase.java:1415)
		at org.apache.catalina.loader.WebappClassLoaderBase.loadClass(WebappClassLoaderBase.java:1254)
		at org.apache.catalina.loader.WebappClassLoaderBase.loadClass(WebappClassLoaderBase.java:1215)
		at com.mysql.jdbc.ConnectionImpl.realClose(ConnectionImpl.java:4235)
		at com.mysql.jdbc.ConnectionImpl.cleanup(ConnectionImpl.java:1257)
		at com.mysql.jdbc.ConnectionImpl.finalize(ConnectionImpl.java:2663)
		at java.base/java.lang.System$2.invokeFinalize(System.java:2297)
		at java.base/java.lang.ref.Finalizer.runFinalizer(Finalizer.java:88)
		at java.base/java.lang.ref.Finalizer$FinalizerThread.run(Finalizer.java:173)
05-Mar-2023 11:48:55.069 INFO [http-nio-8080-exec-63] org.apache.jasper.servlet.TldScanner.scanJars Al menos un JAR, que se ha explorado buscando TLDs, aún no contenía TLDs. Activar historial de depuración para este historiador para una completa lista de los JARs que fueron explorados y de los que nos se halló TLDs. Saltarse JARs no necesarios durante la exploración puede dar lugar a una mejora de tiempo significativa en el arranque y compilación de JSP .
05-Mar-2023 11:48:55.076 INFO [http-nio-8080-exec-63] org.apache.catalina.core.StandardContext.reload Se ha completado la recarga de este Contexto
05-Mar-2023 11:50:06.021 INFO [http-nio-8080-exec-70] org.apache.catalina.core.StandardContext.reload Ha comenzado la recarga de Contexto [/ASaber]
05-Mar-2023 11:50:06.023 WARNING [http-nio-8080-exec-70] org.apache.catalina.loader.WebappClassLoaderBase.clearReferencesJdbc La aplicación web [ASaber] registró el conductor JDBC [com.mysql.jdbc.Driver] pero falló al anular el registro mientras la aplicación web estaba parada. Para prevenir un fallo de memoria, se ha anulado el registro del conductor JDBC por la fuerza.
05-Mar-2023 11:50:06.024 WARNING [http-nio-8080-exec-70] org.apache.catalina.loader.WebappClassLoaderBase.clearReferencesThreads The web application [ASaber] appears to have started a thread named [MySQL Statement Cancellation Timer] but has failed to stop it. This is very likely to create a memory leak. Stack trace of thread:
 java.base@17.0.2/java.lang.Object.wait(Native Method)
 java.base@17.0.2/java.lang.Object.wait(Object.java:338)
 java.base@17.0.2/java.util.TimerThread.mainLoop(Timer.java:537)
 java.base@17.0.2/java.util.TimerThread.run(Timer.java:516)
05-Mar-2023 11:50:06.138 INFO [http-nio-8080-exec-70] org.apache.jasper.servlet.TldScanner.scanJars Al menos un JAR, que se ha explorado buscando TLDs, aún no contenía TLDs. Activar historial de depuración para este historiador para una completa lista de los JARs que fueron explorados y de los que nos se halló TLDs. Saltarse JARs no necesarios durante la exploración puede dar lugar a una mejora de tiempo significativa en el arranque y compilación de JSP .
05-Mar-2023 11:50:06.142 INFO [http-nio-8080-exec-70] org.apache.catalina.core.StandardContext.reload Se ha completado la recarga de este Contexto
05-Mar-2023 11:57:26.034 INFO [http-nio-8080-exec-77] org.apache.catalina.core.StandardContext.reload Ha comenzado la recarga de Contexto [/ASaber]
05-Mar-2023 11:57:26.037 WARNING [http-nio-8080-exec-77] org.apache.catalina.loader.WebappClassLoaderBase.clearReferencesJdbc La aplicación web [ASaber] registró el conductor JDBC [com.mysql.jdbc.Driver] pero falló al anular el registro mientras la aplicación web estaba parada. Para prevenir un fallo de memoria, se ha anulado el registro del conductor JDBC por la fuerza.
05-Mar-2023 11:57:26.037 WARNING [http-nio-8080-exec-77] org.apache.catalina.loader.WebappClassLoaderBase.clearReferencesThreads The web application [ASaber] appears to have started a thread named [MySQL Statement Cancellation Timer] but has failed to stop it. This is very likely to create a memory leak. Stack trace of thread:
 java.base@17.0.2/java.lang.Object.wait(Native Method)
 java.base@17.0.2/java.lang.Object.wait(Object.java:338)
 java.base@17.0.2/java.util.TimerThread.mainLoop(Timer.java:537)
 java.base@17.0.2/java.util.TimerThread.run(Timer.java:516)
05-Mar-2023 11:57:26.126 INFO [http-nio-8080-exec-77] org.apache.jasper.servlet.TldScanner.scanJars Al menos un JAR, que se ha explorado buscando TLDs, aún no contenía TLDs. Activar historial de depuración para este historiador para una completa lista de los JARs que fueron explorados y de los que nos se halló TLDs. Saltarse JARs no necesarios durante la exploración puede dar lugar a una mejora de tiempo significativa en el arranque y compilación de JSP .
05-Mar-2023 11:57:26.133 INFO [http-nio-8080-exec-77] org.apache.catalina.core.StandardContext.reload Se ha completado la recarga de este Contexto
05-Mar-2023 11:58:17.702 INFO [http-nio-8080-exec-76] org.apache.catalina.core.StandardContext.reload Ha comenzado la recarga de Contexto [/ASaber]
05-Mar-2023 11:58:17.704 WARNING [http-nio-8080-exec-76] org.apache.catalina.loader.WebappClassLoaderBase.clearReferencesJdbc La aplicación web [ASaber] registró el conductor JDBC [com.mysql.jdbc.Driver] pero falló al anular el registro mientras la aplicación web estaba parada. Para prevenir un fallo de memoria, se ha anulado el registro del conductor JDBC por la fuerza.
05-Mar-2023 11:58:17.705 WARNING [http-nio-8080-exec-76] org.apache.catalina.loader.WebappClassLoaderBase.clearReferencesThreads The web application [ASaber] appears to have started a thread named [MySQL Statement Cancellation Timer] but has failed to stop it. This is very likely to create a memory leak. Stack trace of thread:
 java.base@17.0.2/java.lang.Object.wait(Native Method)
 java.base@17.0.2/java.lang.Object.wait(Object.java:338)
 java.base@17.0.2/java.util.TimerThread.mainLoop(Timer.java:537)
 java.base@17.0.2/java.util.TimerThread.run(Timer.java:516)
05-Mar-2023 11:58:17.801 INFO [http-nio-8080-exec-76] org.apache.jasper.servlet.TldScanner.scanJars Al menos un JAR, que se ha explorado buscando TLDs, aún no contenía TLDs. Activar historial de depuración para este historiador para una completa lista de los JARs que fueron explorados y de los que nos se halló TLDs. Saltarse JARs no necesarios durante la exploración puede dar lugar a una mejora de tiempo significativa en el arranque y compilación de JSP .
05-Mar-2023 11:58:17.808 INFO [http-nio-8080-exec-76] org.apache.catalina.core.StandardContext.reload Se ha completado la recarga de este Contexto
05-Mar-2023 12:17:24.474 INFO [main] org.apache.catalina.core.StandardServer.await Se ha recibido un comando de apagado a través del puerto de apagado. Parando la instancia del Servidor.
05-Mar-2023 12:17:24.475 INFO [main] org.apache.coyote.AbstractProtocol.pause Pausing ProtocolHandler ["http-nio-8080"]
05-Mar-2023 12:17:24.483 INFO [main] org.apache.catalina.core.StandardService.stopInternal Parando servicio [Catalina]
05-Mar-2023 12:17:24.493 WARNING [main] org.apache.catalina.loader.WebappClassLoaderBase.clearReferencesJdbc La aplicación web [ASaber] registró el conductor JDBC [com.mysql.jdbc.Driver] pero falló al anular el registro mientras la aplicación web estaba parada. Para prevenir un fallo de memoria, se ha anulado el registro del conductor JDBC por la fuerza.
05-Mar-2023 12:17:24.493 WARNING [main] org.apache.catalina.loader.WebappClassLoaderBase.clearReferencesThreads The web application [ASaber] appears to have started a thread named [MySQL Statement Cancellation Timer] but has failed to stop it. This is very likely to create a memory leak. Stack trace of thread:
 java.base@17.0.2/java.lang.Object.wait(Native Method)
 java.base@17.0.2/java.lang.Object.wait(Object.java:338)
 java.base@17.0.2/java.util.TimerThread.mainLoop(Timer.java:537)
 java.base@17.0.2/java.util.TimerThread.run(Timer.java:516)
05-Mar-2023 12:17:24.501 INFO [main] org.apache.coyote.AbstractProtocol.stop Stopping ProtocolHandler ["http-nio-8080"]
05-Mar-2023 12:17:24.522 INFO [main] org.apache.coyote.AbstractProtocol.destroy Destroying ProtocolHandler ["http-nio-8080"]
