24-May-2023 18:10:24.691 INFO [main] org.apache.catalina.startup.VersionLoggerListener.log Nombre de la versión del servidor: Apache Tomcat/9.0.60
24-May-2023 18:10:24.694 INFO [main] org.apache.catalina.startup.VersionLoggerListener.log Server built:                      Mar 9 2022 14:52:25 UTC
24-May-2023 18:10:24.694 INFO [main] org.apache.catalina.startup.VersionLoggerListener.log Número de versión de servidor:     9.0.60.0
24-May-2023 18:10:24.694 INFO [main] org.apache.catalina.startup.VersionLoggerListener.log OS Name:                           Windows 11
24-May-2023 18:10:24.694 INFO [main] org.apache.catalina.startup.VersionLoggerListener.log Versión de Systema Operativo:      10.0
24-May-2023 18:10:24.694 INFO [main] org.apache.catalina.startup.VersionLoggerListener.log Arquitectura:                      amd64
24-May-2023 18:10:24.694 INFO [main] org.apache.catalina.startup.VersionLoggerListener.log Java Home:                         C:\Program Files\Java\jdk-17.0.2
24-May-2023 18:10:24.694 INFO [main] org.apache.catalina.startup.VersionLoggerListener.log JVM Version:                       17.0.2+8-LTS-86
24-May-2023 18:10:24.694 INFO [main] org.apache.catalina.startup.VersionLoggerListener.log Vededor JVM:                       Oracle Corporation
24-May-2023 18:10:24.695 INFO [main] org.apache.catalina.startup.VersionLoggerListener.log CATALINA_BASE:                     C:\Users\NITRO\Desktop\administracionConjuntos\apache-tomcat-9.0.60
24-May-2023 18:10:24.695 INFO [main] org.apache.catalina.startup.VersionLoggerListener.log CATALINA_HOME:                     C:\Users\NITRO\Desktop\administracionConjuntos\apache-tomcat-9.0.60
24-May-2023 18:10:24.706 INFO [main] org.apache.catalina.startup.VersionLoggerListener.log Command line argument:             --add-opens=java.base/java.lang=ALL-UNNAMED
24-May-2023 18:10:24.706 INFO [main] org.apache.catalina.startup.VersionLoggerListener.log Command line argument:             --add-opens=java.base/java.io=ALL-UNNAMED
24-May-2023 18:10:24.706 INFO [main] org.apache.catalina.startup.VersionLoggerListener.log Command line argument:             --add-opens=java.base/java.util=ALL-UNNAMED
24-May-2023 18:10:24.706 INFO [main] org.apache.catalina.startup.VersionLoggerListener.log Command line argument:             --add-opens=java.base/java.util.concurrent=ALL-UNNAMED
24-May-2023 18:10:24.708 INFO [main] org.apache.catalina.startup.VersionLoggerListener.log Command line argument:             --add-opens=java.rmi/sun.rmi.transport=ALL-UNNAMED
24-May-2023 18:10:24.708 INFO [main] org.apache.catalina.startup.VersionLoggerListener.log Command line argument:             -Djava.util.logging.config.file=C:\Users\NITRO\Desktop\administracionConjuntos\apache-tomcat-9.0.60\conf\logging.properties
24-May-2023 18:10:24.708 INFO [main] org.apache.catalina.startup.VersionLoggerListener.log Command line argument:             -Djava.util.logging.manager=org.apache.juli.ClassLoaderLogManager
24-May-2023 18:10:24.708 INFO [main] org.apache.catalina.startup.VersionLoggerListener.log Command line argument:             -Dhttp.nonProxyHosts=localhost|127.0.0.1|DESKTOP-4M9M9EI
24-May-2023 18:10:24.708 INFO [main] org.apache.catalina.startup.VersionLoggerListener.log Command line argument:             -Djdk.tls.ephemeralDHKeySize=2048
24-May-2023 18:10:24.708 INFO [main] org.apache.catalina.startup.VersionLoggerListener.log Command line argument:             -Djava.protocol.handler.pkgs=org.apache.catalina.webresources
24-May-2023 18:10:24.708 INFO [main] org.apache.catalina.startup.VersionLoggerListener.log Command line argument:             -Dignore.endorsed.dirs=
24-May-2023 18:10:24.708 INFO [main] org.apache.catalina.startup.VersionLoggerListener.log Command line argument:             -Dcatalina.base=C:\Users\NITRO\Desktop\administracionConjuntos\apache-tomcat-9.0.60
24-May-2023 18:10:24.708 INFO [main] org.apache.catalina.startup.VersionLoggerListener.log Command line argument:             -Dcatalina.home=C:\Users\NITRO\Desktop\administracionConjuntos\apache-tomcat-9.0.60
24-May-2023 18:10:24.708 INFO [main] org.apache.catalina.startup.VersionLoggerListener.log Command line argument:             -Djava.io.tmpdir=C:\Users\NITRO\Desktop\administracionConjuntos\apache-tomcat-9.0.60\temp
24-May-2023 18:10:24.757 INFO [main] org.apache.catalina.core.AprLifecycleListener.lifecycleEvent Cargada la biblioteca nativa APR de Apache Tomcat [1.2.31] con la versión APR [1.7.0].
24-May-2023 18:10:24.757 INFO [main] org.apache.catalina.core.AprLifecycleListener.lifecycleEvent Capacidades APR: IPv6 [true], enviar fichero [true], aceptar filtros [false], aleatorio [true], UDS [true].
24-May-2023 18:10:24.757 INFO [main] org.apache.catalina.core.AprLifecycleListener.lifecycleEvent APR/OpenSSL configuration: useAprConnector [false], useOpenSSL [true]
24-May-2023 18:10:24.768 INFO [main] org.apache.catalina.core.AprLifecycleListener.initializeSSL OpenSSL inicializado correctamente [OpenSSL 1.1.1l  24 Aug 2021]
24-May-2023 18:10:25.086 INFO [main] org.apache.coyote.AbstractProtocol.init Inicializando el manejador de protocolo ["http-nio-8080"]

24-May-2023 18:10:25.119 INFO [main] org.apache.catalina.startup.Catalina.load Server initialization in [620] milliseconds
24-May-2023 18:10:25.195 INFO [main] org.apache.catalina.core.StandardService.startInternal Arrancando servicio [Catalina]
24-May-2023 18:10:25.196 INFO [main] org.apache.catalina.core.StandardEngine.startInternal Starting Servlet engine: [Apache Tomcat/9.0.60]
24-May-2023 18:10:25.210 INFO [main] org.apache.catalina.startup.HostConfig.deployDescriptor Desplieque del descriptor de configuración [C:\Users\NITRO\Desktop\administracionConjuntos\apache-tomcat-9.0.60\conf\Catalina\localhost\ASaber.xml]
24-May-2023 18:10:25.240 WARNING [main] org.apache.catalina.startup.HostConfig.deployDescriptor The path attribute with value [/ASaber] in deployment descriptor [C:\Users\NITRO\Desktop\administracionConjuntos\apache-tomcat-9.0.60\conf\Catalina\localhost\ASaber.xml] has been ignored
24-May-2023 18:10:25.780 INFO [main] org.apache.jasper.servlet.TldScanner.scanJars Al menos un JAR, que se ha explorado buscando TLDs, aún no contenía TLDs. Activar historial de depuración para este historiador para una completa lista de los JARs que fueron explorados y de los que nos se halló TLDs. Saltarse JARs no necesarios durante la exploración puede dar lugar a una mejora de tiempo significativa en el arranque y compilación de JSP .
24-May-2023 18:10:25.860 INFO [main] org.apache.catalina.startup.HostConfig.deployDescriptor Deployment of deployment descriptor [C:\Users\NITRO\Desktop\administracionConjuntos\apache-tomcat-9.0.60\conf\Catalina\localhost\ASaber.xml] has finished in [649] ms
24-May-2023 18:10:25.861 INFO [main] org.apache.catalina.startup.HostConfig.deployDescriptor Desplieque del descriptor de configuración [C:\Users\NITRO\Desktop\administracionConjuntos\apache-tomcat-9.0.60\conf\Catalina\localhost\ProyectoIntegrador.xml]
24-May-2023 18:10:25.862 WARNING [main] org.apache.catalina.startup.HostConfig.deployDescriptor The path attribute with value [/ProyectoIntegrador] in deployment descriptor [C:\Users\NITRO\Desktop\administracionConjuntos\apache-tomcat-9.0.60\conf\Catalina\localhost\ProyectoIntegrador.xml] has been ignored
24-May-2023 18:10:26.030 INFO [main] org.apache.jasper.servlet.TldScanner.scanJars Al menos un JAR, que se ha explorado buscando TLDs, aún no contenía TLDs. Activar historial de depuración para este historiador para una completa lista de los JARs que fueron explorados y de los que nos se halló TLDs. Saltarse JARs no necesarios durante la exploración puede dar lugar a una mejora de tiempo significativa en el arranque y compilación de JSP .
24-May-2023 18:10:26.035 INFO [main] org.apache.catalina.startup.HostConfig.deployDescriptor Deployment of deployment descriptor [C:\Users\NITRO\Desktop\administracionConjuntos\apache-tomcat-9.0.60\conf\Catalina\localhost\ProyectoIntegrador.xml] has finished in [174] ms
24-May-2023 18:10:26.035 INFO [main] org.apache.catalina.startup.HostConfig.deployDescriptor Desplieque del descriptor de configuración [C:\Users\NITRO\Desktop\administracionConjuntos\apache-tomcat-9.0.60\conf\Catalina\localhost\ProyectoMIPE.xml]
24-May-2023 18:10:26.035 WARNING [main] org.apache.catalina.startup.HostConfig.deployDescriptor The path attribute with value [/ProyectoMIPE] in deployment descriptor [C:\Users\NITRO\Desktop\administracionConjuntos\apache-tomcat-9.0.60\conf\Catalina\localhost\ProyectoMIPE.xml] has been ignored
24-May-2023 18:10:26.035 WARNING [main] org.apache.tomcat.util.digester.SetPropertiesRule.begin Match [Context] failed to set property [antiJARLocking] to [true]
24-May-2023 18:10:26.199 INFO [main] org.apache.catalina.startup.HostConfig.deployDescriptor Deployment of deployment descriptor [C:\Users\NITRO\Desktop\administracionConjuntos\apache-tomcat-9.0.60\conf\Catalina\localhost\ProyectoMIPE.xml] has finished in [164] ms
24-May-2023 18:10:26.200 INFO [main] org.apache.catalina.startup.HostConfig.deployDescriptor Desplieque del descriptor de configuración [C:\Users\NITRO\Desktop\administracionConjuntos\apache-tomcat-9.0.60\conf\Catalina\localhost\proyectoPlataforma.xml]
24-May-2023 18:10:26.201 WARNING [main] org.apache.catalina.startup.HostConfig.deployDescriptor The path attribute with value [/proyectoPlataforma] in deployment descriptor [C:\Users\NITRO\Desktop\administracionConjuntos\apache-tomcat-9.0.60\conf\Catalina\localhost\proyectoPlataforma.xml] has been ignored
24-May-2023 18:10:26.206 WARNING [main] org.apache.tomcat.util.digester.SetPropertiesRule.begin Match [Context] failed to set property [antiJARLocking] to [true]
24-May-2023 18:10:26.208 SEVERE [main] org.apache.catalina.startup.HostConfig.deployDescriptor Error durante el despliegue del descriptor de configuración [C:\Users\NITRO\Desktop\administracionConjuntos\apache-tomcat-9.0.60\conf\Catalina\localhost\proyectoPlataforma.xml]
	java.lang.IllegalStateException: Error starting child
		at org.apache.catalina.core.ContainerBase.addChildInternal(ContainerBase.java:729)
		at org.apache.catalina.core.ContainerBase.addChild(ContainerBase.java:698)
		at org.apache.catalina.core.StandardHost.addChild(StandardHost.java:696)
		at org.apache.catalina.startup.HostConfig.deployDescriptor(HostConfig.java:690)
		at org.apache.catalina.startup.HostConfig$DeployDescriptor.run(HostConfig.java:1889)
		at java.base/java.util.concurrent.Executors$RunnableAdapter.call(Executors.java:539)
		at java.base/java.util.concurrent.FutureTask.run(FutureTask.java:264)
		at org.apache.tomcat.util.threads.InlineExecutorService.execute(InlineExecutorService.java:75)
		at java.base/java.util.concurrent.AbstractExecutorService.submit(AbstractExecutorService.java:123)
		at org.apache.catalina.startup.HostConfig.deployDescriptors(HostConfig.java:583)
		at org.apache.catalina.startup.HostConfig.deployApps(HostConfig.java:473)
		at org.apache.catalina.startup.HostConfig.start(HostConfig.java:1618)
		at org.apache.catalina.startup.HostConfig.lifecycleEvent(HostConfig.java:319)
		at org.apache.catalina.util.LifecycleBase.fireLifecycleEvent(LifecycleBase.java:123)
		at org.apache.catalina.util.LifecycleBase.setStateInternal(LifecycleBase.java:423)
		at org.apache.catalina.util.LifecycleBase.setState(LifecycleBase.java:366)
		at org.apache.catalina.core.ContainerBase.startInternal(ContainerBase.java:946)
		at org.apache.catalina.core.StandardHost.startInternal(StandardHost.java:835)
		at org.apache.catalina.util.LifecycleBase.start(LifecycleBase.java:183)
		at org.apache.catalina.core.ContainerBase$StartChild.call(ContainerBase.java:1396)
		at org.apache.catalina.core.ContainerBase$StartChild.call(ContainerBase.java:1386)
		at java.base/java.util.concurrent.FutureTask.run(FutureTask.java:264)
		at org.apache.tomcat.util.threads.InlineExecutorService.execute(InlineExecutorService.java:75)
		at java.base/java.util.concurrent.AbstractExecutorService.submit(AbstractExecutorService.java:145)
		at org.apache.catalina.core.ContainerBase.startInternal(ContainerBase.java:919)
		at org.apache.catalina.core.StandardEngine.startInternal(StandardEngine.java:263)
		at org.apache.catalina.util.LifecycleBase.start(LifecycleBase.java:183)
		at org.apache.catalina.core.StandardService.startInternal(StandardService.java:432)
		at org.apache.catalina.util.LifecycleBase.start(LifecycleBase.java:183)
		at org.apache.catalina.core.StandardServer.startInternal(StandardServer.java:927)
		at org.apache.catalina.util.LifecycleBase.start(LifecycleBase.java:183)
		at org.apache.catalina.startup.Catalina.start(Catalina.java:772)
		at java.base/jdk.internal.reflect.NativeMethodAccessorImpl.invoke0(Native Method)
		at java.base/jdk.internal.reflect.NativeMethodAccessorImpl.invoke(NativeMethodAccessorImpl.java:77)
		at java.base/jdk.internal.reflect.DelegatingMethodAccessorImpl.invoke(DelegatingMethodAccessorImpl.java:43)
		at java.base/java.lang.reflect.Method.invoke(Method.java:568)
		at org.apache.catalina.startup.Bootstrap.start(Bootstrap.java:345)
		at org.apache.catalina.startup.Bootstrap.main(Bootstrap.java:476)
	Caused by: org.apache.catalina.LifecycleException: Failed to start component [org.apache.catalina.webresources.StandardRoot@1601e47]
		at org.apache.catalina.util.LifecycleBase.handleSubClassException(LifecycleBase.java:440)
		at org.apache.catalina.util.LifecycleBase.start(LifecycleBase.java:198)
		at org.apache.catalina.core.StandardContext.resourcesStart(StandardContext.java:4885)
		at org.apache.catalina.core.StandardContext.startInternal(StandardContext.java:5023)
		at org.apache.catalina.util.LifecycleBase.start(LifecycleBase.java:183)
		at org.apache.catalina.core.ContainerBase.addChildInternal(ContainerBase.java:726)
		... 37 more
	Caused by: java.lang.IllegalArgumentException: The main resource set specified [C:\Users\NITRO\Downloads\proyectoPlataforma-master\proyectoPlataforma-master\build\web] is not valid
		at org.apache.catalina.webresources.StandardRoot.createMainResourceSet(StandardRoot.java:762)
		at org.apache.catalina.webresources.StandardRoot.startInternal(StandardRoot.java:719)
		at org.apache.catalina.util.LifecycleBase.start(LifecycleBase.java:183)
		... 41 more
24-May-2023 18:10:26.261 INFO [main] org.apache.catalina.startup.HostConfig.deployDescriptor Deployment of deployment descriptor [C:\Users\NITRO\Desktop\administracionConjuntos\apache-tomcat-9.0.60\conf\Catalina\localhost\proyectoPlataforma.xml] has finished in [61] ms
24-May-2023 18:10:26.261 INFO [main] org.apache.catalina.startup.HostConfig.deployDescriptor Desplieque del descriptor de configuración [C:\Users\NITRO\Desktop\administracionConjuntos\apache-tomcat-9.0.60\conf\Catalina\localhost\ProyectoSigie.xml]
24-May-2023 18:10:26.263 WARNING [main] org.apache.catalina.startup.HostConfig.deployDescriptor The path attribute with value [/ProyectoSigie] in deployment descriptor [C:\Users\NITRO\Desktop\administracionConjuntos\apache-tomcat-9.0.60\conf\Catalina\localhost\ProyectoSigie.xml] has been ignored
24-May-2023 18:10:26.410 WARNING [main] org.apache.tomcat.util.digester.SetPropertiesRule.begin Match [Context] failed to set property [antiJARLocking] to [true]
24-May-2023 18:10:26.818 INFO [main] org.apache.jasper.servlet.TldScanner.scanJars Al menos un JAR, que se ha explorado buscando TLDs, aún no contenía TLDs. Activar historial de depuración para este historiador para una completa lista de los JARs que fueron explorados y de los que nos se halló TLDs. Saltarse JARs no necesarios durante la exploración puede dar lugar a una mejora de tiempo significativa en el arranque y compilación de JSP .
24-May-2023 18:10:26.820 INFO [main] org.apache.catalina.startup.HostConfig.deployDescriptor Deployment of deployment descriptor [C:\Users\NITRO\Desktop\administracionConjuntos\apache-tomcat-9.0.60\conf\Catalina\localhost\ProyectoSigie.xml] has finished in [559] ms
24-May-2023 18:10:26.821 INFO [main] org.apache.catalina.startup.HostConfig.deployDescriptor Desplieque del descriptor de configuración [C:\Users\NITRO\Desktop\administracionConjuntos\apache-tomcat-9.0.60\conf\Catalina\localhost\ROOT.xml]
24-May-2023 18:10:26.821 WARNING [main] org.apache.catalina.startup.HostConfig.deployDescriptor The path attribute with value [] in deployment descriptor [C:\Users\NITRO\Desktop\administracionConjuntos\apache-tomcat-9.0.60\conf\Catalina\localhost\ROOT.xml] has been ignored
24-May-2023 18:10:26.944 INFO [main] org.apache.jasper.servlet.TldScanner.scanJars Al menos un JAR, que se ha explorado buscando TLDs, aún no contenía TLDs. Activar historial de depuración para este historiador para una completa lista de los JARs que fueron explorados y de los que nos se halló TLDs. Saltarse JARs no necesarios durante la exploración puede dar lugar a una mejora de tiempo significativa en el arranque y compilación de JSP .
24-May-2023 18:10:26.959 INFO [main] org.apache.catalina.startup.HostConfig.deployDescriptor Deployment of deployment descriptor [C:\Users\NITRO\Desktop\administracionConjuntos\apache-tomcat-9.0.60\conf\Catalina\localhost\ROOT.xml] has finished in [138] ms
24-May-2023 18:10:26.960 INFO [main] org.apache.catalina.startup.HostConfig.deployDescriptor Desplieque del descriptor de configuración [C:\Users\NITRO\Desktop\administracionConjuntos\apache-tomcat-9.0.60\conf\Catalina\localhost\Sigie2.0.xml]
24-May-2023 18:10:26.961 WARNING [main] org.apache.catalina.startup.HostConfig.deployDescriptor The path attribute with value [/Sigie2.0] in deployment descriptor [C:\Users\NITRO\Desktop\administracionConjuntos\apache-tomcat-9.0.60\conf\Catalina\localhost\Sigie2.0.xml] has been ignored
24-May-2023 18:10:26.966 SEVERE [main] org.apache.catalina.startup.HostConfig.deployDescriptor Error durante el despliegue del descriptor de configuración [C:\Users\NITRO\Desktop\administracionConjuntos\apache-tomcat-9.0.60\conf\Catalina\localhost\Sigie2.0.xml]
	java.lang.IllegalStateException: Error starting child
		at org.apache.catalina.core.ContainerBase.addChildInternal(ContainerBase.java:729)
		at org.apache.catalina.core.ContainerBase.addChild(ContainerBase.java:698)
		at org.apache.catalina.core.StandardHost.addChild(StandardHost.java:696)
		at org.apache.catalina.startup.HostConfig.deployDescriptor(HostConfig.java:690)
		at org.apache.catalina.startup.HostConfig$DeployDescriptor.run(HostConfig.java:1889)
		at java.base/java.util.concurrent.Executors$RunnableAdapter.call(Executors.java:539)
		at java.base/java.util.concurrent.FutureTask.run(FutureTask.java:264)
		at org.apache.tomcat.util.threads.InlineExecutorService.execute(InlineExecutorService.java:75)
		at java.base/java.util.concurrent.AbstractExecutorService.submit(AbstractExecutorService.java:123)
		at org.apache.catalina.startup.HostConfig.deployDescriptors(HostConfig.java:583)
		at org.apache.catalina.startup.HostConfig.deployApps(HostConfig.java:473)
		at org.apache.catalina.startup.HostConfig.start(HostConfig.java:1618)
		at org.apache.catalina.startup.HostConfig.lifecycleEvent(HostConfig.java:319)
		at org.apache.catalina.util.LifecycleBase.fireLifecycleEvent(LifecycleBase.java:123)
		at org.apache.catalina.util.LifecycleBase.setStateInternal(LifecycleBase.java:423)
		at org.apache.catalina.util.LifecycleBase.setState(LifecycleBase.java:366)
		at org.apache.catalina.core.ContainerBase.startInternal(ContainerBase.java:946)
		at org.apache.catalina.core.StandardHost.startInternal(StandardHost.java:835)
		at org.apache.catalina.util.LifecycleBase.start(LifecycleBase.java:183)
		at org.apache.catalina.core.ContainerBase$StartChild.call(ContainerBase.java:1396)
		at org.apache.catalina.core.ContainerBase$StartChild.call(ContainerBase.java:1386)
		at java.base/java.util.concurrent.FutureTask.run(FutureTask.java:264)
		at org.apache.tomcat.util.threads.InlineExecutorService.execute(InlineExecutorService.java:75)
		at java.base/java.util.concurrent.AbstractExecutorService.submit(AbstractExecutorService.java:145)
		at org.apache.catalina.core.ContainerBase.startInternal(ContainerBase.java:919)
		at org.apache.catalina.core.StandardEngine.startInternal(StandardEngine.java:263)
		at org.apache.catalina.util.LifecycleBase.start(LifecycleBase.java:183)
		at org.apache.catalina.core.StandardService.startInternal(StandardService.java:432)
		at org.apache.catalina.util.LifecycleBase.start(LifecycleBase.java:183)
		at org.apache.catalina.core.StandardServer.startInternal(StandardServer.java:927)
		at org.apache.catalina.util.LifecycleBase.start(LifecycleBase.java:183)
		at org.apache.catalina.startup.Catalina.start(Catalina.java:772)
		at java.base/jdk.internal.reflect.NativeMethodAccessorImpl.invoke0(Native Method)
		at java.base/jdk.internal.reflect.NativeMethodAccessorImpl.invoke(NativeMethodAccessorImpl.java:77)
		at java.base/jdk.internal.reflect.DelegatingMethodAccessorImpl.invoke(DelegatingMethodAccessorImpl.java:43)
		at java.base/java.lang.reflect.Method.invoke(Method.java:568)
		at org.apache.catalina.startup.Bootstrap.start(Bootstrap.java:345)
		at org.apache.catalina.startup.Bootstrap.main(Bootstrap.java:476)
	Caused by: org.apache.catalina.LifecycleException: Failed to start component [org.apache.catalina.webresources.StandardRoot@22fba58c]
		at org.apache.catalina.util.LifecycleBase.handleSubClassException(LifecycleBase.java:440)
		at org.apache.catalina.util.LifecycleBase.start(LifecycleBase.java:198)
		at org.apache.catalina.core.StandardContext.resourcesStart(StandardContext.java:4885)
		at org.apache.catalina.core.StandardContext.startInternal(StandardContext.java:5023)
		at org.apache.catalina.util.LifecycleBase.start(LifecycleBase.java:183)
		at org.apache.catalina.core.ContainerBase.addChildInternal(ContainerBase.java:726)
		... 37 more
	Caused by: java.lang.IllegalArgumentException: The main resource set specified [C:\Users\NITRO\Downloads\04-03-2016\Sigie_2.0\Sigie_2.0\build\web] is not valid
		at org.apache.catalina.webresources.StandardRoot.createMainResourceSet(StandardRoot.java:762)
		at org.apache.catalina.webresources.StandardRoot.startInternal(StandardRoot.java:719)
		at org.apache.catalina.util.LifecycleBase.start(LifecycleBase.java:183)
		... 41 more
24-May-2023 18:10:26.980 INFO [main] org.apache.catalina.startup.HostConfig.deployDescriptor Deployment of deployment descriptor [C:\Users\NITRO\Desktop\administracionConjuntos\apache-tomcat-9.0.60\conf\Catalina\localhost\Sigie2.0.xml] has finished in [21] ms
24-May-2023 18:10:26.980 INFO [main] org.apache.catalina.startup.HostConfig.deployDescriptor Desplieque del descriptor de configuración [C:\Users\NITRO\Desktop\administracionConjuntos\apache-tomcat-9.0.60\conf\Catalina\localhost\WebApplication1.xml]
24-May-2023 18:10:26.982 WARNING [main] org.apache.catalina.startup.HostConfig.deployDescriptor The path attribute with value [/WebApplication1] in deployment descriptor [C:\Users\NITRO\Desktop\administracionConjuntos\apache-tomcat-9.0.60\conf\Catalina\localhost\WebApplication1.xml] has been ignored
24-May-2023 18:10:26.987 SEVERE [main] org.apache.catalina.startup.HostConfig.deployDescriptor Error durante el despliegue del descriptor de configuración [C:\Users\NITRO\Desktop\administracionConjuntos\apache-tomcat-9.0.60\conf\Catalina\localhost\WebApplication1.xml]
	java.lang.IllegalStateException: Error starting child
		at org.apache.catalina.core.ContainerBase.addChildInternal(ContainerBase.java:729)
		at org.apache.catalina.core.ContainerBase.addChild(ContainerBase.java:698)
		at org.apache.catalina.core.StandardHost.addChild(StandardHost.java:696)
		at org.apache.catalina.startup.HostConfig.deployDescriptor(HostConfig.java:690)
		at org.apache.catalina.startup.HostConfig$DeployDescriptor.run(HostConfig.java:1889)
		at java.base/java.util.concurrent.Executors$RunnableAdapter.call(Executors.java:539)
		at java.base/java.util.concurrent.FutureTask.run(FutureTask.java:264)
		at org.apache.tomcat.util.threads.InlineExecutorService.execute(InlineExecutorService.java:75)
		at java.base/java.util.concurrent.AbstractExecutorService.submit(AbstractExecutorService.java:123)
		at org.apache.catalina.startup.HostConfig.deployDescriptors(HostConfig.java:583)
		at org.apache.catalina.startup.HostConfig.deployApps(HostConfig.java:473)
		at org.apache.catalina.startup.HostConfig.start(HostConfig.java:1618)
		at org.apache.catalina.startup.HostConfig.lifecycleEvent(HostConfig.java:319)
		at org.apache.catalina.util.LifecycleBase.fireLifecycleEvent(LifecycleBase.java:123)
		at org.apache.catalina.util.LifecycleBase.setStateInternal(LifecycleBase.java:423)
		at org.apache.catalina.util.LifecycleBase.setState(LifecycleBase.java:366)
		at org.apache.catalina.core.ContainerBase.startInternal(ContainerBase.java:946)
		at org.apache.catalina.core.StandardHost.startInternal(StandardHost.java:835)
		at org.apache.catalina.util.LifecycleBase.start(LifecycleBase.java:183)
		at org.apache.catalina.core.ContainerBase$StartChild.call(ContainerBase.java:1396)
		at org.apache.catalina.core.ContainerBase$StartChild.call(ContainerBase.java:1386)
		at java.base/java.util.concurrent.FutureTask.run(FutureTask.java:264)
		at org.apache.tomcat.util.threads.InlineExecutorService.execute(InlineExecutorService.java:75)
		at java.base/java.util.concurrent.AbstractExecutorService.submit(AbstractExecutorService.java:145)
		at org.apache.catalina.core.ContainerBase.startInternal(ContainerBase.java:919)
		at org.apache.catalina.core.StandardEngine.startInternal(StandardEngine.java:263)
		at org.apache.catalina.util.LifecycleBase.start(LifecycleBase.java:183)
		at org.apache.catalina.core.StandardService.startInternal(StandardService.java:432)
		at org.apache.catalina.util.LifecycleBase.start(LifecycleBase.java:183)
		at org.apache.catalina.core.StandardServer.startInternal(StandardServer.java:927)
		at org.apache.catalina.util.LifecycleBase.start(LifecycleBase.java:183)
		at org.apache.catalina.startup.Catalina.start(Catalina.java:772)
		at java.base/jdk.internal.reflect.NativeMethodAccessorImpl.invoke0(Native Method)
		at java.base/jdk.internal.reflect.NativeMethodAccessorImpl.invoke(NativeMethodAccessorImpl.java:77)
		at java.base/jdk.internal.reflect.DelegatingMethodAccessorImpl.invoke(DelegatingMethodAccessorImpl.java:43)
		at java.base/java.lang.reflect.Method.invoke(Method.java:568)
		at org.apache.catalina.startup.Bootstrap.start(Bootstrap.java:345)
		at org.apache.catalina.startup.Bootstrap.main(Bootstrap.java:476)
	Caused by: org.apache.catalina.LifecycleException: Failed to start component [org.apache.catalina.webresources.StandardRoot@1917d90f]
		at org.apache.catalina.util.LifecycleBase.handleSubClassException(LifecycleBase.java:440)
		at org.apache.catalina.util.LifecycleBase.start(LifecycleBase.java:198)
		at org.apache.catalina.core.StandardContext.resourcesStart(StandardContext.java:4885)
		at org.apache.catalina.core.StandardContext.startInternal(StandardContext.java:5023)
		at org.apache.catalina.util.LifecycleBase.start(LifecycleBase.java:183)
		at org.apache.catalina.core.ContainerBase.addChildInternal(ContainerBase.java:726)
		... 37 more
	Caused by: java.lang.IllegalArgumentException: The main resource set specified [J:\Universidad\Semestre 6\PROYECTO INTEGRADOR\ProyectoIntegrador\PI6\WebApplication1\build\web] is not valid
		at org.apache.catalina.webresources.StandardRoot.createMainResourceSet(StandardRoot.java:762)
		at org.apache.catalina.webresources.StandardRoot.startInternal(StandardRoot.java:719)
		at org.apache.catalina.util.LifecycleBase.start(LifecycleBase.java:183)
		... 41 more
24-May-2023 18:10:27.048 INFO [main] org.apache.catalina.startup.HostConfig.deployDescriptor Deployment of deployment descriptor [C:\Users\NITRO\Desktop\administracionConjuntos\apache-tomcat-9.0.60\conf\Catalina\localhost\WebApplication1.xml] has finished in [67] ms
24-May-2023 18:10:27.048 INFO [main] org.apache.catalina.startup.HostConfig.deployDirectory Desplegando el directorio [C:\Users\NITRO\Desktop\administracionConjuntos\apache-tomcat-9.0.60\webapps\docs] de la aplicación web
24-May-2023 18:10:27.080 INFO [main] org.apache.catalina.startup.HostConfig.deployDirectory Deployment of web application directory [C:\Users\NITRO\Desktop\administracionConjuntos\apache-tomcat-9.0.60\webapps\docs] has finished in [32] ms
24-May-2023 18:10:27.080 INFO [main] org.apache.catalina.startup.HostConfig.deployDirectory Desplegando el directorio [C:\Users\NITRO\Desktop\administracionConjuntos\apache-tomcat-9.0.60\webapps\examples] de la aplicación web
24-May-2023 18:10:27.560 INFO [main] org.apache.catalina.startup.HostConfig.deployDirectory Deployment of web application directory [C:\Users\NITRO\Desktop\administracionConjuntos\apache-tomcat-9.0.60\webapps\examples] has finished in [479] ms
24-May-2023 18:10:27.560 INFO [main] org.apache.catalina.startup.HostConfig.deployDirectory Desplegando el directorio [C:\Users\NITRO\Desktop\administracionConjuntos\apache-tomcat-9.0.60\webapps\host-manager] de la aplicación web
24-May-2023 18:10:27.608 INFO [main] org.apache.catalina.startup.HostConfig.deployDirectory Deployment of web application directory [C:\Users\NITRO\Desktop\administracionConjuntos\apache-tomcat-9.0.60\webapps\host-manager] has finished in [47] ms
24-May-2023 18:10:27.608 INFO [main] org.apache.catalina.startup.HostConfig.deployDirectory Desplegando el directorio [C:\Users\NITRO\Desktop\administracionConjuntos\apache-tomcat-9.0.60\webapps\manager] de la aplicación web
24-May-2023 18:10:27.655 INFO [main] org.apache.catalina.startup.HostConfig.deployDirectory Deployment of web application directory [C:\Users\NITRO\Desktop\administracionConjuntos\apache-tomcat-9.0.60\webapps\manager] has finished in [47] ms
24-May-2023 18:10:27.662 INFO [main] org.apache.coyote.AbstractProtocol.start Starting ProtocolHandler ["http-nio-8080"]
24-May-2023 18:10:27.716 INFO [main] org.apache.catalina.startup.Catalina.start Server startup in [2598] milliseconds
24-May-2023 18:10:44.786 INFO [http-nio-8080-exec-6] org.apache.catalina.startup.HostConfig.undeploy Repliegue (undeploy) de la aplicación web que tiene como trayectoria de contexto []
24-May-2023 18:10:44.814 INFO [http-nio-8080-exec-3] org.apache.catalina.startup.HostConfig.deployDescriptor Desplieque del descriptor de configuración [C:\Users\NITRO\Desktop\administracionConjuntos\apache-tomcat-9.0.60\conf\Catalina\localhost\ROOT.xml]
24-May-2023 18:10:44.816 WARNING [http-nio-8080-exec-3] org.apache.catalina.startup.HostConfig.deployDescriptor The path attribute with value [] in deployment descriptor [C:\Users\NITRO\Desktop\administracionConjuntos\apache-tomcat-9.0.60\conf\Catalina\localhost\ROOT.xml] has been ignored
24-May-2023 18:10:44.950 INFO [http-nio-8080-exec-3] org.apache.jasper.servlet.TldScanner.scanJars Al menos un JAR, que se ha explorado buscando TLDs, aún no contenía TLDs. Activar historial de depuración para este historiador para una completa lista de los JARs que fueron explorados y de los que nos se halló TLDs. Saltarse JARs no necesarios durante la exploración puede dar lugar a una mejora de tiempo significativa en el arranque y compilación de JSP .
24-May-2023 18:10:44.954 INFO [http-nio-8080-exec-3] org.apache.catalina.startup.HostConfig.deployDescriptor Deployment of deployment descriptor [C:\Users\NITRO\Desktop\administracionConjuntos\apache-tomcat-9.0.60\conf\Catalina\localhost\ROOT.xml] has finished in [139] ms
24-May-2023 18:10:44.958 INFO [http-nio-8080-exec-1] org.apache.catalina.util.LifecycleBase.start The start() method was called on component [StandardEngine[Catalina].StandardHost[localhost].StandardContext[]] after start() had already been called. The second call will be ignored.
