17-May-2023 06:57:26.753 INFO [main] org.apache.catalina.core.ApplicationContext.log ContextListener: contextInitialized()
17-May-2023 06:57:26.753 INFO [main] org.apache.catalina.core.ApplicationContext.log SessionListener: contextInitialized()
17-May-2023 06:57:26.753 INFO [main] org.apache.catalina.core.ApplicationContext.log ContextListener: attributeAdded('StockTicker', 'async.Stockticker@5dbf5634')
17-May-2023 10:26:09.045 SEVERE [http-nio-8080-exec-143] org.apache.catalina.core.StandardWrapperValve.invoke Servlet.service() para servlet [MainController] lanz贸 excepci贸n
	java.lang.NullPointerException: Cannot invoke "String.hashCode()" because "<local6>" is null
		at Controller.MainController.doPost(MainController.java:98)
		at javax.servlet.http.HttpServlet.service(HttpServlet.java:681)
		at javax.servlet.http.HttpServlet.service(HttpServlet.java:764)
		at org.apache.catalina.core.ApplicationFilterChain.internalDoFilter(ApplicationFilterChain.java:227)
		at org.apache.catalina.core.ApplicationFilterChain.doFilter(ApplicationFilterChain.java:162)
		at org.apache.tomcat.websocket.server.WsFilter.doFilter(WsFilter.java:53)
		at org.apache.catalina.core.ApplicationFilterChain.internalDoFilter(ApplicationFilterChain.java:189)
		at org.apache.catalina.core.ApplicationFilterChain.doFilter(ApplicationFilterChain.java:162)
		at org.apache.catalina.core.StandardWrapperValve.invoke(StandardWrapperValve.java:197)
		at org.apache.catalina.core.StandardContextValve.invoke(StandardContextValve.java:97)
		at org.apache.catalina.authenticator.AuthenticatorBase.invoke(AuthenticatorBase.java:541)
		at org.apache.catalina.core.StandardHostValve.invoke(StandardHostValve.java:135)
		at org.apache.catalina.valves.ErrorReportValve.invoke(ErrorReportValve.java:92)
		at org.apache.catalina.valves.AbstractAccessLogValve.invoke(AbstractAccessLogValve.java:687)
		at org.apache.catalina.core.StandardEngineValve.invoke(StandardEngineValve.java:78)
		at org.apache.catalina.connector.CoyoteAdapter.service(CoyoteAdapter.java:360)
		at org.apache.coyote.http11.Http11Processor.service(Http11Processor.java:399)
		at org.apache.coyote.AbstractProcessorLight.process(AbstractProcessorLight.java:65)
		at org.apache.coyote.AbstractProtocol$ConnectionHandler.process(AbstractProtocol.java:889)
		at org.apache.tomcat.util.net.NioEndpoint$SocketProcessor.doRun(NioEndpoint.java:1743)
		at org.apache.tomcat.util.net.SocketProcessorBase.run(SocketProcessorBase.java:49)
		at org.apache.tomcat.util.threads.ThreadPoolExecutor.runWorker(ThreadPoolExecutor.java:1191)
		at org.apache.tomcat.util.threads.ThreadPoolExecutor$Worker.run(ThreadPoolExecutor.java:659)
		at org.apache.tomcat.util.threads.TaskThread$WrappingRunnable.run(TaskThread.java:61)
		at java.base/java.lang.Thread.run(Thread.java:833)
17-May-2023 10:58:29.779 SEVERE [http-nio-8080-exec-214] org.apache.catalina.core.StandardWrapperValve.invoke Servlet.service() para servlet [MainController] lanz贸 excepci贸n
	java.lang.NullPointerException: Cannot invoke "String.hashCode()" because "<local6>" is null
		at Controller.MainController.doPost(MainController.java:98)
		at javax.servlet.http.HttpServlet.service(HttpServlet.java:681)
		at javax.servlet.http.HttpServlet.service(HttpServlet.java:764)
		at org.apache.catalina.core.ApplicationFilterChain.internalDoFilter(ApplicationFilterChain.java:227)
		at org.apache.catalina.core.ApplicationFilterChain.doFilter(ApplicationFilterChain.java:162)
		at org.apache.tomcat.websocket.server.WsFilter.doFilter(WsFilter.java:53)
		at org.apache.catalina.core.ApplicationFilterChain.internalDoFilter(ApplicationFilterChain.java:189)
		at org.apache.catalina.core.ApplicationFilterChain.doFilter(ApplicationFilterChain.java:162)
		at org.apache.catalina.core.StandardWrapperValve.invoke(StandardWrapperValve.java:197)
		at org.apache.catalina.core.StandardContextValve.invoke(StandardContextValve.java:97)
		at org.apache.catalina.authenticator.AuthenticatorBase.invoke(AuthenticatorBase.java:541)
		at org.apache.catalina.core.StandardHostValve.invoke(StandardHostValve.java:135)
		at org.apache.catalina.valves.ErrorReportValve.invoke(ErrorReportValve.java:92)
		at org.apache.catalina.valves.AbstractAccessLogValve.invoke(AbstractAccessLogValve.java:687)
		at org.apache.catalina.core.StandardEngineValve.invoke(StandardEngineValve.java:78)
		at org.apache.catalina.connector.CoyoteAdapter.service(CoyoteAdapter.java:360)
		at org.apache.coyote.http11.Http11Processor.service(Http11Processor.java:399)
		at org.apache.coyote.AbstractProcessorLight.process(AbstractProcessorLight.java:65)
		at org.apache.coyote.AbstractProtocol$ConnectionHandler.process(AbstractProtocol.java:889)
		at org.apache.tomcat.util.net.NioEndpoint$SocketProcessor.doRun(NioEndpoint.java:1743)
		at org.apache.tomcat.util.net.SocketProcessorBase.run(SocketProcessorBase.java:49)
		at org.apache.tomcat.util.threads.ThreadPoolExecutor.runWorker(ThreadPoolExecutor.java:1191)
		at org.apache.tomcat.util.threads.ThreadPoolExecutor$Worker.run(ThreadPoolExecutor.java:659)
		at org.apache.tomcat.util.threads.TaskThread$WrappingRunnable.run(TaskThread.java:61)
		at java.base/java.lang.Thread.run(Thread.java:833)
17-May-2023 11:02:16.048 INFO [main] org.apache.catalina.core.ApplicationContext.log SessionListener: contextDestroyed()
17-May-2023 11:02:16.048 INFO [main] org.apache.catalina.core.ApplicationContext.log ContextListener: contextDestroyed()
17-May-2023 13:38:24.487 INFO [main] org.apache.catalina.core.ApplicationContext.log ContextListener: contextInitialized()
17-May-2023 13:38:24.488 INFO [main] org.apache.catalina.core.ApplicationContext.log SessionListener: contextInitialized()
17-May-2023 13:38:24.489 INFO [main] org.apache.catalina.core.ApplicationContext.log ContextListener: attributeAdded('StockTicker', 'async.Stockticker@1ab6718')
17-May-2023 15:52:46.586 INFO [main] org.apache.catalina.core.ApplicationContext.log SessionListener: contextDestroyed()
17-May-2023 15:52:46.586 INFO [main] org.apache.catalina.core.ApplicationContext.log ContextListener: contextDestroyed()
17-May-2023 20:12:36.500 INFO [main] org.apache.catalina.core.ApplicationContext.log ContextListener: contextInitialized()
17-May-2023 20:12:36.501 INFO [main] org.apache.catalina.core.ApplicationContext.log SessionListener: contextInitialized()
17-May-2023 20:12:36.503 INFO [main] org.apache.catalina.core.ApplicationContext.log ContextListener: attributeAdded('StockTicker', 'async.Stockticker@15ac59c2')
17-May-2023 20:26:22.859 INFO [main] org.apache.catalina.core.ApplicationContext.log SessionListener: contextDestroyed()
17-May-2023 20:26:22.859 INFO [main] org.apache.catalina.core.ApplicationContext.log ContextListener: contextDestroyed()
